=====================2017-04-12 02:35:15===========================
service_cost:37.147
time:12/Apr/2017:02:35:15 +0800
entrance_type:Mozilla/5.0 (Windows NT 10.0; WOW64) AppleWebKit/537.36 (KHTML, like Gecko) Chrome/57.0.2987.110 Safari/537.36
ourl:/sport/upuserlist/58eca466421aa9043f2bb082?UD=dWlkPTU4N2YzMTc2MmE0NjgwMGUwYThiNGVhOCZzaWQ9Y2VkNzJhODI4NWIwYWVlYWRmZjNmNzgyMDJiZDU0OGMmY2g9MTAwMDAmdj0xLjAuMC4wMCZwdD1oNSZkdj0xMTAwMDAwMjAxMjAmZGV2aWNldG9rZW49YjQyNTBhODBhZDY2M2Q0Y2IwOWMxY2QxYzdmZmRiZmIwZWE4ODA4NmUzN2IyZmNjNTk0ZWY0NWM5ODBlMzFhNw==&type=1
request_method:GET
cookie
client_ip:192.168.1.2
error_no:59
error_msg:find command not yet implemented
=====================2017-04-12 03:10:28===========================
service_cost:29.278
time:12/Apr/2017:03:10:28 +0800
entrance_type:Mozilla/5.0 (Windows NT 10.0; WOW64) AppleWebKit/537.36 (KHTML, like Gecko) Chrome/57.0.2987.110 Safari/537.36
ourl:/sport/upuserlist/58eca466421aa9043f2bb082?UD=dWlkPTU4N2YzMTc2MmE0NjgwMGUwYThiNGVhOCZzaWQ9Y2VkNzJhODI4NWIwYWVlYWRmZjNmNzgyMDJiZDU0OGMmY2g9MTAwMDAmdj0xLjAuMC4wMCZwdD1oNSZkdj0xMTAwMDAwMjAxMjAmZGV2aWNldG9rZW49YjQyNTBhODBhZDY2M2Q0Y2IwOWMxY2QxYzdmZmRiZmIwZWE4ODA4NmUzN2IyZmNjNTk0ZWY0NWM5ODBlMzFhNw==&type=1
request_method:GET
cookie
client_ip:192.168.1.2
error_no:59
error_msg:find command not yet implemented
=====================2017-04-12 03:11:16===========================
service_cost:57.139
time:12/Apr/2017:03:11:16 +0800
entrance_type:Mozilla/5.0 (Windows NT 10.0; WOW64) AppleWebKit/537.36 (KHTML, like Gecko) Chrome/57.0.2987.110 Safari/537.36
ourl:/sport/upuserlist/58eca466421aa9043f2bb082?UD=dWlkPTU4N2YzMTc2MmE0NjgwMGUwYThiNGVhOCZzaWQ9Y2VkNzJhODI4NWIwYWVlYWRmZjNmNzgyMDJiZDU0OGMmY2g9MTAwMDAmdj0xLjAuMC4wMCZwdD1oNSZkdj0xMTAwMDAwMjAxMjAmZGV2aWNldG9rZW49YjQyNTBhODBhZDY2M2Q0Y2IwOWMxY2QxYzdmZmRiZmIwZWE4ODA4NmUzN2IyZmNjNTk0ZWY0NWM5ODBlMzFhNw==&type=1
request_method:GET
cookie
client_ip:192.168.1.2
error_no:59
error_msg:find command not yet implemented
=====================2017-04-12 03:11:17===========================
service_cost:71.764
time:12/Apr/2017:03:11:17 +0800
entrance_type:Mozilla/5.0 (Windows NT 10.0; WOW64) AppleWebKit/537.36 (KHTML, like Gecko) Chrome/57.0.2987.110 Safari/537.36
ourl:/sport/upuserlist/58eca466421aa9043f2bb082?UD=dWlkPTU4N2YzMTc2MmE0NjgwMGUwYThiNGVhOCZzaWQ9Y2VkNzJhODI4NWIwYWVlYWRmZjNmNzgyMDJiZDU0OGMmY2g9MTAwMDAmdj0xLjAuMC4wMCZwdD1oNSZkdj0xMTAwMDAwMjAxMjAmZGV2aWNldG9rZW49YjQyNTBhODBhZDY2M2Q0Y2IwOWMxY2QxYzdmZmRiZmIwZWE4ODA4NmUzN2IyZmNjNTk0ZWY0NWM5ODBlMzFhNw==&type=1
request_method:GET
cookie
client_ip:192.168.1.2
error_no:59
error_msg:find command not yet implemented
=====================2017-04-12 03:14:44===========================
service_cost:32.305
time:12/Apr/2017:03:14:44 +0800
entrance_type:Mozilla/5.0 (Windows NT 10.0; WOW64) AppleWebKit/537.36 (KHTML, like Gecko) Chrome/57.0.2987.110 Safari/537.36
ourl:/sport/upuserlist/58eca466421aa9043f2bb082?UD=dWlkPTU4N2YzMTc2MmE0NjgwMGUwYThiNGVhOCZzaWQ9Y2VkNzJhODI4NWIwYWVlYWRmZjNmNzgyMDJiZDU0OGMmY2g9MTAwMDAmdj0xLjAuMC4wMCZwdD1oNSZkdj0xMTAwMDAwMjAxMjAmZGV2aWNldG9rZW49YjQyNTBhODBhZDY2M2Q0Y2IwOWMxY2QxYzdmZmRiZmIwZWE4ODA4NmUzN2IyZmNjNTk0ZWY0NWM5ODBlMzFhNw==&type=1
request_method:GET
cookie
client_ip:192.168.1.2
error_no:59
error_msg:find command not yet implemented
=====================2017-04-12 03:16:58===========================
service_cost:66.319
time:12/Apr/2017:03:16:58 +0800
entrance_type:Mozilla/5.0 (Windows NT 10.0; WOW64) AppleWebKit/537.36 (KHTML, like Gecko) Chrome/57.0.2987.110 Safari/537.36
ourl:/sport/upuserlist/58eca466421aa9043f2bb082?UD=dWlkPTU4N2YzMTc2MmE0NjgwMGUwYThiNGVhOCZzaWQ9Y2VkNzJhODI4NWIwYWVlYWRmZjNmNzgyMDJiZDU0OGMmY2g9MTAwMDAmdj0xLjAuMC4wMCZwdD1oNSZkdj0xMTAwMDAwMjAxMjAmZGV2aWNldG9rZW49YjQyNTBhODBhZDY2M2Q0Y2IwOWMxY2QxYzdmZmRiZmIwZWE4ODA4NmUzN2IyZmNjNTk0ZWY0NWM5ODBlMzFhNw==&type=1
request_method:GET
cookie
client_ip:192.168.1.2
error_no:59
error_msg:find command not yet implemented
=====================2017-04-12 03:16:58===========================
service_cost:29.937
time:12/Apr/2017:03:16:58 +0800
entrance_type:Mozilla/5.0 (Windows NT 10.0; WOW64) AppleWebKit/537.36 (KHTML, like Gecko) Chrome/57.0.2987.110 Safari/537.36
ourl:/sport/upuserlist/58eca466421aa9043f2bb082?UD=dWlkPTU4N2YzMTc2MmE0NjgwMGUwYThiNGVhOCZzaWQ9Y2VkNzJhODI4NWIwYWVlYWRmZjNmNzgyMDJiZDU0OGMmY2g9MTAwMDAmdj0xLjAuMC4wMCZwdD1oNSZkdj0xMTAwMDAwMjAxMjAmZGV2aWNldG9rZW49YjQyNTBhODBhZDY2M2Q0Y2IwOWMxY2QxYzdmZmRiZmIwZWE4ODA4NmUzN2IyZmNjNTk0ZWY0NWM5ODBlMzFhNw==&type=1
request_method:GET
cookie
client_ip:192.168.1.2
error_no:59
error_msg:find command not yet implemented
=====================2017-04-12 03:32:00===========================
service_cost:140.055
time:12/Apr/2017:03:32:00 +0800
entrance_type:Mozilla/5.0 (Windows NT 10.0; WOW64) AppleWebKit/537.36 (KHTML, like Gecko) Chrome/57.0.2987.110 Safari/537.36
ourl:/sport/upuserlist/58eca466421aa9043f2bb082?UD=dWlkPTU4N2YzMTc2MmE0NjgwMGUwYThiNGVhOCZzaWQ9Y2VkNzJhODI4NWIwYWVlYWRmZjNmNzgyMDJiZDU0OGMmY2g9MTAwMDAmdj0xLjAuMC4wMCZwdD1oNSZkdj0xMTAwMDAwMjAxMjAmZGV2aWNldG9rZW49YjQyNTBhODBhZDY2M2Q0Y2IwOWMxY2QxYzdmZmRiZmIwZWE4ODA4NmUzN2IyZmNjNTk0ZWY0NWM5ODBlMzFhNw==&type=1
request_method:GET
cookie
client_ip:192.168.1.2
error_no:13111
error_msg:exception: wrong type for field (pipeline) 3 != 4
=====================2017-04-12 03:32:29===========================
service_cost:31.941
time:12/Apr/2017:03:32:29 +0800
entrance_type:Mozilla/5.0 (Windows NT 10.0; WOW64) AppleWebKit/537.36 (KHTML, like Gecko) Chrome/57.0.2987.110 Safari/537.36
ourl:/sport/upuserlist/58eca466421aa9043f2bb082?UD=dWlkPTU4N2YzMTc2MmE0NjgwMGUwYThiNGVhOCZzaWQ9Y2VkNzJhODI4NWIwYWVlYWRmZjNmNzgyMDJiZDU0OGMmY2g9MTAwMDAmdj0xLjAuMC4wMCZwdD1oNSZkdj0xMTAwMDAwMjAxMjAmZGV2aWNldG9rZW49YjQyNTBhODBhZDY2M2Q0Y2IwOWMxY2QxYzdmZmRiZmIwZWE4ODA4NmUzN2IyZmNjNTk0ZWY0NWM5ODBlMzFhNw==&type=1
request_method:GET
cookie
client_ip:192.168.1.2
error_no:15952
error_msg:exception: unknown group operator '$slice'
=====================2017-04-12 03:39:07===========================
service_cost:13.326
time:12/Apr/2017:03:39:07 +0800
entrance_type:Mozilla/5.0 (Windows NT 10.0; WOW64) AppleWebKit/537.36 (KHTML, like Gecko) Chrome/57.0.2987.110 Safari/537.36
ourl:/sport/upuserlist/58eca466421aa9043f2bb082?UD=dWlkPTU4N2YzMTc2MmE0NjgwMGUwYThiNGVhOCZzaWQ9Y2VkNzJhODI4NWIwYWVlYWRmZjNmNzgyMDJiZDU0OGMmY2g9MTAwMDAmdj0xLjAuMC4wMCZwdD1oNSZkdj0xMTAwMDAwMjAxMjAmZGV2aWNldG9rZW49YjQyNTBhODBhZDY2M2Q0Y2IwOWMxY2QxYzdmZmRiZmIwZWE4ODA4NmUzN2IyZmNjNTk0ZWY0NWM5ODBlMzFhNw==&type=1
request_method:GET
cookie
client_ip:192.168.1.2
error_no:40237
error_msg:The $slice accumulator is a unary operator
=====================2017-04-12 03:39:52===========================
service_cost:0.525
time:12/Apr/2017:03:39:52 +0800
entrance_type:Mozilla/5.0 (Windows NT 10.0; WOW64) AppleWebKit/537.36 (KHTML, like Gecko) Chrome/57.0.2987.110 Safari/537.36
ourl:/sport/upuserlist/58eca466421aa9043f2bb082?UD=dWlkPTU4N2YzMTc2MmE0NjgwMGUwYThiNGVhOCZzaWQ9Y2VkNzJhODI4NWIwYWVlYWRmZjNmNzgyMDJiZDU0OGMmY2g9MTAwMDAmdj0xLjAuMC4wMCZwdD1oNSZkdj0xMTAwMDAwMjAxMjAmZGV2aWNldG9rZW49YjQyNTBhODBhZDY2M2Q0Y2IwOWMxY2QxYzdmZmRiZmIwZWE4ODA4NmUzN2IyZmNjNTk0ZWY0NWM5ODBlMzFhNw==&type=1
request_method:GET
cookie
client_ip:192.168.1.2
error_no:40237
error_msg:The $slice accumulator is a unary operator
=====================2017-04-12 03:41:51===========================
service_cost:0.57499999999999
time:12/Apr/2017:03:41:51 +0800
entrance_type:Mozilla/5.0 (Windows NT 10.0; WOW64) AppleWebKit/537.36 (KHTML, like Gecko) Chrome/57.0.2987.110 Safari/537.36
ourl:/sport/upuserlist/58eca466421aa9043f2bb082?UD=dWlkPTU4N2YzMTc2MmE0NjgwMGUwYThiNGVhOCZzaWQ9Y2VkNzJhODI4NWIwYWVlYWRmZjNmNzgyMDJiZDU0OGMmY2g9MTAwMDAmdj0xLjAuMC4wMCZwdD1oNSZkdj0xMTAwMDAwMjAxMjAmZGV2aWNldG9rZW49YjQyNTBhODBhZDY2M2Q0Y2IwOWMxY2QxYzdmZmRiZmIwZWE4ODA4NmUzN2IyZmNjNTk0ZWY0NWM5ODBlMzFhNw==&type=1
request_method:GET
cookie
client_ip:192.168.1.2
error_no:40234
error_msg:The field '$slice' must be an accumulator object
=====================2017-04-12 03:42:01===========================
service_cost:0.51099999999993
time:12/Apr/2017:03:42:01 +0800
entrance_type:Mozilla/5.0 (Windows NT 10.0; WOW64) AppleWebKit/537.36 (KHTML, like Gecko) Chrome/57.0.2987.110 Safari/537.36
ourl:/sport/upuserlist/58eca466421aa9043f2bb082?UD=dWlkPTU4N2YzMTc2MmE0NjgwMGUwYThiNGVhOCZzaWQ9Y2VkNzJhODI4NWIwYWVlYWRmZjNmNzgyMDJiZDU0OGMmY2g9MTAwMDAmdj0xLjAuMC4wMCZwdD1oNSZkdj0xMTAwMDAwMjAxMjAmZGV2aWNldG9rZW49YjQyNTBhODBhZDY2M2Q0Y2IwOWMxY2QxYzdmZmRiZmIwZWE4ODA4NmUzN2IyZmNjNTk0ZWY0NWM5ODBlMzFhNw==&type=1
request_method:GET
cookie
client_ip:192.168.1.2
error_no:40234
error_msg:The field '$slice' must be an accumulator object
=====================2017-04-12 03:42:08===========================
service_cost:0.62399999999996
time:12/Apr/2017:03:42:08 +0800
entrance_type:Mozilla/5.0 (Windows NT 10.0; WOW64) AppleWebKit/537.36 (KHTML, like Gecko) Chrome/57.0.2987.110 Safari/537.36
ourl:/sport/upuserlist/58eca466421aa9043f2bb082?UD=dWlkPTU4N2YzMTc2MmE0NjgwMGUwYThiNGVhOCZzaWQ9Y2VkNzJhODI4NWIwYWVlYWRmZjNmNzgyMDJiZDU0OGMmY2g9MTAwMDAmdj0xLjAuMC4wMCZwdD1oNSZkdj0xMTAwMDAwMjAxMjAmZGV2aWNldG9rZW49YjQyNTBhODBhZDY2M2Q0Y2IwOWMxY2QxYzdmZmRiZmIwZWE4ODA4NmUzN2IyZmNjNTk0ZWY0NWM5ODBlMzFhNw==&type=1
request_method:GET
cookie
client_ip:192.168.1.2
error_no:40234
error_msg:The field 'slice' must be an accumulator object
=====================2017-04-12 03:42:15===========================
service_cost:0.51100000000004
time:12/Apr/2017:03:42:15 +0800
entrance_type:Mozilla/5.0 (Windows NT 10.0; WOW64) AppleWebKit/537.36 (KHTML, like Gecko) Chrome/57.0.2987.110 Safari/537.36
ourl:/sport/upuserlist/58eca466421aa9043f2bb082?UD=dWlkPTU4N2YzMTc2MmE0NjgwMGUwYThiNGVhOCZzaWQ9Y2VkNzJhODI4NWIwYWVlYWRmZjNmNzgyMDJiZDU0OGMmY2g9MTAwMDAmdj0xLjAuMC4wMCZwdD1oNSZkdj0xMTAwMDAwMjAxMjAmZGV2aWNldG9rZW49YjQyNTBhODBhZDY2M2Q0Y2IwOWMxY2QxYzdmZmRiZmIwZWE4ODA4NmUzN2IyZmNjNTk0ZWY0NWM5ODBlMzFhNw==&type=1
request_method:GET
cookie
client_ip:192.168.1.2
error_no:40234
error_msg:The field '$slice' must be an accumulator object
=====================2017-04-12 03:43:44===========================
service_cost:0.71699999999997
time:12/Apr/2017:03:43:44 +0800
entrance_type:Mozilla/5.0 (Windows NT 10.0; WOW64) AppleWebKit/537.36 (KHTML, like Gecko) Chrome/57.0.2987.110 Safari/537.36
ourl:/sport/upuserlist/58eca466421aa9043f2bb082?UD=dWlkPTU4N2YzMTc2MmE0NjgwMGUwYThiNGVhOCZzaWQ9Y2VkNzJhODI4NWIwYWVlYWRmZjNmNzgyMDJiZDU0OGMmY2g9MTAwMDAmdj0xLjAuMC4wMCZwdD1oNSZkdj0xMTAwMDAwMjAxMjAmZGV2aWNldG9rZW49YjQyNTBhODBhZDY2M2Q0Y2IwOWMxY2QxYzdmZmRiZmIwZWE4ODA4NmUzN2IyZmNjNTk0ZWY0NWM5ODBlMzFhNw==&type=1
request_method:GET
cookie
client_ip:192.168.1.2
error_no:40324
error_msg:Unrecognized pipeline stage name: '$slice'
=====================2017-04-12 03:44:25===========================
service_cost:0.50100000000003
time:12/Apr/2017:03:44:25 +0800
entrance_type:Mozilla/5.0 (Windows NT 10.0; WOW64) AppleWebKit/537.36 (KHTML, like Gecko) Chrome/57.0.2987.110 Safari/537.36
ourl:/sport/upuserlist/58eca466421aa9043f2bb082?UD=dWlkPTU4N2YzMTc2MmE0NjgwMGUwYThiNGVhOCZzaWQ9Y2VkNzJhODI4NWIwYWVlYWRmZjNmNzgyMDJiZDU0OGMmY2g9MTAwMDAmdj0xLjAuMC4wMCZwdD1oNSZkdj0xMTAwMDAwMjAxMjAmZGV2aWNldG9rZW49YjQyNTBhODBhZDY2M2Q0Y2IwOWMxY2QxYzdmZmRiZmIwZWE4ODA4NmUzN2IyZmNjNTk0ZWY0NWM5ODBlMzFhNw==&type=1
request_method:GET
cookie
client_ip:192.168.1.2
error_no:40323
error_msg:A pipeline stage specification object must contain exactly one field.
=====================2017-04-12 03:44:50===========================
service_cost:0.70400000000001
time:12/Apr/2017:03:44:50 +0800
entrance_type:Mozilla/5.0 (Windows NT 10.0; WOW64) AppleWebKit/537.36 (KHTML, like Gecko) Chrome/57.0.2987.110 Safari/537.36
ourl:/sport/upuserlist/58eca466421aa9043f2bb082?UD=dWlkPTU4N2YzMTc2MmE0NjgwMGUwYThiNGVhOCZzaWQ9Y2VkNzJhODI4NWIwYWVlYWRmZjNmNzgyMDJiZDU0OGMmY2g9MTAwMDAmdj0xLjAuMC4wMCZwdD1oNSZkdj0xMTAwMDAwMjAxMjAmZGV2aWNldG9rZW49YjQyNTBhODBhZDY2M2Q0Y2IwOWMxY2QxYzdmZmRiZmIwZWE4ODA4NmUzN2IyZmNjNTk0ZWY0NWM5ODBlMzFhNw==&type=1
request_method:GET
cookie
client_ip:192.168.1.2
error_no:40323
error_msg:A pipeline stage specification object must contain exactly one field.
=====================2017-04-12 03:45:28===========================
service_cost:0.87300000000001
time:12/Apr/2017:03:45:28 +0800
entrance_type:Mozilla/5.0 (Windows NT 10.0; WOW64) AppleWebKit/537.36 (KHTML, like Gecko) Chrome/57.0.2987.110 Safari/537.36
ourl:/sport/upuserlist/58eca466421aa9043f2bb082?UD=dWlkPTU4N2YzMTc2MmE0NjgwMGUwYThiNGVhOCZzaWQ9Y2VkNzJhODI4NWIwYWVlYWRmZjNmNzgyMDJiZDU0OGMmY2g9MTAwMDAmdj0xLjAuMC4wMCZwdD1oNSZkdj0xMTAwMDAwMjAxMjAmZGV2aWNldG9rZW49YjQyNTBhODBhZDY2M2Q0Y2IwOWMxY2QxYzdmZmRiZmIwZWE4ODA4NmUzN2IyZmNjNTk0ZWY0NWM5ODBlMzFhNw==&type=1
request_method:GET
cookie
client_ip:192.168.1.2
error_no:40323
error_msg:A pipeline stage specification object must contain exactly one field.
=====================2017-04-12 03:46:41===========================
service_cost:0.61199999999995
time:12/Apr/2017:03:46:41 +0800
entrance_type:Mozilla/5.0 (Windows NT 10.0; WOW64) AppleWebKit/537.36 (KHTML, like Gecko) Chrome/57.0.2987.110 Safari/537.36
ourl:/sport/upuserlist/58eca466421aa9043f2bb082?UD=dWlkPTU4N2YzMTc2MmE0NjgwMGUwYThiNGVhOCZzaWQ9Y2VkNzJhODI4NWIwYWVlYWRmZjNmNzgyMDJiZDU0OGMmY2g9MTAwMDAmdj0xLjAuMC4wMCZwdD1oNSZkdj0xMTAwMDAwMjAxMjAmZGV2aWNldG9rZW49YjQyNTBhODBhZDY2M2Q0Y2IwOWMxY2QxYzdmZmRiZmIwZWE4ODA4NmUzN2IyZmNjNTk0ZWY0NWM5ODBlMzFhNw==&type=1
request_method:GET
cookie
client_ip:192.168.1.2
error_no:40237
error_msg:The $slice accumulator is a unary operator
=====================2017-04-12 03:46:42===========================
service_cost:0.50300000000003
time:12/Apr/2017:03:46:42 +0800
entrance_type:Mozilla/5.0 (Windows NT 10.0; WOW64) AppleWebKit/537.36 (KHTML, like Gecko) Chrome/57.0.2987.110 Safari/537.36
ourl:/sport/upuserlist/58eca466421aa9043f2bb082?UD=dWlkPTU4N2YzMTc2MmE0NjgwMGUwYThiNGVhOCZzaWQ9Y2VkNzJhODI4NWIwYWVlYWRmZjNmNzgyMDJiZDU0OGMmY2g9MTAwMDAmdj0xLjAuMC4wMCZwdD1oNSZkdj0xMTAwMDAwMjAxMjAmZGV2aWNldG9rZW49YjQyNTBhODBhZDY2M2Q0Y2IwOWMxY2QxYzdmZmRiZmIwZWE4ODA4NmUzN2IyZmNjNTk0ZWY0NWM5ODBlMzFhNw==&type=1
request_method:GET
cookie
client_ip:192.168.1.2
error_no:40237
error_msg:The $slice accumulator is a unary operator
=====================2017-04-12 03:48:36===========================
service_cost:0.53199999999998
time:12/Apr/2017:03:48:36 +0800
entrance_type:Mozilla/5.0 (Windows NT 10.0; WOW64) AppleWebKit/537.36 (KHTML, like Gecko) Chrome/57.0.2987.110 Safari/537.36
ourl:/sport/upuserlist/58eca466421aa9043f2bb082?UD=dWlkPTU4N2YzMTc2MmE0NjgwMGUwYThiNGVhOCZzaWQ9Y2VkNzJhODI4NWIwYWVlYWRmZjNmNzgyMDJiZDU0OGMmY2g9MTAwMDAmdj0xLjAuMC4wMCZwdD1oNSZkdj0xMTAwMDAwMjAxMjAmZGV2aWNldG9rZW49YjQyNTBhODBhZDY2M2Q0Y2IwOWMxY2QxYzdmZmRiZmIwZWE4ODA4NmUzN2IyZmNjNTk0ZWY0NWM5ODBlMzFhNw==&type=1
request_method:GET
cookie
client_ip:192.168.1.2
error_no:40237
error_msg:The $slice accumulator is a unary operator
=====================2017-04-12 03:49:16===========================
service_cost:0.702
time:12/Apr/2017:03:49:16 +0800
entrance_type:Mozilla/5.0 (Windows NT 10.0; WOW64) AppleWebKit/537.36 (KHTML, like Gecko) Chrome/57.0.2987.110 Safari/537.36
ourl:/sport/upuserlist/58eca466421aa9043f2bb082?UD=dWlkPTU4N2YzMTc2MmE0NjgwMGUwYThiNGVhOCZzaWQ9Y2VkNzJhODI4NWIwYWVlYWRmZjNmNzgyMDJiZDU0OGMmY2g9MTAwMDAmdj0xLjAuMC4wMCZwdD1oNSZkdj0xMTAwMDAwMjAxMjAmZGV2aWNldG9rZW49YjQyNTBhODBhZDY2M2Q0Y2IwOWMxY2QxYzdmZmRiZmIwZWE4ODA4NmUzN2IyZmNjNTk0ZWY0NWM5ODBlMzFhNw==&type=1
request_method:GET
cookie
client_ip:192.168.1.2
error_no:15952
error_msg:unknown group operator '$size'
=====================2017-04-12 03:55:49===========================
service_cost:0.64600000000001
time:12/Apr/2017:03:55:49 +0800
entrance_type:Mozilla/5.0 (Windows NT 10.0; WOW64) AppleWebKit/537.36 (KHTML, like Gecko) Chrome/57.0.2987.110 Safari/537.36
ourl:/sport/upuserlist/58eca466421aa9043f2bb082?UD=dWlkPTU4N2YzMTc2MmE0NjgwMGUwYThiNGVhOCZzaWQ9Y2VkNzJhODI4NWIwYWVlYWRmZjNmNzgyMDJiZDU0OGMmY2g9MTAwMDAmdj0xLjAuMC4wMCZwdD1oNSZkdj0xMTAwMDAwMjAxMjAmZGV2aWNldG9rZW49YjQyNTBhODBhZDY2M2Q0Y2IwOWMxY2QxYzdmZmRiZmIwZWE4ODA4NmUzN2IyZmNjNTk0ZWY0NWM5ODBlMzFhNw==&type=1
request_method:GET
cookie
client_ip:192.168.1.2
error_no:15952
error_msg:unknown group operator '$size'
=====================2017-04-12 04:09:08===========================
service_cost:18.819
time:12/Apr/2017:04:09:08 +0800
entrance_type:Mozilla/5.0 (Windows NT 10.0; WOW64) AppleWebKit/537.36 (KHTML, like Gecko) Chrome/57.0.2987.110 Safari/537.36
ourl:/sport/upuserlist/58eca466421aa9043f2bb082?UD=dWlkPTU4N2YzMTc2MmE0NjgwMGUwYThiNGVhOCZzaWQ9Y2VkNzJhODI4NWIwYWVlYWRmZjNmNzgyMDJiZDU0OGMmY2g9MTAwMDAmdj0xLjAuMC4wMCZwdD1oNSZkdj0xMTAwMDAwMjAxMjAmZGV2aWNldG9rZW49YjQyNTBhODBhZDY2M2Q0Y2IwOWMxY2QxYzdmZmRiZmIwZWE4ODA4NmUzN2IyZmNjNTk0ZWY0NWM5ODBlMzFhNw==&type=1
request_method:GET
cookie
client_ip:192.168.1.2
error_no
error_msg:success
