=====================2017-04-11 09:49:12===========================
service_cost:58.111
time:11/Apr/2017:09:49:12 +0800
entrance_type:Mozilla/5.0 (Windows NT 10.0; WOW64) AppleWebKit/537.36 (KHTML, like Gecko) Chrome/57.0.2987.110 Safari/537.36
ourl:/rank/rankinfo?UD=dWlkPTU4N2YzMTc2MmE0NjgwMGUwYThiNGVhOCZzaWQ9Y2VkNzJhODI4NWIwYWVlYWRmZjNmNzgyMDJiZDU0OGMmY2g9MTAwMDAmdj0xLjAuMC4wMCZwdD1oNSZkdj0xMTAwMDAwMjAxMjAmZGV2aWNldG9rZW49YjQyNTBhODBhZDY2M2Q0Y2IwOWMxY2QxYzdmZmRiZmIwZWE4ODA4NmUzN2IyZmNjNTk0ZWY0NWM5ODBlMzFhNw==&type=1
request_method:GET
cookie
client_ip:192.168.1.2
error_no
error_msg:success
=====================2017-04-11 09:49:33===========================
service_cost:44.322
time:11/Apr/2017:09:49:33 +0800
entrance_type:Mozilla/5.0 (Windows NT 10.0; WOW64) AppleWebKit/537.36 (KHTML, like Gecko) Chrome/57.0.2987.110 Safari/537.36
ourl:/rank/rankinfo?UD=dWlkPTU4N2YzMTc2MmE0NjgwMGUwYThiNGVhOCZzaWQ9Y2VkNzJhODI4NWIwYWVlYWRmZjNmNzgyMDJiZDU0OGMmY2g9MTAwMDAmdj0xLjAuMC4wMCZwdD1oNSZkdj0xMTAwMDAwMjAxMjAmZGV2aWNldG9rZW49YjQyNTBhODBhZDY2M2Q0Y2IwOWMxY2QxYzdmZmRiZmIwZWE4ODA4NmUzN2IyZmNjNTk0ZWY0NWM5ODBlMzFhNw==&type=1
request_method:GET
cookie
client_ip:192.168.1.2
error_no
error_msg:success
=====================2017-04-11 09:49:44===========================
service_cost:60.027
time:11/Apr/2017:09:49:44 +0800
entrance_type:Mozilla/5.0 (Windows NT 10.0; WOW64) AppleWebKit/537.36 (KHTML, like Gecko) Chrome/57.0.2987.110 Safari/537.36
ourl:/rank/rankinfo?UD=dWlkPTU4N2YzMTc2MmE0NjgwMGUwYThiNGVhOCZzaWQ9Y2VkNzJhODI4NWIwYWVlYWRmZjNmNzgyMDJiZDU0OGMmY2g9MTAwMDAmdj0xLjAuMC4wMCZwdD1oNSZkdj0xMTAwMDAwMjAxMjAmZGV2aWNldG9rZW49YjQyNTBhODBhZDY2M2Q0Y2IwOWMxY2QxYzdmZmRiZmIwZWE4ODA4NmUzN2IyZmNjNTk0ZWY0NWM5ODBlMzFhNw==&type=1
request_method:GET
cookie
client_ip:192.168.1.2
error_no
error_msg:success
=====================2017-04-11 09:52:29===========================
service_cost:60.807
time:11/Apr/2017:09:52:29 +0800
entrance_type:Mozilla/5.0 (Windows NT 10.0; WOW64) AppleWebKit/537.36 (KHTML, like Gecko) Chrome/57.0.2987.110 Safari/537.36
ourl:/rank/rankinfo?UD=dWlkPTU4N2YzMTc2MmE0NjgwMGUwYThiNGVhOCZzaWQ9Y2VkNzJhODI4NWIwYWVlYWRmZjNmNzgyMDJiZDU0OGMmY2g9MTAwMDAmdj0xLjAuMC4wMCZwdD1oNSZkdj0xMTAwMDAwMjAxMjAmZGV2aWNldG9rZW49YjQyNTBhODBhZDY2M2Q0Y2IwOWMxY2QxYzdmZmRiZmIwZWE4ODA4NmUzN2IyZmNjNTk0ZWY0NWM5ODBlMzFhNw==&type=1
request_method:GET
cookie
client_ip:192.168.1.2
error_no
error_msg:success
=====================2017-04-11 10:04:13===========================
service_cost:67.687
time:11/Apr/2017:10:04:13 +0800
entrance_type:Mozilla/5.0 (Windows NT 10.0; WOW64) AppleWebKit/537.36 (KHTML, like Gecko) Chrome/57.0.2987.110 Safari/537.36
ourl:/rank/rankinfo?UD=dWlkPTU4N2YzMTc2MmE0NjgwMGUwYThiNGVhOCZzaWQ9Y2VkNzJhODI4NWIwYWVlYWRmZjNmNzgyMDJiZDU0OGMmY2g9MTAwMDAmdj0xLjAuMC4wMCZwdD1oNSZkdj0xMTAwMDAwMjAxMjAmZGV2aWNldG9rZW49YjQyNTBhODBhZDY2M2Q0Y2IwOWMxY2QxYzdmZmRiZmIwZWE4ODA4NmUzN2IyZmNjNTk0ZWY0NWM5ODBlMzFhNw==&type=1
request_method:GET
cookie
client_ip:192.168.1.2
error_no
error_msg:success
=====================2017-04-11 10:04:35===========================
service_cost:76.533
time:11/Apr/2017:10:04:35 +0800
entrance_type:Mozilla/5.0 (Windows NT 10.0; WOW64) AppleWebKit/537.36 (KHTML, like Gecko) Chrome/57.0.2987.110 Safari/537.36
ourl:/rank/rankinfo?UD=dWlkPTU4N2YzMTc2MmE0NjgwMGUwYThiNGVhOCZzaWQ9Y2VkNzJhODI4NWIwYWVlYWRmZjNmNzgyMDJiZDU0OGMmY2g9MTAwMDAmdj0xLjAuMC4wMCZwdD1oNSZkdj0xMTAwMDAwMjAxMjAmZGV2aWNldG9rZW49YjQyNTBhODBhZDY2M2Q0Y2IwOWMxY2QxYzdmZmRiZmIwZWE4ODA4NmUzN2IyZmNjNTk0ZWY0NWM5ODBlMzFhNw==&type=1
request_method:GET
cookie
client_ip:192.168.1.2
error_no
error_msg:success
=====================2017-04-11 10:04:58===========================
service_cost:69.755
time:11/Apr/2017:10:04:58 +0800
entrance_type:Mozilla/5.0 (Windows NT 10.0; WOW64) AppleWebKit/537.36 (KHTML, like Gecko) Chrome/57.0.2987.110 Safari/537.36
ourl:/rank/rankinfo?UD=dWlkPTU4N2YzMTc2MmE0NjgwMGUwYThiNGVhOCZzaWQ9Y2VkNzJhODI4NWIwYWVlYWRmZjNmNzgyMDJiZDU0OGMmY2g9MTAwMDAmdj0xLjAuMC4wMCZwdD1oNSZkdj0xMTAwMDAwMjAxMjAmZGV2aWNldG9rZW49YjQyNTBhODBhZDY2M2Q0Y2IwOWMxY2QxYzdmZmRiZmIwZWE4ODA4NmUzN2IyZmNjNTk0ZWY0NWM5ODBlMzFhNw==&type=1
request_method:GET
cookie
client_ip:192.168.1.2
error_no
error_msg:success
=====================2017-04-11 10:06:40===========================
service_cost:-681.736
time:11/Apr/2017:10:06:40 +0800
entrance_type:Mozilla/5.0 (Windows NT 10.0; WOW64) AppleWebKit/537.36 (KHTML, like Gecko) Chrome/57.0.2987.110 Safari/537.36
ourl:/rank/rankinfo?UD=dWlkPTU4N2YzMTc2MmE0NjgwMGUwYThiNGVhOCZzaWQ9Y2VkNzJhODI4NWIwYWVlYWRmZjNmNzgyMDJiZDU0OGMmY2g9MTAwMDAmdj0xLjAuMC4wMCZwdD1oNSZkdj0xMTAwMDAwMjAxMjAmZGV2aWNldG9rZW49YjQyNTBhODBhZDY2M2Q0Y2IwOWMxY2QxYzdmZmRiZmIwZWE4ODA4NmUzN2IyZmNjNTk0ZWY0NWM5ODBlMzFhNw==&type=2
request_method:GET
cookie
client_ip:192.168.1.2
error_no
error_msg:success
=====================2017-04-11 10:06:45===========================
service_cost:129.144
time:11/Apr/2017:10:06:45 +0800
entrance_type:Mozilla/5.0 (Windows NT 10.0; WOW64) AppleWebKit/537.36 (KHTML, like Gecko) Chrome/57.0.2987.110 Safari/537.36
ourl:/rank/rankinfo?UD=dWlkPTU4N2YzMTc2MmE0NjgwMGUwYThiNGVhOCZzaWQ9Y2VkNzJhODI4NWIwYWVlYWRmZjNmNzgyMDJiZDU0OGMmY2g9MTAwMDAmdj0xLjAuMC4wMCZwdD1oNSZkdj0xMTAwMDAwMjAxMjAmZGV2aWNldG9rZW49YjQyNTBhODBhZDY2M2Q0Y2IwOWMxY2QxYzdmZmRiZmIwZWE4ODA4NmUzN2IyZmNjNTk0ZWY0NWM5ODBlMzFhNw==&type=2
request_method:GET
cookie
client_ip:192.168.1.2
error_no
error_msg:success
=====================2017-04-11 10:06:47===========================
service_cost:44.837
time:11/Apr/2017:10:06:47 +0800
entrance_type:Mozilla/5.0 (Windows NT 10.0; WOW64) AppleWebKit/537.36 (KHTML, like Gecko) Chrome/57.0.2987.110 Safari/537.36
ourl:/rank/rankinfo?UD=dWlkPTU4N2YzMTc2MmE0NjgwMGUwYThiNGVhOCZzaWQ9Y2VkNzJhODI4NWIwYWVlYWRmZjNmNzgyMDJiZDU0OGMmY2g9MTAwMDAmdj0xLjAuMC4wMCZwdD1oNSZkdj0xMTAwMDAwMjAxMjAmZGV2aWNldG9rZW49YjQyNTBhODBhZDY2M2Q0Y2IwOWMxY2QxYzdmZmRiZmIwZWE4ODA4NmUzN2IyZmNjNTk0ZWY0NWM5ODBlMzFhNw==&type=2
request_method:GET
cookie
client_ip:192.168.1.2
error_no
error_msg:success
=====================2017-04-11 10:06:53===========================
service_cost:-267.376
time:11/Apr/2017:10:06:53 +0800
entrance_type:Mozilla/5.0 (Windows NT 10.0; WOW64) AppleWebKit/537.36 (KHTML, like Gecko) Chrome/57.0.2987.110 Safari/537.36
ourl:/rank/rankinfo?UD=dWlkPTU4N2YzMTc2MmE0NjgwMGUwYThiNGVhOCZzaWQ9Y2VkNzJhODI4NWIwYWVlYWRmZjNmNzgyMDJiZDU0OGMmY2g9MTAwMDAmdj0xLjAuMC4wMCZwdD1oNSZkdj0xMTAwMDAwMjAxMjAmZGV2aWNldG9rZW49YjQyNTBhODBhZDY2M2Q0Y2IwOWMxY2QxYzdmZmRiZmIwZWE4ODA4NmUzN2IyZmNjNTk0ZWY0NWM5ODBlMzFhNw==&type=1
request_method:GET
cookie
client_ip:192.168.1.2
error_no
error_msg:success
=====================2017-04-11 10:07:49===========================
service_cost:231.722
time:11/Apr/2017:10:07:49 +0800
entrance_type:Mozilla/5.0 (Windows NT 10.0; WOW64) AppleWebKit/537.36 (KHTML, like Gecko) Chrome/57.0.2987.110 Safari/537.36
ourl:/rank/rankinfo?UD=dWlkPTU4N2YzMTc2MmE0NjgwMGUwYThiNGVhOCZzaWQ9Y2VkNzJhODI4NWIwYWVlYWRmZjNmNzgyMDJiZDU0OGMmY2g9MTAwMDAmdj0xLjAuMC4wMCZwdD1oNSZkdj0xMTAwMDAwMjAxMjAmZGV2aWNldG9rZW49YjQyNTBhODBhZDY2M2Q0Y2IwOWMxY2QxYzdmZmRiZmIwZWE4ODA4NmUzN2IyZmNjNTk0ZWY0NWM5ODBlMzFhNw==&type=2
request_method:GET
cookie
client_ip:192.168.1.2
error_no
error_msg:success
=====================2017-04-11 10:13:54===========================
service_cost:44.998
time:11/Apr/2017:10:13:54 +0800
entrance_type:Mozilla/5.0 (Windows NT 10.0; WOW64) AppleWebKit/537.36 (KHTML, like Gecko) Chrome/57.0.2987.110 Safari/537.36
ourl:/rank/rankinfo?UD=dWlkPTU4N2YzMTc2MmE0NjgwMGUwYThiNGVhOCZzaWQ9Y2VkNzJhODI4NWIwYWVlYWRmZjNmNzgyMDJiZDU0OGMmY2g9MTAwMDAmdj0xLjAuMC4wMCZwdD1oNSZkdj0xMTAwMDAwMjAxMjAmZGV2aWNldG9rZW49YjQyNTBhODBhZDY2M2Q0Y2IwOWMxY2QxYzdmZmRiZmIwZWE4ODA4NmUzN2IyZmNjNTk0ZWY0NWM5ODBlMzFhNw==&type=2
request_method:GET
cookie
client_ip:192.168.1.2
error_no
error_msg:success
=====================2017-04-11 10:14:06===========================
service_cost:62.342
time:11/Apr/2017:10:14:06 +0800
entrance_type:Mozilla/5.0 (Windows NT 10.0; WOW64) AppleWebKit/537.36 (KHTML, like Gecko) Chrome/57.0.2987.110 Safari/537.36
ourl:/rank/rankinfo?UD=dWlkPTU4N2YzMTc2MmE0NjgwMGUwYThiNGVhOCZzaWQ9Y2VkNzJhODI4NWIwYWVlYWRmZjNmNzgyMDJiZDU0OGMmY2g9MTAwMDAmdj0xLjAuMC4wMCZwdD1oNSZkdj0xMTAwMDAwMjAxMjAmZGV2aWNldG9rZW49YjQyNTBhODBhZDY2M2Q0Y2IwOWMxY2QxYzdmZmRiZmIwZWE4ODA4NmUzN2IyZmNjNTk0ZWY0NWM5ODBlMzFhNw==&type=2
request_method:GET
cookie
client_ip:192.168.1.2
error_no
error_msg:success
=====================2017-04-11 10:15:39===========================
service_cost:-957.715
time:11/Apr/2017:10:15:39 +0800
entrance_type:Mozilla/5.0 (Windows NT 10.0; WOW64) AppleWebKit/537.36 (KHTML, like Gecko) Chrome/57.0.2987.110 Safari/537.36
ourl:/rank/rankinfo?UD=dWlkPTU4N2YzMTc2MmE0NjgwMGUwYThiNGVhOCZzaWQ9Y2VkNzJhODI4NWIwYWVlYWRmZjNmNzgyMDJiZDU0OGMmY2g9MTAwMDAmdj0xLjAuMC4wMCZwdD1oNSZkdj0xMTAwMDAwMjAxMjAmZGV2aWNldG9rZW49YjQyNTBhODBhZDY2M2Q0Y2IwOWMxY2QxYzdmZmRiZmIwZWE4ODA4NmUzN2IyZmNjNTk0ZWY0NWM5ODBlMzFhNw==&type=2
request_method:GET
cookie
client_ip:192.168.1.2
error_no
error_msg:success
=====================2017-04-11 15:54:18===========================
service_cost:6.897
time:11/Apr/2017:15:54:18 +0800
entrance_type:Mozilla/5.0 (Windows NT 10.0; WOW64) AppleWebKit/537.36 (KHTML, like Gecko) Chrome/57.0.2987.110 Safari/537.36
ourl:/rank/rankinfo?UD=dWlkPTU4N2YzMTc2MmE0NjgwMGUwYThiNGVhOCZzaWQ9Y2VkNzJhODI4NWIwYWVlYWRmZjNmNzgyMDJiZDU0OGMmY2g9MTAwMDAmdj0xLjAuMC4wMCZwdD1oNSZkdj0xMTAwMDAwMjAxMjAmZGV2aWNldG9rZW49YjQyNTBhODBhZDY2M2Q0Y2IwOWMxY2QxYzdmZmRiZmIwZWE4ODA4NmUzN2IyZmNjNTk0ZWY0NWM5ODBlMzFhNw==&type=2
request_method:GET
cookie
client_ip:192.168.1.2
error_no:13053
error_msg:No suitable servers found (`serverSelectionTryOnce` set): [connection closed calling ismaster on '60.205.136.72:27001']
=====================2017-04-11 15:54:36===========================
service_cost:4.9720000000001
time:11/Apr/2017:15:54:36 +0800
entrance_type:Mozilla/5.0 (Windows NT 10.0; WOW64) AppleWebKit/537.36 (KHTML, like Gecko) Chrome/57.0.2987.110 Safari/537.36
ourl:/rank/rankinfo?UD=dWlkPTU4N2YzMTc2MmE0NjgwMGUwYThiNGVhOCZzaWQ9Y2VkNzJhODI4NWIwYWVlYWRmZjNmNzgyMDJiZDU0OGMmY2g9MTAwMDAmdj0xLjAuMC4wMCZwdD1oNSZkdj0xMTAwMDAwMjAxMjAmZGV2aWNldG9rZW49YjQyNTBhODBhZDY2M2Q0Y2IwOWMxY2QxYzdmZmRiZmIwZWE4ODA4NmUzN2IyZmNjNTk0ZWY0NWM5ODBlMzFhNw==&type=2
request_method:GET
cookie
client_ip:192.168.1.2
error_no:13053
error_msg:No suitable servers found (`serverSelectionTryOnce` set): [connection closed calling ismaster on '60.205.136.72:27001']
=====================2017-04-11 15:54:37===========================
service_cost:107.117
time:11/Apr/2017:15:54:37 +0800
entrance_type:Mozilla/5.0 (Windows NT 10.0; WOW64) AppleWebKit/537.36 (KHTML, like Gecko) Chrome/57.0.2987.110 Safari/537.36
ourl:/rank/rankinfo?UD=dWlkPTU4N2YzMTc2MmE0NjgwMGUwYThiNGVhOCZzaWQ9Y2VkNzJhODI4NWIwYWVlYWRmZjNmNzgyMDJiZDU0OGMmY2g9MTAwMDAmdj0xLjAuMC4wMCZwdD1oNSZkdj0xMTAwMDAwMjAxMjAmZGV2aWNldG9rZW49YjQyNTBhODBhZDY2M2Q0Y2IwOWMxY2QxYzdmZmRiZmIwZWE4ODA4NmUzN2IyZmNjNTk0ZWY0NWM5ODBlMzFhNw==&type=2
request_method:GET
cookie
client_ip:192.168.1.2
error_no
error_msg:success
=====================2017-04-11 15:54:37===========================
service_cost:0.2660000000001
time:11/Apr/2017:15:54:37 +0800
entrance_type:Mozilla/5.0 (Windows NT 10.0; WOW64) AppleWebKit/537.36 (KHTML, like Gecko) Chrome/57.0.2987.110 Safari/537.36
ourl:/rank/rankinfo?UD=dWlkPTU4N2YzMTc2MmE0NjgwMGUwYThiNGVhOCZzaWQ9Y2VkNzJhODI4NWIwYWVlYWRmZjNmNzgyMDJiZDU0OGMmY2g9MTAwMDAmdj0xLjAuMC4wMCZwdD1oNSZkdj0xMTAwMDAwMjAxMjAmZGV2aWNldG9rZW49YjQyNTBhODBhZDY2M2Q0Y2IwOWMxY2QxYzdmZmRiZmIwZWE4ODA4NmUzN2IyZmNjNTk0ZWY0NWM5ODBlMzFhNw==&type=2
request_method:GET
cookie
client_ip:192.168.1.2
error_no:13053
error_msg:No suitable servers found (`serverSelectionTryOnce` set): [connection closed calling ismaster on '60.205.136.72:27001']
=====================2017-04-11 15:54:38===========================
service_cost:69.415
time:11/Apr/2017:15:54:38 +0800
entrance_type:Mozilla/5.0 (Windows NT 10.0; WOW64) AppleWebKit/537.36 (KHTML, like Gecko) Chrome/57.0.2987.110 Safari/537.36
ourl:/rank/rankinfo?UD=dWlkPTU4N2YzMTc2MmE0NjgwMGUwYThiNGVhOCZzaWQ9Y2VkNzJhODI4NWIwYWVlYWRmZjNmNzgyMDJiZDU0OGMmY2g9MTAwMDAmdj0xLjAuMC4wMCZwdD1oNSZkdj0xMTAwMDAwMjAxMjAmZGV2aWNldG9rZW49YjQyNTBhODBhZDY2M2Q0Y2IwOWMxY2QxYzdmZmRiZmIwZWE4ODA4NmUzN2IyZmNjNTk0ZWY0NWM5ODBlMzFhNw==&type=2
request_method:GET
cookie
client_ip:192.168.1.2
error_no
error_msg:success
=====================2017-04-11 15:55:02===========================
service_cost:-900.265
time:11/Apr/2017:15:55:02 +0800
entrance_type:Mozilla/5.0 (Windows NT 10.0; WOW64) AppleWebKit/537.36 (KHTML, like Gecko) Chrome/57.0.2987.110 Safari/537.36
ourl:/rank/rankinfo?UD=dWlkPTU4N2YzMTc2MmE0NjgwMGUwYThiNGVhOCZzaWQ9Y2VkNzJhODI4NWIwYWVlYWRmZjNmNzgyMDJiZDU0OGMmY2g9MTAwMDAmdj0xLjAuMC4wMCZwdD1oNSZkdj0xMTAwMDAwMjAxMjAmZGV2aWNldG9rZW49YjQyNTBhODBhZDY2M2Q0Y2IwOWMxY2QxYzdmZmRiZmIwZWE4ODA4NmUzN2IyZmNjNTk0ZWY0NWM5ODBlMzFhNw==&type=2
request_method:GET
cookie
client_ip:192.168.1.2
error_no
error_msg:success
=====================2017-04-11 15:55:02===========================
service_cost:51.88
time:11/Apr/2017:15:55:02 +0800
entrance_type:Mozilla/5.0 (Windows NT 10.0; WOW64) AppleWebKit/537.36 (KHTML, like Gecko) Chrome/57.0.2987.110 Safari/537.36
ourl:/rank/rankinfo?UD=dWlkPTU4N2YzMTc2MmE0NjgwMGUwYThiNGVhOCZzaWQ9Y2VkNzJhODI4NWIwYWVlYWRmZjNmNzgyMDJiZDU0OGMmY2g9MTAwMDAmdj0xLjAuMC4wMCZwdD1oNSZkdj0xMTAwMDAwMjAxMjAmZGV2aWNldG9rZW49YjQyNTBhODBhZDY2M2Q0Y2IwOWMxY2QxYzdmZmRiZmIwZWE4ODA4NmUzN2IyZmNjNTk0ZWY0NWM5ODBlMzFhNw==&type=2
request_method:GET
cookie
client_ip:192.168.1.2
error_no
error_msg:success
=====================2017-04-11 15:55:03===========================
service_cost:51.142
time:11/Apr/2017:15:55:03 +0800
entrance_type:Mozilla/5.0 (Windows NT 10.0; WOW64) AppleWebKit/537.36 (KHTML, like Gecko) Chrome/57.0.2987.110 Safari/537.36
ourl:/rank/rankinfo?UD=dWlkPTU4N2YzMTc2MmE0NjgwMGUwYThiNGVhOCZzaWQ9Y2VkNzJhODI4NWIwYWVlYWRmZjNmNzgyMDJiZDU0OGMmY2g9MTAwMDAmdj0xLjAuMC4wMCZwdD1oNSZkdj0xMTAwMDAwMjAxMjAmZGV2aWNldG9rZW49YjQyNTBhODBhZDY2M2Q0Y2IwOWMxY2QxYzdmZmRiZmIwZWE4ODA4NmUzN2IyZmNjNTk0ZWY0NWM5ODBlMzFhNw==&type=2
request_method:GET
cookie
client_ip:192.168.1.2
error_no
error_msg:success
=====================2017-04-11 20:09:43===========================
service_cost:326.466
time:11/Apr/2017:20:09:43 +0800
entrance_type:Mozilla/5.0 (Windows NT 10.0; WOW64) AppleWebKit/537.36 (KHTML, like Gecko) Chrome/57.0.2987.110 Safari/537.36
ourl://sport/share?UD=dWlkPTU4N2YzMTc2MmE0NjgwMGUwYThiNGVhOCZzaWQ9Y2VkNzJhODI4NWIwYWVlYWRmZjNmNzgyMDJiZDU0OGMmY2g9MTAwMDAmdj0xLjAuMC4wMCZwdD1oNSZkdj0xMTAwMDAwMjAxMjAmZGV2aWNldG9rZW49YjQyNTBhODBhZDY2M2Q0Y2IwOWMxY2QxYzdmZmRiZmIwZWE4ODA4NmUzN2IyZmNjNTk0ZWY0NWM5ODBlMzFhNw==&type=2
request_method:GET
cookie
client_ip:192.168.1.2
error_no
error_msg:success
=====================2017-04-11 20:10:35===========================
service_cost:-954.076
time:11/Apr/2017:20:10:35 +0800
entrance_type:Mozilla/5.0 (Windows NT 10.0; WOW64) AppleWebKit/537.36 (KHTML, like Gecko) Chrome/57.0.2987.110 Safari/537.36
ourl://sport/share?UD=dWlkPTU4N2YzMTc2MmE0NjgwMGUwYThiNGVhOCZzaWQ9Y2VkNzJhODI4NWIwYWVlYWRmZjNmNzgyMDJiZDU0OGMmY2g9MTAwMDAmdj0xLjAuMC4wMCZwdD1oNSZkdj0xMTAwMDAwMjAxMjAmZGV2aWNldG9rZW49YjQyNTBhODBhZDY2M2Q0Y2IwOWMxY2QxYzdmZmRiZmIwZWE4ODA4NmUzN2IyZmNjNTk0ZWY0NWM5ODBlMzFhNw==&type=1
request_method:GET
cookie
client_ip:192.168.1.2
error_no
error_msg:success
=====================2017-04-11 20:13:05===========================
service_cost:79.433
time:11/Apr/2017:20:13:05 +0800
entrance_type:Mozilla/5.0 (Windows NT 10.0; WOW64) AppleWebKit/537.36 (KHTML, like Gecko) Chrome/57.0.2987.110 Safari/537.36
ourl://sport/share?UD=dWlkPTU4N2YzMTc2MmE0NjgwMGUwYThiNGVhOCZzaWQ9Y2VkNzJhODI4NWIwYWVlYWRmZjNmNzgyMDJiZDU0OGMmY2g9MTAwMDAmdj0xLjAuMC4wMCZwdD1oNSZkdj0xMTAwMDAwMjAxMjAmZGV2aWNldG9rZW49YjQyNTBhODBhZDY2M2Q0Y2IwOWMxY2QxYzdmZmRiZmIwZWE4ODA4NmUzN2IyZmNjNTk0ZWY0NWM5ODBlMzFhNw==&type=1
request_method:GET
cookie
client_ip:192.168.1.2
error_no
error_msg:success
=====================2017-04-11 20:17:49===========================
service_cost:33.42
time:11/Apr/2017:20:17:49 +0800
entrance_type:Mozilla/5.0 (Windows NT 10.0; WOW64) AppleWebKit/537.36 (KHTML, like Gecko) Chrome/57.0.2987.110 Safari/537.36
ourl://sport/share?UD=dWlkPTU4N2YzMTc2MmE0NjgwMGUwYThiNGVhOCZzaWQ9Y2VkNzJhODI4NWIwYWVlYWRmZjNmNzgyMDJiZDU0OGMmY2g9MTAwMDAmdj0xLjAuMC4wMCZwdD1oNSZkdj0xMTAwMDAwMjAxMjAmZGV2aWNldG9rZW49YjQyNTBhODBhZDY2M2Q0Y2IwOWMxY2QxYzdmZmRiZmIwZWE4ODA4NmUzN2IyZmNjNTk0ZWY0NWM5ODBlMzFhNw==&type=1
request_method:GET
cookie
client_ip:192.168.1.2
error_no
error_msg:success
=====================2017-04-11 20:58:10===========================
service_cost:87.419
time:11/Apr/2017:20:58:10 +0800
entrance_type:Mozilla/5.0 (Windows NT 10.0; WOW64) AppleWebKit/537.36 (KHTML, like Gecko) Chrome/57.0.2987.110 Safari/537.36
ourl://sport/share?UD=dWlkPTU4N2YzMTc2MmE0NjgwMGUwYThiNGVhOCZzaWQ9Y2VkNzJhODI4NWIwYWVlYWRmZjNmNzgyMDJiZDU0OGMmY2g9MTAwMDAmdj0xLjAuMC4wMCZwdD1oNSZkdj0xMTAwMDAwMjAxMjAmZGV2aWNldG9rZW49YjQyNTBhODBhZDY2M2Q0Y2IwOWMxY2QxYzdmZmRiZmIwZWE4ODA4NmUzN2IyZmNjNTk0ZWY0NWM5ODBlMzFhNw==&type=1
request_method:GET
cookie
client_ip:192.168.1.2
error_no
error_msg:success
=====================2017-04-11 21:46:38===========================
service_cost:35.219
time:11/Apr/2017:21:46:38 +0800
entrance_type:Mozilla/5.0 (Windows NT 10.0; WOW64) AppleWebKit/537.36 (KHTML, like Gecko) Chrome/57.0.2987.110 Safari/537.36
ourl://sport/up/58eca466421aa9043f2bb082?UD=dWlkPTU4N2YzMTc2MmE0NjgwMGUwYThiNGVhOCZzaWQ9Y2VkNzJhODI4NWIwYWVlYWRmZjNmNzgyMDJiZDU0OGMmY2g9MTAwMDAmdj0xLjAuMC4wMCZwdD1oNSZkdj0xMTAwMDAwMjAxMjAmZGV2aWNldG9rZW49YjQyNTBhODBhZDY2M2Q0Y2IwOWMxY2QxYzdmZmRiZmIwZWE4ODA4NmUzN2IyZmNjNTk0ZWY0NWM5ODBlMzFhNw==&type=1
request_method:GET
cookie
client_ip:192.168.1.2
error_no
error_msg:success
=====================2017-04-11 21:47:02===========================
service_cost:22.78
time:11/Apr/2017:21:47:02 +0800
entrance_type:Mozilla/5.0 (Windows NT 10.0; WOW64) AppleWebKit/537.36 (KHTML, like Gecko) Chrome/57.0.2987.110 Safari/537.36
ourl://sport/up/58eca466421aa9043f2bb082?UD=dWlkPTU4N2YzMTc2MmE0NjgwMGUwYThiNGVhOCZzaWQ9Y2VkNzJhODI4NWIwYWVlYWRmZjNmNzgyMDJiZDU0OGMmY2g9MTAwMDAmdj0xLjAuMC4wMCZwdD1oNSZkdj0xMTAwMDAwMjAxMjAmZGV2aWNldG9rZW49YjQyNTBhODBhZDY2M2Q0Y2IwOWMxY2QxYzdmZmRiZmIwZWE4ODA4NmUzN2IyZmNjNTk0ZWY0NWM5ODBlMzFhNw==&type=1
request_method:GET
cookie
client_ip:192.168.1.2
error_no
error_msg:success
=====================2017-04-11 21:47:03===========================
service_cost:23.163
time:11/Apr/2017:21:47:03 +0800
entrance_type:Mozilla/5.0 (Windows NT 10.0; WOW64) AppleWebKit/537.36 (KHTML, like Gecko) Chrome/57.0.2987.110 Safari/537.36
ourl://sport/up/58eca466421aa9043f2bb082?UD=dWlkPTU4N2YzMTc2MmE0NjgwMGUwYThiNGVhOCZzaWQ9Y2VkNzJhODI4NWIwYWVlYWRmZjNmNzgyMDJiZDU0OGMmY2g9MTAwMDAmdj0xLjAuMC4wMCZwdD1oNSZkdj0xMTAwMDAwMjAxMjAmZGV2aWNldG9rZW49YjQyNTBhODBhZDY2M2Q0Y2IwOWMxY2QxYzdmZmRiZmIwZWE4ODA4NmUzN2IyZmNjNTk0ZWY0NWM5ODBlMzFhNw==&type=1
request_method:GET
cookie
client_ip:192.168.1.2
error_no
error_msg:success
=====================2017-04-11 21:47:25===========================
service_cost:21.687
time:11/Apr/2017:21:47:25 +0800
entrance_type:Mozilla/5.0 (Windows NT 10.0; WOW64) AppleWebKit/537.36 (KHTML, like Gecko) Chrome/57.0.2987.110 Safari/537.36
ourl://sport/up/58eca466421aa9043f2bb082?UD=dWlkPTU4N2YzMTc2MmE0NjgwMGUwYThiNGVhOCZzaWQ9Y2VkNzJhODI4NWIwYWVlYWRmZjNmNzgyMDJiZDU0OGMmY2g9MTAwMDAmdj0xLjAuMC4wMCZwdD1oNSZkdj0xMTAwMDAwMjAxMjAmZGV2aWNldG9rZW49YjQyNTBhODBhZDY2M2Q0Y2IwOWMxY2QxYzdmZmRiZmIwZWE4ODA4NmUzN2IyZmNjNTk0ZWY0NWM5ODBlMzFhNw==&type=1
request_method:GET
cookie
client_ip:192.168.1.2
error_no
error_msg:success
=====================2017-04-11 21:53:07===========================
service_cost:29.82
time:11/Apr/2017:21:53:07 +0800
entrance_type:Mozilla/5.0 (Windows NT 10.0; WOW64) AppleWebKit/537.36 (KHTML, like Gecko) Chrome/57.0.2987.110 Safari/537.36
ourl://sport/up/58eca466421aa9043f2bb082?UD=dWlkPTU4N2YzMTc2MmE0NjgwMGUwYThiNGVhOCZzaWQ9Y2VkNzJhODI4NWIwYWVlYWRmZjNmNzgyMDJiZDU0OGMmY2g9MTAwMDAmdj0xLjAuMC4wMCZwdD1oNSZkdj0xMTAwMDAwMjAxMjAmZGV2aWNldG9rZW49YjQyNTBhODBhZDY2M2Q0Y2IwOWMxY2QxYzdmZmRiZmIwZWE4ODA4NmUzN2IyZmNjNTk0ZWY0NWM5ODBlMzFhNw==&type=1
request_method:GET
cookie
client_ip:192.168.1.2
error_no
error_msg:success
=====================2017-04-11 22:00:35===========================
service_cost:47.026
time:11/Apr/2017:22:00:35 +0800
entrance_type:Mozilla/5.0 (Windows NT 10.0; WOW64) AppleWebKit/537.36 (KHTML, like Gecko) Chrome/57.0.2987.110 Safari/537.36
ourl://sport/up/58eca466421aa9043f2bb082?UD=dWlkPTU4N2YzMTc2MmE0NjgwMGUwYThiNGVhOCZzaWQ9Y2VkNzJhODI4NWIwYWVlYWRmZjNmNzgyMDJiZDU0OGMmY2g9MTAwMDAmdj0xLjAuMC4wMCZwdD1oNSZkdj0xMTAwMDAwMjAxMjAmZGV2aWNldG9rZW49YjQyNTBhODBhZDY2M2Q0Y2IwOWMxY2QxYzdmZmRiZmIwZWE4ODA4NmUzN2IyZmNjNTk0ZWY0NWM5ODBlMzFhNw==&type=1
request_method:GET
cookie
client_ip:192.168.1.2
error_no:651
error_msg:赞操作失败
=====================2017-04-11 22:00:37===========================
service_cost:31.968
time:11/Apr/2017:22:00:37 +0800
entrance_type:Mozilla/5.0 (Windows NT 10.0; WOW64) AppleWebKit/537.36 (KHTML, like Gecko) Chrome/57.0.2987.110 Safari/537.36
ourl://sport/up/58eca466421aa9043f2bb082?UD=dWlkPTU4N2YzMTc2MmE0NjgwMGUwYThiNGVhOCZzaWQ9Y2VkNzJhODI4NWIwYWVlYWRmZjNmNzgyMDJiZDU0OGMmY2g9MTAwMDAmdj0xLjAuMC4wMCZwdD1oNSZkdj0xMTAwMDAwMjAxMjAmZGV2aWNldG9rZW49YjQyNTBhODBhZDY2M2Q0Y2IwOWMxY2QxYzdmZmRiZmIwZWE4ODA4NmUzN2IyZmNjNTk0ZWY0NWM5ODBlMzFhNw==&type=1
request_method:GET
cookie
client_ip:192.168.1.2
error_no:651
error_msg:赞操作失败
=====================2017-04-11 22:00:38===========================
service_cost:20.211
time:11/Apr/2017:22:00:38 +0800
entrance_type:Mozilla/5.0 (Windows NT 10.0; WOW64) AppleWebKit/537.36 (KHTML, like Gecko) Chrome/57.0.2987.110 Safari/537.36
ourl://sport/up/58eca466421aa9043f2bb082?UD=dWlkPTU4N2YzMTc2MmE0NjgwMGUwYThiNGVhOCZzaWQ9Y2VkNzJhODI4NWIwYWVlYWRmZjNmNzgyMDJiZDU0OGMmY2g9MTAwMDAmdj0xLjAuMC4wMCZwdD1oNSZkdj0xMTAwMDAwMjAxMjAmZGV2aWNldG9rZW49YjQyNTBhODBhZDY2M2Q0Y2IwOWMxY2QxYzdmZmRiZmIwZWE4ODA4NmUzN2IyZmNjNTk0ZWY0NWM5ODBlMzFhNw==&type=1
request_method:GET
cookie
client_ip:192.168.1.2
error_no:651
error_msg:赞操作失败
=====================2017-04-11 22:10:10===========================
service_cost:29.989
time:11/Apr/2017:22:10:10 +0800
entrance_type:Mozilla/5.0 (Windows NT 10.0; WOW64) AppleWebKit/537.36 (KHTML, like Gecko) Chrome/57.0.2987.110 Safari/537.36
ourl://sport/up/58eca466421aa9043f2bb082?UD=dWlkPTU4N2YzMTc2MmE0NjgwMGUwYThiNGVhOCZzaWQ9Y2VkNzJhODI4NWIwYWVlYWRmZjNmNzgyMDJiZDU0OGMmY2g9MTAwMDAmdj0xLjAuMC4wMCZwdD1oNSZkdj0xMTAwMDAwMjAxMjAmZGV2aWNldG9rZW49YjQyNTBhODBhZDY2M2Q0Y2IwOWMxY2QxYzdmZmRiZmIwZWE4ODA4NmUzN2IyZmNjNTk0ZWY0NWM5ODBlMzFhNw==&type=1
request_method:POST
cookie
client_ip:192.168.1.2
error_no:651
error_msg:赞操作失败
=====================2017-04-11 22:10:10===========================
service_cost:68.159
time:11/Apr/2017:22:10:10 +0800
entrance_type:Mozilla/5.0 (Windows NT 10.0; WOW64) AppleWebKit/537.36 (KHTML, like Gecko) Chrome/57.0.2987.110 Safari/537.36
ourl://sport/up/58eca466421aa9043f2bb082?UD=dWlkPTU4N2YzMTc2MmE0NjgwMGUwYThiNGVhOCZzaWQ9Y2VkNzJhODI4NWIwYWVlYWRmZjNmNzgyMDJiZDU0OGMmY2g9MTAwMDAmdj0xLjAuMC4wMCZwdD1oNSZkdj0xMTAwMDAwMjAxMjAmZGV2aWNldG9rZW49YjQyNTBhODBhZDY2M2Q0Y2IwOWMxY2QxYzdmZmRiZmIwZWE4ODA4NmUzN2IyZmNjNTk0ZWY0NWM5ODBlMzFhNw==&type=1
request_method:POST
cookie
client_ip:192.168.1.2
error_no:651
error_msg:赞操作失败
=====================2017-04-11 22:10:11===========================
service_cost:82.186
time:11/Apr/2017:22:10:11 +0800
entrance_type:Mozilla/5.0 (Windows NT 10.0; WOW64) AppleWebKit/537.36 (KHTML, like Gecko) Chrome/57.0.2987.110 Safari/537.36
ourl://sport/up/58eca466421aa9043f2bb082?UD=dWlkPTU4N2YzMTc2MmE0NjgwMGUwYThiNGVhOCZzaWQ9Y2VkNzJhODI4NWIwYWVlYWRmZjNmNzgyMDJiZDU0OGMmY2g9MTAwMDAmdj0xLjAuMC4wMCZwdD1oNSZkdj0xMTAwMDAwMjAxMjAmZGV2aWNldG9rZW49YjQyNTBhODBhZDY2M2Q0Y2IwOWMxY2QxYzdmZmRiZmIwZWE4ODA4NmUzN2IyZmNjNTk0ZWY0NWM5ODBlMzFhNw==&type=1
request_method:POST
cookie
client_ip:192.168.1.2
error_no:651
error_msg:赞操作失败
=====================2017-04-11 22:17:49===========================
service_cost:-83.852
time:11/Apr/2017:22:17:49 +0800
entrance_type:Mozilla/5.0 (Windows NT 10.0; WOW64) AppleWebKit/537.36 (KHTML, like Gecko) Chrome/57.0.2987.110 Safari/537.36
ourl://sport/up/58eca466421aa9043f2bb082?UD=dWlkPTU4N2YzMTc2MmE0NjgwMGUwYThiNGVhOCZzaWQ9Y2VkNzJhODI4NWIwYWVlYWRmZjNmNzgyMDJiZDU0OGMmY2g9MTAwMDAmdj0xLjAuMC4wMCZwdD1oNSZkdj0xMTAwMDAwMjAxMjAmZGV2aWNldG9rZW49YjQyNTBhODBhZDY2M2Q0Y2IwOWMxY2QxYzdmZmRiZmIwZWE4ODA4NmUzN2IyZmNjNTk0ZWY0NWM5ODBlMzFhNw==&type=1
request_method:DELETE
cookie
client_ip:192.168.1.2
error_no
error_msg:success
=====================2017-04-11 22:18:04===========================
service_cost:330.477
time:11/Apr/2017:22:18:04 +0800
entrance_type:Mozilla/5.0 (Windows NT 10.0; WOW64) AppleWebKit/537.36 (KHTML, like Gecko) Chrome/57.0.2987.110 Safari/537.36
ourl://sport/up/58eca466421aa9043f2bb082?UD=dWlkPTU4N2YzMTc2MmE0NjgwMGUwYThiNGVhOCZzaWQ9Y2VkNzJhODI4NWIwYWVlYWRmZjNmNzgyMDJiZDU0OGMmY2g9MTAwMDAmdj0xLjAuMC4wMCZwdD1oNSZkdj0xMTAwMDAwMjAxMjAmZGV2aWNldG9rZW49YjQyNTBhODBhZDY2M2Q0Y2IwOWMxY2QxYzdmZmRiZmIwZWE4ODA4NmUzN2IyZmNjNTk0ZWY0NWM5ODBlMzFhNw==&type=1
request_method:DELETE
cookie
client_ip:192.168.1.2
error_no:653
error_msg:取消点赞失败
=====================2017-04-11 23:18:39===========================
service_cost:15.295
time:11/Apr/2017:23:18:39 +0800
entrance_type:Mozilla/5.0 (Windows NT 10.0; WOW64) AppleWebKit/537.36 (KHTML, like Gecko) Chrome/57.0.2987.110 Safari/537.36
ourl://sport/upuserlist/58eca466421aa9043f2bb082?UD=dWlkPTU4N2YzMTc2MmE0NjgwMGUwYThiNGVhOCZzaWQ9Y2VkNzJhODI4NWIwYWVlYWRmZjNmNzgyMDJiZDU0OGMmY2g9MTAwMDAmdj0xLjAuMC4wMCZwdD1oNSZkdj0xMTAwMDAwMjAxMjAmZGV2aWNldG9rZW49YjQyNTBhODBhZDY2M2Q0Y2IwOWMxY2QxYzdmZmRiZmIwZWE4ODA4NmUzN2IyZmNjNTk0ZWY0NWM5ODBlMzFhNw==&type=1
request_method:DELETE
cookie
client_ip:192.168.1.2
error_no:13053
error_msg:No suitable servers found (`serverSelectionTryOnce` set): [connection closed calling ismaster on '60.205.136.72:27001']
=====================2017-04-11 23:18:45===========================
service_cost:43.483
time:11/Apr/2017:23:18:45 +0800
entrance_type:Mozilla/5.0 (Windows NT 10.0; WOW64) AppleWebKit/537.36 (KHTML, like Gecko) Chrome/57.0.2987.110 Safari/537.36
ourl://sport/upuserlist/58eca466421aa9043f2bb082?UD=dWlkPTU4N2YzMTc2MmE0NjgwMGUwYThiNGVhOCZzaWQ9Y2VkNzJhODI4NWIwYWVlYWRmZjNmNzgyMDJiZDU0OGMmY2g9MTAwMDAmdj0xLjAuMC4wMCZwdD1oNSZkdj0xMTAwMDAwMjAxMjAmZGV2aWNldG9rZW49YjQyNTBhODBhZDY2M2Q0Y2IwOWMxY2QxYzdmZmRiZmIwZWE4ODA4NmUzN2IyZmNjNTk0ZWY0NWM5ODBlMzFhNw==&type=1
request_method:DELETE
cookie
client_ip:192.168.1.2
error_no:13053
error_msg:No suitable servers found (`serverSelectionTryOnce` set): [connection closed calling ismaster on '60.205.136.72:27001']
=====================2017-04-11 23:18:46===========================
service_cost:129.649
time:11/Apr/2017:23:18:46 +0800
entrance_type:Mozilla/5.0 (Windows NT 10.0; WOW64) AppleWebKit/537.36 (KHTML, like Gecko) Chrome/57.0.2987.110 Safari/537.36
ourl://sport/upuserlist/58eca466421aa9043f2bb082?UD=dWlkPTU4N2YzMTc2MmE0NjgwMGUwYThiNGVhOCZzaWQ9Y2VkNzJhODI4NWIwYWVlYWRmZjNmNzgyMDJiZDU0OGMmY2g9MTAwMDAmdj0xLjAuMC4wMCZwdD1oNSZkdj0xMTAwMDAwMjAxMjAmZGV2aWNldG9rZW49YjQyNTBhODBhZDY2M2Q0Y2IwOWMxY2QxYzdmZmRiZmIwZWE4ODA4NmUzN2IyZmNjNTk0ZWY0NWM5ODBlMzFhNw==&type=1
request_method:DELETE
cookie
client_ip:192.168.1.2
error_no
error_msg:success
=====================2017-04-11 23:18:46===========================
service_cost:0.50499999999998
time:11/Apr/2017:23:18:46 +0800
entrance_type:Mozilla/5.0 (Windows NT 10.0; WOW64) AppleWebKit/537.36 (KHTML, like Gecko) Chrome/57.0.2987.110 Safari/537.36
ourl://sport/upuserlist/58eca466421aa9043f2bb082?UD=dWlkPTU4N2YzMTc2MmE0NjgwMGUwYThiNGVhOCZzaWQ9Y2VkNzJhODI4NWIwYWVlYWRmZjNmNzgyMDJiZDU0OGMmY2g9MTAwMDAmdj0xLjAuMC4wMCZwdD1oNSZkdj0xMTAwMDAwMjAxMjAmZGV2aWNldG9rZW49YjQyNTBhODBhZDY2M2Q0Y2IwOWMxY2QxYzdmZmRiZmIwZWE4ODA4NmUzN2IyZmNjNTk0ZWY0NWM5ODBlMzFhNw==&type=1
request_method:DELETE
cookie
client_ip:192.168.1.2
error_no:13053
error_msg:No suitable servers found (`serverSelectionTryOnce` set): [connection closed calling ismaster on '60.205.136.72:27001']
=====================2017-04-11 23:18:47===========================
service_cost:25.555
time:11/Apr/2017:23:18:47 +0800
entrance_type:Mozilla/5.0 (Windows NT 10.0; WOW64) AppleWebKit/537.36 (KHTML, like Gecko) Chrome/57.0.2987.110 Safari/537.36
ourl://sport/upuserlist/58eca466421aa9043f2bb082?UD=dWlkPTU4N2YzMTc2MmE0NjgwMGUwYThiNGVhOCZzaWQ9Y2VkNzJhODI4NWIwYWVlYWRmZjNmNzgyMDJiZDU0OGMmY2g9MTAwMDAmdj0xLjAuMC4wMCZwdD1oNSZkdj0xMTAwMDAwMjAxMjAmZGV2aWNldG9rZW49YjQyNTBhODBhZDY2M2Q0Y2IwOWMxY2QxYzdmZmRiZmIwZWE4ODA4NmUzN2IyZmNjNTk0ZWY0NWM5ODBlMzFhNw==&type=1
request_method:DELETE
cookie
client_ip:192.168.1.2
error_no
error_msg:success
=====================2017-04-11 23:18:53===========================
service_cost:95.604
time:11/Apr/2017:23:18:53 +0800
entrance_type:Mozilla/5.0 (Windows NT 10.0; WOW64) AppleWebKit/537.36 (KHTML, like Gecko) Chrome/57.0.2987.110 Safari/537.36
ourl://sport/upuserlist/58eca466421aa9043f2bb082?UD=dWlkPTU4N2YzMTc2MmE0NjgwMGUwYThiNGVhOCZzaWQ9Y2VkNzJhODI4NWIwYWVlYWRmZjNmNzgyMDJiZDU0OGMmY2g9MTAwMDAmdj0xLjAuMC4wMCZwdD1oNSZkdj0xMTAwMDAwMjAxMjAmZGV2aWNldG9rZW49YjQyNTBhODBhZDY2M2Q0Y2IwOWMxY2QxYzdmZmRiZmIwZWE4ODA4NmUzN2IyZmNjNTk0ZWY0NWM5ODBlMzFhNw==&type=1
request_method:DELETE
cookie
client_ip:192.168.1.2
error_no
error_msg:success
=====================2017-04-11 23:18:59===========================
service_cost:35.062
time:11/Apr/2017:23:18:59 +0800
entrance_type:Mozilla/5.0 (Windows NT 10.0; WOW64) AppleWebKit/537.36 (KHTML, like Gecko) Chrome/57.0.2987.110 Safari/537.36
ourl:/sport/upuserlist/58eca466421aa9043f2bb082?UD=dWlkPTU4N2YzMTc2MmE0NjgwMGUwYThiNGVhOCZzaWQ9Y2VkNzJhODI4NWIwYWVlYWRmZjNmNzgyMDJiZDU0OGMmY2g9MTAwMDAmdj0xLjAuMC4wMCZwdD1oNSZkdj0xMTAwMDAwMjAxMjAmZGV2aWNldG9rZW49YjQyNTBhODBhZDY2M2Q0Y2IwOWMxY2QxYzdmZmRiZmIwZWE4ODA4NmUzN2IyZmNjNTk0ZWY0NWM5ODBlMzFhNw==&type=1
request_method:DELETE
cookie
client_ip:192.168.1.2
error_no
error_msg:success
=====================2017-04-11 23:19:01===========================
service_cost:27.381
time:11/Apr/2017:23:19:01 +0800
entrance_type:Mozilla/5.0 (Windows NT 10.0; WOW64) AppleWebKit/537.36 (KHTML, like Gecko) Chrome/57.0.2987.110 Safari/537.36
ourl:/sport/upuserlist/58eca466421aa9043f2bb082?UD=dWlkPTU4N2YzMTc2MmE0NjgwMGUwYThiNGVhOCZzaWQ9Y2VkNzJhODI4NWIwYWVlYWRmZjNmNzgyMDJiZDU0OGMmY2g9MTAwMDAmdj0xLjAuMC4wMCZwdD1oNSZkdj0xMTAwMDAwMjAxMjAmZGV2aWNldG9rZW49YjQyNTBhODBhZDY2M2Q0Y2IwOWMxY2QxYzdmZmRiZmIwZWE4ODA4NmUzN2IyZmNjNTk0ZWY0NWM5ODBlMzFhNw==&type=1
request_method:DELETE
cookie
client_ip:192.168.1.2
error_no
error_msg:success
=====================2017-04-11 23:19:45===========================
service_cost:318.612
time:11/Apr/2017:23:19:45 +0800
entrance_type:Mozilla/5.0 (Windows NT 10.0; WOW64) AppleWebKit/537.36 (KHTML, like Gecko) Chrome/57.0.2987.110 Safari/537.36
ourl:/sport/upuserlist/58eca466421aa9043f2bb082?UD=dWlkPTU4N2YzMTc2MmE0NjgwMGUwYThiNGVhOCZzaWQ9Y2VkNzJhODI4NWIwYWVlYWRmZjNmNzgyMDJiZDU0OGMmY2g9MTAwMDAmdj0xLjAuMC4wMCZwdD1oNSZkdj0xMTAwMDAwMjAxMjAmZGV2aWNldG9rZW49YjQyNTBhODBhZDY2M2Q0Y2IwOWMxY2QxYzdmZmRiZmIwZWE4ODA4NmUzN2IyZmNjNTk0ZWY0NWM5ODBlMzFhNw==&type=1
request_method:GET
cookie
client_ip:192.168.1.2
error_no
error_msg:success
=====================2017-04-11 23:20:16===========================
service_cost:-246.688
time:11/Apr/2017:23:20:16 +0800
entrance_type:Mozilla/5.0 (Windows NT 10.0; WOW64) AppleWebKit/537.36 (KHTML, like Gecko) Chrome/57.0.2987.110 Safari/537.36
ourl:/sport/upuserlist/58eca466421aa9043f2bb082?UD=dWlkPTU4N2YzMTc2MmE0NjgwMGUwYThiNGVhOCZzaWQ9Y2VkNzJhODI4NWIwYWVlYWRmZjNmNzgyMDJiZDU0OGMmY2g9MTAwMDAmdj0xLjAuMC4wMCZwdD1oNSZkdj0xMTAwMDAwMjAxMjAmZGV2aWNldG9rZW49YjQyNTBhODBhZDY2M2Q0Y2IwOWMxY2QxYzdmZmRiZmIwZWE4ODA4NmUzN2IyZmNjNTk0ZWY0NWM5ODBlMzFhNw==&type=1
request_method:GET
cookie
client_ip:192.168.1.2
error_no
error_msg:success
=====================2017-04-11 23:20:17===========================
service_cost:24.598
time:11/Apr/2017:23:20:17 +0800
entrance_type:Mozilla/5.0 (Windows NT 10.0; WOW64) AppleWebKit/537.36 (KHTML, like Gecko) Chrome/57.0.2987.110 Safari/537.36
ourl:/sport/upuserlist/58eca466421aa9043f2bb082?UD=dWlkPTU4N2YzMTc2MmE0NjgwMGUwYThiNGVhOCZzaWQ9Y2VkNzJhODI4NWIwYWVlYWRmZjNmNzgyMDJiZDU0OGMmY2g9MTAwMDAmdj0xLjAuMC4wMCZwdD1oNSZkdj0xMTAwMDAwMjAxMjAmZGV2aWNldG9rZW49YjQyNTBhODBhZDY2M2Q0Y2IwOWMxY2QxYzdmZmRiZmIwZWE4ODA4NmUzN2IyZmNjNTk0ZWY0NWM5ODBlMzFhNw==&type=1
request_method:GET
cookie
client_ip:192.168.1.2
error_no
error_msg:success
=====================2017-04-11 23:20:39===========================
service_cost:117.858
time:11/Apr/2017:23:20:39 +0800
entrance_type:Mozilla/5.0 (Windows NT 10.0; WOW64) AppleWebKit/537.36 (KHTML, like Gecko) Chrome/57.0.2987.110 Safari/537.36
ourl:/sport/upuserlist/58eca466421aa9043f2bb082?UD=dWlkPTU4N2YzMTc2MmE0NjgwMGUwYThiNGVhOCZzaWQ9Y2VkNzJhODI4NWIwYWVlYWRmZjNmNzgyMDJiZDU0OGMmY2g9MTAwMDAmdj0xLjAuMC4wMCZwdD1oNSZkdj0xMTAwMDAwMjAxMjAmZGV2aWNldG9rZW49YjQyNTBhODBhZDY2M2Q0Y2IwOWMxY2QxYzdmZmRiZmIwZWE4ODA4NmUzN2IyZmNjNTk0ZWY0NWM5ODBlMzFhNw==&type=1
request_method:GET
cookie
client_ip:192.168.1.2
error_no
error_msg:success
