=====================2017-04-07 10:32:05===========================
service_cost:10.972
time:07/Apr/2017:10:32:05 +0800
entrance_type:Mozilla/5.0 (Windows NT 10.0; WOW64) AppleWebKit/537.36 (KHTML, like Gecko) Chrome/57.0.2987.110 Safari/537.36
ourl:/sport/banner
request_method:GET
cookie
client_ip:192.168.1.2
error_no:410
error_msg:请登录
=====================2017-04-07 10:34:13===========================
service_cost:15.853
time:07/Apr/2017:10:34:13 +0800
entrance_type:Mozilla/5.0 (Windows NT 10.0; WOW64) AppleWebKit/537.36 (KHTML, like Gecko) Chrome/57.0.2987.110 Safari/537.36
ourl:/rank/rankinfo?UD=dWlkPTU4YTEwYzJkZDc5ZTRmYzhmODNmNmNmMSZzaWQ9M2M1NTAxZjU5MzBmZDFmNzc1NGRkM2E3NzEyNzQ3MWQmY2g9MTAwMDAmdj0xLjAuMC4wMCZwdD13eCZkdj0xMTAwMDAwMjAxMjAmZGV2aWNldG9rZW49NTc1YjQ3YTgzNTYyOGZmOTk5MWRkNzI1ODZmNzlkMWIwZDdlNWZiZTkxZTQ0NGE5ZDcyNDJkM2Y4NDEzMGI1Yg==
request_method:GET
cookie
client_ip:192.168.1.2
error_no
error_msg:success
=====================2017-04-07 12:44:31===========================
service_cost:21.2
time:07/Apr/2017:12:44:31 +0800
entrance_type:Mozilla/5.0 (Windows NT 10.0; WOW64) AppleWebKit/537.36 (KHTML, like Gecko) Chrome/57.0.2987.110 Safari/537.36
ourl:/rank/rankinfo?UD=dWlkPTU4YTEwYzJkZDc5ZTRmYzhmODNmNmNmMSZzaWQ9M2M1NTAxZjU5MzBmZDFmNzc1NGRkM2E3NzEyNzQ3MWQmY2g9MTAwMDAmdj0xLjAuMC4wMCZwdD13eCZkdj0xMTAwMDAwMjAxMjAmZGV2aWNldG9rZW49NTc1YjQ3YTgzNTYyOGZmOTk5MWRkNzI1ODZmNzlkMWIwZDdlNWZiZTkxZTQ0NGE5ZDcyNDJkM2Y4NDEzMGI1Yg==
request_method:GET
cookie
client_ip:192.168.1.2
error_no:-1
error_msg:Not safe for none match or update fields
=====================2017-04-07 13:42:38===========================
service_cost:7.587
time:07/Apr/2017:13:42:38 +0800
entrance_type:Mozilla/5.0 (Windows NT 10.0; WOW64) AppleWebKit/537.36 (KHTML, like Gecko) Chrome/57.0.2987.110 Safari/537.36
ourl:/rank/rankinfo?UD=dWlkPTU4YTEwYzJkZDc5ZTRmYzhmODNmNmNmMSZzaWQ9M2M1NTAxZjU5MzBmZDFmNzc1NGRkM2E3NzEyNzQ3MWQmY2g9MTAwMDAmdj0xLjAuMC4wMCZwdD13eCZkdj0xMTAwMDAwMjAxMjAmZGV2aWNldG9rZW49NTc1YjQ3YTgzNTYyOGZmOTk5MWRkNzI1ODZmNzlkMWIwZDdlNWZiZTkxZTQ0NGE5ZDcyNDJkM2Y4NDEzMGI1Yg==
request_method:GET
cookie
client_ip:192.168.1.2
error_no:14
error_msg:Invalid response_to for query. Expected 98897, got 9.
=====================2017-04-07 13:56:46===========================
service_cost:4.985
time:07/Apr/2017:13:56:46 +0800
entrance_type:Mozilla/5.0 (Windows NT 10.0; WOW64) AppleWebKit/537.36 (KHTML, like Gecko) Chrome/57.0.2987.110 Safari/537.36
ourl:/rank/rankinfo?UD=dWlkPTU4YTEwYzJkZDc5ZTRmYzhmODNmNmNmMSZzaWQ9M2M1NTAxZjU5MzBmZDFmNzc1NGRkM2E3NzEyNzQ3MWQmY2g9MTAwMDAmdj0xLjAuMC4wMCZwdD13eCZkdj0xMTAwMDAwMjAxMjAmZGV2aWNldG9rZW49NTc1YjQ3YTgzNTYyOGZmOTk5MWRkNzI1ODZmNzlkMWIwZDdlNWZiZTkxZTQ0NGE5ZDcyNDJkM2Y4NDEzMGI1Yg==
request_method:GET
cookie
client_ip:192.168.1.2
error_no:14
error_msg:Invalid response_to for query. Expected 98898, got 10.
=====================2017-04-07 14:20:31===========================
service_cost:4.219
time:07/Apr/2017:14:20:31 +0800
entrance_type:Mozilla/5.0 (Windows NT 10.0; WOW64) AppleWebKit/537.36 (KHTML, like Gecko) Chrome/57.0.2987.110 Safari/537.36
ourl:/rank/rankinfo?UD=dWlkPTU4YTEwYzJkZDc5ZTRmYzhmODNmNmNmMSZzaWQ9M2M1NTAxZjU5MzBmZDFmNzc1NGRkM2E3NzEyNzQ3MWQmY2g9MTAwMDAmdj0xLjAuMC4wMCZwdD13eCZkdj0xMTAwMDAwMjAxMjAmZGV2aWNldG9rZW49NTc1YjQ3YTgzNTYyOGZmOTk5MWRkNzI1ODZmNzlkMWIwZDdlNWZiZTkxZTQ0NGE5ZDcyNDJkM2Y4NDEzMGI1Yg==
request_method:GET
cookie
client_ip:192.168.1.2
error_no:14
error_msg:Invalid response_to for query. Expected 98899, got 11.
=====================2017-04-07 14:25:54===========================
service_cost:4.765
time:07/Apr/2017:14:25:54 +0800
entrance_type:Mozilla/5.0 (Windows NT 10.0; WOW64) AppleWebKit/537.36 (KHTML, like Gecko) Chrome/57.0.2987.110 Safari/537.36
ourl:/rank/rankinfo?UD=dWlkPTU4YTEwYzJkZDc5ZTRmYzhmODNmNmNmMSZzaWQ9M2M1NTAxZjU5MzBmZDFmNzc1NGRkM2E3NzEyNzQ3MWQmY2g9MTAwMDAmdj0xLjAuMC4wMCZwdD13eCZkdj0xMTAwMDAwMjAxMjAmZGV2aWNldG9rZW49NTc1YjQ3YTgzNTYyOGZmOTk5MWRkNzI1ODZmNzlkMWIwZDdlNWZiZTkxZTQ0NGE5ZDcyNDJkM2Y4NDEzMGI1Yg==
request_method:GET
cookie
client_ip:192.168.1.2
error_no:14
error_msg:Invalid response_to for query. Expected 98900, got 12.
=====================2017-04-07 14:27:51===========================
service_cost:8.997
time:07/Apr/2017:14:27:51 +0800
entrance_type:Mozilla/5.0 (Windows NT 10.0; WOW64) AppleWebKit/537.36 (KHTML, like Gecko) Chrome/57.0.2987.110 Safari/537.36
ourl:/rank/rankinfo?UD=dWlkPTU4YTEwYzJkZDc5ZTRmYzhmODNmNmNmMSZzaWQ9M2M1NTAxZjU5MzBmZDFmNzc1NGRkM2E3NzEyNzQ3MWQmY2g9MTAwMDAmdj0xLjAuMC4wMCZwdD13eCZkdj0xMTAwMDAwMjAxMjAmZGV2aWNldG9rZW49NTc1YjQ3YTgzNTYyOGZmOTk5MWRkNzI1ODZmNzlkMWIwZDdlNWZiZTkxZTQ0NGE5ZDcyNDJkM2Y4NDEzMGI1Yg==
request_method:GET
cookie
client_ip:192.168.1.2
error_no:14
error_msg:Invalid response_to for query. Expected 98901, got 13.
=====================2017-04-07 14:29:30===========================
service_cost:3.654
time:07/Apr/2017:14:29:30 +0800
entrance_type:Mozilla/5.0 (Windows NT 10.0; WOW64) AppleWebKit/537.36 (KHTML, like Gecko) Chrome/57.0.2987.110 Safari/537.36
ourl:/rank/rankinfo?UD=dWlkPTU4YTEwYzJkZDc5ZTRmYzhmODNmNmNmMSZzaWQ9M2M1NTAxZjU5MzBmZDFmNzc1NGRkM2E3NzEyNzQ3MWQmY2g9MTAwMDAmdj0xLjAuMC4wMCZwdD13eCZkdj0xMTAwMDAwMjAxMjAmZGV2aWNldG9rZW49NTc1YjQ3YTgzNTYyOGZmOTk5MWRkNzI1ODZmNzlkMWIwZDdlNWZiZTkxZTQ0NGE5ZDcyNDJkM2Y4NDEzMGI1Yg==
request_method:GET
cookie
client_ip:192.168.1.2
error_no:14
error_msg:Invalid response_to for query. Expected 98902, got 14.
=====================2017-04-07 14:30:03===========================
service_cost:1.0209999999999
time:07/Apr/2017:14:30:03 +0800
entrance_type:Mozilla/5.0 (Windows NT 10.0; WOW64) AppleWebKit/537.36 (KHTML, like Gecko) Chrome/57.0.2987.110 Safari/537.36
ourl:/rank/rankinfo?UD=dWlkPTU4YTEwYzJkZDc5ZTRmYzhmODNmNmNmMSZzaWQ9M2M1NTAxZjU5MzBmZDFmNzc1NGRkM2E3NzEyNzQ3MWQmY2g9MTAwMDAmdj0xLjAuMC4wMCZwdD13eCZkdj0xMTAwMDAwMjAxMjAmZGV2aWNldG9rZW49NTc1YjQ3YTgzNTYyOGZmOTk5MWRkNzI1ODZmNzlkMWIwZDdlNWZiZTkxZTQ0NGE5ZDcyNDJkM2Y4NDEzMGI1Yg==
request_method:GET
cookie
client_ip:192.168.1.2
error_no:59
error_msg:Unknown command error
=====================2017-04-07 14:30:12===========================
service_cost:4.724
time:07/Apr/2017:14:30:12 +0800
entrance_type:Mozilla/5.0 (Windows NT 10.0; WOW64) AppleWebKit/537.36 (KHTML, like Gecko) Chrome/57.0.2987.110 Safari/537.36
ourl:/rank/rankinfo?UD=dWlkPTU4YTEwYzJkZDc5ZTRmYzhmODNmNmNmMSZzaWQ9M2M1NTAxZjU5MzBmZDFmNzc1NGRkM2E3NzEyNzQ3MWQmY2g9MTAwMDAmdj0xLjAuMC4wMCZwdD13eCZkdj0xMTAwMDAwMjAxMjAmZGV2aWNldG9rZW49NTc1YjQ3YTgzNTYyOGZmOTk5MWRkNzI1ODZmNzlkMWIwZDdlNWZiZTkxZTQ0NGE5ZDcyNDJkM2Y4NDEzMGI1Yg==
request_method:GET
cookie
client_ip:192.168.1.2
error_no:14
error_msg:Invalid response_to for query. Expected 98905, got 98906.
=====================2017-04-07 14:30:40===========================
service_cost:5.528
time:07/Apr/2017:14:30:40 +0800
entrance_type:Mozilla/5.0 (Windows NT 10.0; WOW64) AppleWebKit/537.36 (KHTML, like Gecko) Chrome/57.0.2987.110 Safari/537.36
ourl:/rank/rankinfo?UD=dWlkPTU4YTEwYzJkZDc5ZTRmYzhmODNmNmNmMSZzaWQ9M2M1NTAxZjU5MzBmZDFmNzc1NGRkM2E3NzEyNzQ3MWQmY2g9MTAwMDAmdj0xLjAuMC4wMCZwdD13eCZkdj0xMTAwMDAwMjAxMjAmZGV2aWNldG9rZW49NTc1YjQ3YTgzNTYyOGZmOTk5MWRkNzI1ODZmNzlkMWIwZDdlNWZiZTkxZTQ0NGE5ZDcyNDJkM2Y4NDEzMGI1Yg==
request_method:GET
cookie
client_ip:192.168.1.2
error_no:14
error_msg:Invalid response_to for query. Expected 98907, got 15.
=====================2017-04-07 14:30:42===========================
service_cost:0.59500000000001
time:07/Apr/2017:14:30:42 +0800
entrance_type:Mozilla/5.0 (Windows NT 10.0; WOW64) AppleWebKit/537.36 (KHTML, like Gecko) Chrome/57.0.2987.110 Safari/537.36
ourl:/rank/rankinfo?UD=dWlkPTU4YTEwYzJkZDc5ZTRmYzhmODNmNmNmMSZzaWQ9M2M1NTAxZjU5MzBmZDFmNzc1NGRkM2E3NzEyNzQ3MWQmY2g9MTAwMDAmdj0xLjAuMC4wMCZwdD13eCZkdj0xMTAwMDAwMjAxMjAmZGV2aWNldG9rZW49NTc1YjQ3YTgzNTYyOGZmOTk5MWRkNzI1ODZmNzlkMWIwZDdlNWZiZTkxZTQ0NGE5ZDcyNDJkM2Y4NDEzMGI1Yg==
request_method:GET
cookie
client_ip:192.168.1.2
error_no:14
error_msg:Invalid response_to for query. Expected 98908, got 98907.
=====================2017-04-07 14:41:27===========================
service_cost:5.668
time:07/Apr/2017:14:41:27 +0800
entrance_type:Mozilla/5.0 (Windows NT 10.0; WOW64) AppleWebKit/537.36 (KHTML, like Gecko) Chrome/57.0.2987.110 Safari/537.36
ourl:/rank/rankinfo?UD=dWlkPTU4YTEwYzJkZDc5ZTRmYzhmODNmNmNmMSZzaWQ9M2M1NTAxZjU5MzBmZDFmNzc1NGRkM2E3NzEyNzQ3MWQmY2g9MTAwMDAmdj0xLjAuMC4wMCZwdD13eCZkdj0xMTAwMDAwMjAxMjAmZGV2aWNldG9rZW49NTc1YjQ3YTgzNTYyOGZmOTk5MWRkNzI1ODZmNzlkMWIwZDdlNWZiZTkxZTQ0NGE5ZDcyNDJkM2Y4NDEzMGI1Yg==
request_method:GET
cookie
client_ip:192.168.1.2
error_no:14
error_msg:Invalid response_to for query. Expected 98909, got 16.
=====================2017-04-07 14:41:31===========================
service_cost:2.3609999999999
time:07/Apr/2017:14:41:31 +0800
entrance_type:Mozilla/5.0 (Windows NT 10.0; WOW64) AppleWebKit/537.36 (KHTML, like Gecko) Chrome/57.0.2987.110 Safari/537.36
ourl:/rank/rankinfo?UD=dWlkPTU4YTEwYzJkZDc5ZTRmYzhmODNmNmNmMSZzaWQ9M2M1NTAxZjU5MzBmZDFmNzc1NGRkM2E3NzEyNzQ3MWQmY2g9MTAwMDAmdj0xLjAuMC4wMCZwdD13eCZkdj0xMTAwMDAwMjAxMjAmZGV2aWNldG9rZW49NTc1YjQ3YTgzNTYyOGZmOTk5MWRkNzI1ODZmNzlkMWIwZDdlNWZiZTkxZTQ0NGE5ZDcyNDJkM2Y4NDEzMGI1Yg==
request_method:GET
cookie
client_ip:192.168.1.2
error_no:14
error_msg:Invalid response_to for query. Expected 98910, got 98909.
=====================2017-04-07 14:41:32===========================
service_cost:0.41000000000002
time:07/Apr/2017:14:41:32 +0800
entrance_type:Mozilla/5.0 (Windows NT 10.0; WOW64) AppleWebKit/537.36 (KHTML, like Gecko) Chrome/57.0.2987.110 Safari/537.36
ourl:/rank/rankinfo?UD=dWlkPTU4YTEwYzJkZDc5ZTRmYzhmODNmNmNmMSZzaWQ9M2M1NTAxZjU5MzBmZDFmNzc1NGRkM2E3NzEyNzQ3MWQmY2g9MTAwMDAmdj0xLjAuMC4wMCZwdD13eCZkdj0xMTAwMDAwMjAxMjAmZGV2aWNldG9rZW49NTc1YjQ3YTgzNTYyOGZmOTk5MWRkNzI1ODZmNzlkMWIwZDdlNWZiZTkxZTQ0NGE5ZDcyNDJkM2Y4NDEzMGI1Yg==
request_method:GET
cookie
client_ip:192.168.1.2
error_no:14
error_msg:Invalid response_to for query. Expected 98911, got 98910.
=====================2017-04-07 14:41:33===========================
service_cost:0.43199999999999
time:07/Apr/2017:14:41:33 +0800
entrance_type:Mozilla/5.0 (Windows NT 10.0; WOW64) AppleWebKit/537.36 (KHTML, like Gecko) Chrome/57.0.2987.110 Safari/537.36
ourl:/rank/rankinfo?UD=dWlkPTU4YTEwYzJkZDc5ZTRmYzhmODNmNmNmMSZzaWQ9M2M1NTAxZjU5MzBmZDFmNzc1NGRkM2E3NzEyNzQ3MWQmY2g9MTAwMDAmdj0xLjAuMC4wMCZwdD13eCZkdj0xMTAwMDAwMjAxMjAmZGV2aWNldG9rZW49NTc1YjQ3YTgzNTYyOGZmOTk5MWRkNzI1ODZmNzlkMWIwZDdlNWZiZTkxZTQ0NGE5ZDcyNDJkM2Y4NDEzMGI1Yg==
request_method:GET
cookie
client_ip:192.168.1.2
error_no:14
error_msg:Invalid response_to for query. Expected 98912, got 98911.
=====================2017-04-07 14:41:34===========================
service_cost:0.374
time:07/Apr/2017:14:41:34 +0800
entrance_type:Mozilla/5.0 (Windows NT 10.0; WOW64) AppleWebKit/537.36 (KHTML, like Gecko) Chrome/57.0.2987.110 Safari/537.36
ourl:/rank/rankinfo?UD=dWlkPTU4YTEwYzJkZDc5ZTRmYzhmODNmNmNmMSZzaWQ9M2M1NTAxZjU5MzBmZDFmNzc1NGRkM2E3NzEyNzQ3MWQmY2g9MTAwMDAmdj0xLjAuMC4wMCZwdD13eCZkdj0xMTAwMDAwMjAxMjAmZGV2aWNldG9rZW49NTc1YjQ3YTgzNTYyOGZmOTk5MWRkNzI1ODZmNzlkMWIwZDdlNWZiZTkxZTQ0NGE5ZDcyNDJkM2Y4NDEzMGI1Yg==
request_method:GET
cookie
client_ip:192.168.1.2
error_no:14
error_msg:Invalid response_to for query. Expected 98913, got 98912.
=====================2017-04-07 14:41:34===========================
service_cost:0.4320000000001
time:07/Apr/2017:14:41:34 +0800
entrance_type:Mozilla/5.0 (Windows NT 10.0; WOW64) AppleWebKit/537.36 (KHTML, like Gecko) Chrome/57.0.2987.110 Safari/537.36
ourl:/rank/rankinfo?UD=dWlkPTU4YTEwYzJkZDc5ZTRmYzhmODNmNmNmMSZzaWQ9M2M1NTAxZjU5MzBmZDFmNzc1NGRkM2E3NzEyNzQ3MWQmY2g9MTAwMDAmdj0xLjAuMC4wMCZwdD13eCZkdj0xMTAwMDAwMjAxMjAmZGV2aWNldG9rZW49NTc1YjQ3YTgzNTYyOGZmOTk5MWRkNzI1ODZmNzlkMWIwZDdlNWZiZTkxZTQ0NGE5ZDcyNDJkM2Y4NDEzMGI1Yg==
request_method:GET
cookie
client_ip:192.168.1.2
error_no:14
error_msg:Invalid response_to for query. Expected 98914, got 98913.
=====================2017-04-07 14:41:35===========================
service_cost:0.418
time:07/Apr/2017:14:41:35 +0800
entrance_type:Mozilla/5.0 (Windows NT 10.0; WOW64) AppleWebKit/537.36 (KHTML, like Gecko) Chrome/57.0.2987.110 Safari/537.36
ourl:/rank/rankinfo?UD=dWlkPTU4YTEwYzJkZDc5ZTRmYzhmODNmNmNmMSZzaWQ9M2M1NTAxZjU5MzBmZDFmNzc1NGRkM2E3NzEyNzQ3MWQmY2g9MTAwMDAmdj0xLjAuMC4wMCZwdD13eCZkdj0xMTAwMDAwMjAxMjAmZGV2aWNldG9rZW49NTc1YjQ3YTgzNTYyOGZmOTk5MWRkNzI1ODZmNzlkMWIwZDdlNWZiZTkxZTQ0NGE5ZDcyNDJkM2Y4NDEzMGI1Yg==
request_method:GET
cookie
client_ip:192.168.1.2
error_no:14
error_msg:Invalid response_to for query. Expected 98915, got 98914.
=====================2017-04-07 14:41:35===========================
service_cost:0.36700000000001
time:07/Apr/2017:14:41:35 +0800
entrance_type:Mozilla/5.0 (Windows NT 10.0; WOW64) AppleWebKit/537.36 (KHTML, like Gecko) Chrome/57.0.2987.110 Safari/537.36
ourl:/rank/rankinfo?UD=dWlkPTU4YTEwYzJkZDc5ZTRmYzhmODNmNmNmMSZzaWQ9M2M1NTAxZjU5MzBmZDFmNzc1NGRkM2E3NzEyNzQ3MWQmY2g9MTAwMDAmdj0xLjAuMC4wMCZwdD13eCZkdj0xMTAwMDAwMjAxMjAmZGV2aWNldG9rZW49NTc1YjQ3YTgzNTYyOGZmOTk5MWRkNzI1ODZmNzlkMWIwZDdlNWZiZTkxZTQ0NGE5ZDcyNDJkM2Y4NDEzMGI1Yg==
request_method:GET
cookie
client_ip:192.168.1.2
error_no:14
error_msg:Invalid response_to for query. Expected 98916, got 98915.
=====================2017-04-07 14:41:36===========================
service_cost:0.38299999999991
time:07/Apr/2017:14:41:36 +0800
entrance_type:Mozilla/5.0 (Windows NT 10.0; WOW64) AppleWebKit/537.36 (KHTML, like Gecko) Chrome/57.0.2987.110 Safari/537.36
ourl:/rank/rankinfo?UD=dWlkPTU4YTEwYzJkZDc5ZTRmYzhmODNmNmNmMSZzaWQ9M2M1NTAxZjU5MzBmZDFmNzc1NGRkM2E3NzEyNzQ3MWQmY2g9MTAwMDAmdj0xLjAuMC4wMCZwdD13eCZkdj0xMTAwMDAwMjAxMjAmZGV2aWNldG9rZW49NTc1YjQ3YTgzNTYyOGZmOTk5MWRkNzI1ODZmNzlkMWIwZDdlNWZiZTkxZTQ0NGE5ZDcyNDJkM2Y4NDEzMGI1Yg==
request_method:GET
cookie
client_ip:192.168.1.2
error_no:14
error_msg:Invalid response_to for query. Expected 98917, got 98916.
=====================2017-04-07 15:29:02===========================
service_cost:10.648
time:07/Apr/2017:15:29:02 +0800
entrance_type:Mozilla/5.0 (Windows NT 10.0; WOW64) AppleWebKit/537.36 (KHTML, like Gecko) Chrome/57.0.2987.110 Safari/537.36
ourl:/rank/rankinfo?UD=dWlkPTU4YTEwYzJkZDc5ZTRmYzhmODNmNmNmMSZzaWQ9M2M1NTAxZjU5MzBmZDFmNzc1NGRkM2E3NzEyNzQ3MWQmY2g9MTAwMDAmdj0xLjAuMC4wMCZwdD13eCZkdj0xMTAwMDAwMjAxMjAmZGV2aWNldG9rZW49NTc1YjQ3YTgzNTYyOGZmOTk5MWRkNzI1ODZmNzlkMWIwZDdlNWZiZTkxZTQ0NGE5ZDcyNDJkM2Y4NDEzMGI1Yg==
request_method:GET
cookie
client_ip:192.168.1.2
error_no:14
error_msg:Invalid response_to for query. Expected 98918, got 17.
=====================2017-04-07 15:29:04===========================
service_cost:0.43499999999996
time:07/Apr/2017:15:29:04 +0800
entrance_type:Mozilla/5.0 (Windows NT 10.0; WOW64) AppleWebKit/537.36 (KHTML, like Gecko) Chrome/57.0.2987.110 Safari/537.36
ourl:/rank/rankinfo?UD=dWlkPTU4YTEwYzJkZDc5ZTRmYzhmODNmNmNmMSZzaWQ9M2M1NTAxZjU5MzBmZDFmNzc1NGRkM2E3NzEyNzQ3MWQmY2g9MTAwMDAmdj0xLjAuMC4wMCZwdD13eCZkdj0xMTAwMDAwMjAxMjAmZGV2aWNldG9rZW49NTc1YjQ3YTgzNTYyOGZmOTk5MWRkNzI1ODZmNzlkMWIwZDdlNWZiZTkxZTQ0NGE5ZDcyNDJkM2Y4NDEzMGI1Yg==
request_method:GET
cookie
client_ip:192.168.1.2
error_no:14
error_msg:Invalid response_to for query. Expected 98919, got 98918.
=====================2017-04-07 15:29:51===========================
service_cost:0.504
time:07/Apr/2017:15:29:51 +0800
entrance_type:Mozilla/5.0 (Windows NT 10.0; WOW64) AppleWebKit/537.36 (KHTML, like Gecko) Chrome/57.0.2987.110 Safari/537.36
ourl:/rank/rankinfo?UD=dWlkPTU4YTEwYzJkZDc5ZTRmYzhmODNmNmNmMSZzaWQ9M2M1NTAxZjU5MzBmZDFmNzc1NGRkM2E3NzEyNzQ3MWQmY2g9MTAwMDAmdj0xLjAuMC4wMCZwdD13eCZkdj0xMTAwMDAwMjAxMjAmZGV2aWNldG9rZW49NTc1YjQ3YTgzNTYyOGZmOTk5MWRkNzI1ODZmNzlkMWIwZDdlNWZiZTkxZTQ0NGE5ZDcyNDJkM2Y4NDEzMGI1Yg==
request_method:GET
cookie
client_ip:192.168.1.2
error_no:59
error_msg:Unknown command error
=====================2017-04-07 15:29:57===========================
service_cost:4.2129999999999
time:07/Apr/2017:15:29:57 +0800
entrance_type:Mozilla/5.0 (Windows NT 10.0; WOW64) AppleWebKit/537.36 (KHTML, like Gecko) Chrome/57.0.2987.110 Safari/537.36
ourl:/rank/rankinfo?UD=dWlkPTU4YTEwYzJkZDc5ZTRmYzhmODNmNmNmMSZzaWQ9M2M1NTAxZjU5MzBmZDFmNzc1NGRkM2E3NzEyNzQ3MWQmY2g9MTAwMDAmdj0xLjAuMC4wMCZwdD13eCZkdj0xMTAwMDAwMjAxMjAmZGV2aWNldG9rZW49NTc1YjQ3YTgzNTYyOGZmOTk5MWRkNzI1ODZmNzlkMWIwZDdlNWZiZTkxZTQ0NGE5ZDcyNDJkM2Y4NDEzMGI1Yg==
request_method:GET
cookie
client_ip:192.168.1.2
error_no:14
error_msg:Invalid response_to for query. Expected 98922, got 98923.
=====================2017-04-07 15:31:09===========================
service_cost:4.1479999999999
time:07/Apr/2017:15:31:09 +0800
entrance_type:Mozilla/5.0 (Windows NT 10.0; WOW64) AppleWebKit/537.36 (KHTML, like Gecko) Chrome/57.0.2987.110 Safari/537.36
ourl:/rank/rankinfo?UD=dWlkPTU4YTEwYzJkZDc5ZTRmYzhmODNmNmNmMSZzaWQ9M2M1NTAxZjU5MzBmZDFmNzc1NGRkM2E3NzEyNzQ3MWQmY2g9MTAwMDAmdj0xLjAuMC4wMCZwdD13eCZkdj0xMTAwMDAwMjAxMjAmZGV2aWNldG9rZW49NTc1YjQ3YTgzNTYyOGZmOTk5MWRkNzI1ODZmNzlkMWIwZDdlNWZiZTkxZTQ0NGE5ZDcyNDJkM2Y4NDEzMGI1Yg==
request_method:GET
cookie
client_ip:192.168.1.2
error_no:14
error_msg:Invalid response_to for query. Expected 98924, got 18.
=====================2017-04-07 15:31:11===========================
service_cost:0.392
time:07/Apr/2017:15:31:11 +0800
entrance_type:Mozilla/5.0 (Windows NT 10.0; WOW64) AppleWebKit/537.36 (KHTML, like Gecko) Chrome/57.0.2987.110 Safari/537.36
ourl:/rank/rankinfo?UD=dWlkPTU4YTEwYzJkZDc5ZTRmYzhmODNmNmNmMSZzaWQ9M2M1NTAxZjU5MzBmZDFmNzc1NGRkM2E3NzEyNzQ3MWQmY2g9MTAwMDAmdj0xLjAuMC4wMCZwdD13eCZkdj0xMTAwMDAwMjAxMjAmZGV2aWNldG9rZW49NTc1YjQ3YTgzNTYyOGZmOTk5MWRkNzI1ODZmNzlkMWIwZDdlNWZiZTkxZTQ0NGE5ZDcyNDJkM2Y4NDEzMGI1Yg==
request_method:GET
cookie
client_ip:192.168.1.2
error_no:14
error_msg:Invalid response_to for query. Expected 98925, got 98924.
=====================2017-04-07 15:31:13===========================
service_cost:0.504
time:07/Apr/2017:15:31:13 +0800
entrance_type:Mozilla/5.0 (Windows NT 10.0; WOW64) AppleWebKit/537.36 (KHTML, like Gecko) Chrome/57.0.2987.110 Safari/537.36
ourl:/rank/rankinfo?UD=dWlkPTU4YTEwYzJkZDc5ZTRmYzhmODNmNmNmMSZzaWQ9M2M1NTAxZjU5MzBmZDFmNzc1NGRkM2E3NzEyNzQ3MWQmY2g9MTAwMDAmdj0xLjAuMC4wMCZwdD13eCZkdj0xMTAwMDAwMjAxMjAmZGV2aWNldG9rZW49NTc1YjQ3YTgzNTYyOGZmOTk5MWRkNzI1ODZmNzlkMWIwZDdlNWZiZTkxZTQ0NGE5ZDcyNDJkM2Y4NDEzMGI1Yg==
request_method:GET
cookie
client_ip:192.168.1.2
error_no:14
error_msg:Invalid response_to for query. Expected 98926, got 98925.
=====================2017-04-07 15:58:52===========================
service_cost:4.649
time:07/Apr/2017:15:58:52 +0800
entrance_type:Mozilla/5.0 (Windows NT 10.0; WOW64) AppleWebKit/537.36 (KHTML, like Gecko) Chrome/57.0.2987.110 Safari/537.36
ourl:/rank/rankinfo?UD=dWlkPTU4YTEwYzJkZDc5ZTRmYzhmODNmNmNmMSZzaWQ9M2M1NTAxZjU5MzBmZDFmNzc1NGRkM2E3NzEyNzQ3MWQmY2g9MTAwMDAmdj0xLjAuMC4wMCZwdD13eCZkdj0xMTAwMDAwMjAxMjAmZGV2aWNldG9rZW49NTc1YjQ3YTgzNTYyOGZmOTk5MWRkNzI1ODZmNzlkMWIwZDdlNWZiZTkxZTQ0NGE5ZDcyNDJkM2Y4NDEzMGI1Yg==
request_method:GET
cookie
client_ip:192.168.1.2
error_no:14
error_msg:Invalid response_to for query. Expected 98927, got 19.
=====================2017-04-07 15:58:54===========================
service_cost:1.182
time:07/Apr/2017:15:58:54 +0800
entrance_type:Mozilla/5.0 (Windows NT 10.0; WOW64) AppleWebKit/537.36 (KHTML, like Gecko) Chrome/57.0.2987.110 Safari/537.36
ourl:/rank/rankinfo?UD=dWlkPTU4YTEwYzJkZDc5ZTRmYzhmODNmNmNmMSZzaWQ9M2M1NTAxZjU5MzBmZDFmNzc1NGRkM2E3NzEyNzQ3MWQmY2g9MTAwMDAmdj0xLjAuMC4wMCZwdD13eCZkdj0xMTAwMDAwMjAxMjAmZGV2aWNldG9rZW49NTc1YjQ3YTgzNTYyOGZmOTk5MWRkNzI1ODZmNzlkMWIwZDdlNWZiZTkxZTQ0NGE5ZDcyNDJkM2Y4NDEzMGI1Yg==
request_method:GET
cookie
client_ip:192.168.1.2
error_no:14
error_msg:Invalid response_to for query. Expected 98928, got 98927.
=====================2017-04-07 19:06:49===========================
service_cost:23.216
time:07/Apr/2017:19:06:49 +0800
entrance_type:Mozilla/5.0 (Windows NT 10.0; WOW64) AppleWebKit/537.36 (KHTML, like Gecko) Chrome/57.0.2987.110 Safari/537.36
ourl:/rank/rankinfo?UD=dWlkPTU4YTEwYzJkZDc5ZTRmYzhmODNmNmNmMSZzaWQ9M2M1NTAxZjU5MzBmZDFmNzc1NGRkM2E3NzEyNzQ3MWQmY2g9MTAwMDAmdj0xLjAuMC4wMCZwdD13eCZkdj0xMTAwMDAwMjAxMjAmZGV2aWNldG9rZW49NTc1YjQ3YTgzNTYyOGZmOTk5MWRkNzI1ODZmNzlkMWIwZDdlNWZiZTkxZTQ0NGE5ZDcyNDJkM2Y4NDEzMGI1Yg==
request_method:GET
cookie
client_ip:192.168.1.2
error_no:-1
error_msg:Error parsing ObjectID string: 587f31742a46800e0a8b48e51
=====================2017-04-07 19:06:51===========================
service_cost:18.277
time:07/Apr/2017:19:06:51 +0800
entrance_type:Mozilla/5.0 (Windows NT 10.0; WOW64) AppleWebKit/537.36 (KHTML, like Gecko) Chrome/57.0.2987.110 Safari/537.36
ourl:/rank/rankinfo?UD=dWlkPTU4YTEwYzJkZDc5ZTRmYzhmODNmNmNmMSZzaWQ9M2M1NTAxZjU5MzBmZDFmNzc1NGRkM2E3NzEyNzQ3MWQmY2g9MTAwMDAmdj0xLjAuMC4wMCZwdD13eCZkdj0xMTAwMDAwMjAxMjAmZGV2aWNldG9rZW49NTc1YjQ3YTgzNTYyOGZmOTk5MWRkNzI1ODZmNzlkMWIwZDdlNWZiZTkxZTQ0NGE5ZDcyNDJkM2Y4NDEzMGI1Yg==
request_method:GET
cookie
client_ip:192.168.1.2
error_no:-1
error_msg:Error parsing ObjectID string: 587f31742a46800e0a8b48e51
=====================2017-04-07 19:06:52===========================
service_cost:16.045
time:07/Apr/2017:19:06:52 +0800
entrance_type:Mozilla/5.0 (Windows NT 10.0; WOW64) AppleWebKit/537.36 (KHTML, like Gecko) Chrome/57.0.2987.110 Safari/537.36
ourl:/rank/rankinfo?UD=dWlkPTU4YTEwYzJkZDc5ZTRmYzhmODNmNmNmMSZzaWQ9M2M1NTAxZjU5MzBmZDFmNzc1NGRkM2E3NzEyNzQ3MWQmY2g9MTAwMDAmdj0xLjAuMC4wMCZwdD13eCZkdj0xMTAwMDAwMjAxMjAmZGV2aWNldG9rZW49NTc1YjQ3YTgzNTYyOGZmOTk5MWRkNzI1ODZmNzlkMWIwZDdlNWZiZTkxZTQ0NGE5ZDcyNDJkM2Y4NDEzMGI1Yg==
request_method:GET
cookie
client_ip:192.168.1.2
error_no:-1
error_msg:Error parsing ObjectID string: 587f31742a46800e0a8b48e51
=====================2017-04-07 19:07:13===========================
service_cost:19.824
time:07/Apr/2017:19:07:13 +0800
entrance_type:Mozilla/5.0 (Windows NT 10.0; WOW64) AppleWebKit/537.36 (KHTML, like Gecko) Chrome/57.0.2987.110 Safari/537.36
ourl:/rank/rankinfo?UD=dWlkPTU4YTEwYzJkZDc5ZTRmYzhmODNmNmNmMSZzaWQ9M2M1NTAxZjU5MzBmZDFmNzc1NGRkM2E3NzEyNzQ3MWQmY2g9MTAwMDAmdj0xLjAuMC4wMCZwdD13eCZkdj0xMTAwMDAwMjAxMjAmZGV2aWNldG9rZW49NTc1YjQ3YTgzNTYyOGZmOTk5MWRkNzI1ODZmNzlkMWIwZDdlNWZiZTkxZTQ0NGE5ZDcyNDJkM2Y4NDEzMGI1Yg==
request_method:GET
cookie
client_ip:192.168.1.2
error_no:-1
error_msg:Error parsing ObjectID string: 587f31742a46800e0a8b48e51
=====================2017-04-07 19:07:14===========================
service_cost:19.728
time:07/Apr/2017:19:07:14 +0800
entrance_type:Mozilla/5.0 (Windows NT 10.0; WOW64) AppleWebKit/537.36 (KHTML, like Gecko) Chrome/57.0.2987.110 Safari/537.36
ourl:/rank/rankinfo?UD=dWlkPTU4YTEwYzJkZDc5ZTRmYzhmODNmNmNmMSZzaWQ9M2M1NTAxZjU5MzBmZDFmNzc1NGRkM2E3NzEyNzQ3MWQmY2g9MTAwMDAmdj0xLjAuMC4wMCZwdD13eCZkdj0xMTAwMDAwMjAxMjAmZGV2aWNldG9rZW49NTc1YjQ3YTgzNTYyOGZmOTk5MWRkNzI1ODZmNzlkMWIwZDdlNWZiZTkxZTQ0NGE5ZDcyNDJkM2Y4NDEzMGI1Yg==
request_method:GET
cookie
client_ip:192.168.1.2
error_no:-1
error_msg:Error parsing ObjectID string: 587f31742a46800e0a8b48e51
=====================2017-04-07 19:08:29===========================
service_cost:21.095
time:07/Apr/2017:19:08:29 +0800
entrance_type:Mozilla/5.0 (Windows NT 10.0; WOW64) AppleWebKit/537.36 (KHTML, like Gecko) Chrome/57.0.2987.110 Safari/537.36
ourl:/rank/rankinfo?UD=dWlkPTU4YTEwYzJkZDc5ZTRmYzhmODNmNmNmMSZzaWQ9M2M1NTAxZjU5MzBmZDFmNzc1NGRkM2E3NzEyNzQ3MWQmY2g9MTAwMDAmdj0xLjAuMC4wMCZwdD13eCZkdj0xMTAwMDAwMjAxMjAmZGV2aWNldG9rZW49NTc1YjQ3YTgzNTYyOGZmOTk5MWRkNzI1ODZmNzlkMWIwZDdlNWZiZTkxZTQ0NGE5ZDcyNDJkM2Y4NDEzMGI1Yg==
request_method:GET
cookie
client_ip:192.168.1.2
error_no:-1
error_msg:Error parsing ObjectID string: 587f31742a46800e0a8b48e51
=====================2017-04-07 19:08:32===========================
service_cost:16.624
time:07/Apr/2017:19:08:32 +0800
entrance_type:Mozilla/5.0 (Windows NT 10.0; WOW64) AppleWebKit/537.36 (KHTML, like Gecko) Chrome/57.0.2987.110 Safari/537.36
ourl:/rank/rankinfo?UD=dWlkPTU4YTEwYzJkZDc5ZTRmYzhmODNmNmNmMSZzaWQ9M2M1NTAxZjU5MzBmZDFmNzc1NGRkM2E3NzEyNzQ3MWQmY2g9MTAwMDAmdj0xLjAuMC4wMCZwdD13eCZkdj0xMTAwMDAwMjAxMjAmZGV2aWNldG9rZW49NTc1YjQ3YTgzNTYyOGZmOTk5MWRkNzI1ODZmNzlkMWIwZDdlNWZiZTkxZTQ0NGE5ZDcyNDJkM2Y4NDEzMGI1Yg==
request_method:GET
cookie
client_ip:192.168.1.2
error_no:-1
error_msg:Error parsing ObjectID string: 587f31742a46800e0a8b48e51
=====================2017-04-07 19:09:07===========================
service_cost:21.99
time:07/Apr/2017:19:09:07 +0800
entrance_type:Mozilla/5.0 (Windows NT 10.0; WOW64) AppleWebKit/537.36 (KHTML, like Gecko) Chrome/57.0.2987.110 Safari/537.36
ourl:/rank/rankinfo?UD=dWlkPTU4YTEwYzJkZDc5ZTRmYzhmODNmNmNmMSZzaWQ9M2M1NTAxZjU5MzBmZDFmNzc1NGRkM2E3NzEyNzQ3MWQmY2g9MTAwMDAmdj0xLjAuMC4wMCZwdD13eCZkdj0xMTAwMDAwMjAxMjAmZGV2aWNldG9rZW49NTc1YjQ3YTgzNTYyOGZmOTk5MWRkNzI1ODZmNzlkMWIwZDdlNWZiZTkxZTQ0NGE5ZDcyNDJkM2Y4NDEzMGI1Yg==
request_method:GET
cookie
client_ip:192.168.1.2
error_no:-1
error_msg:Error parsing ObjectID string: 587f31742a46800e0a8b48e51
=====================2017-04-07 19:15:09===========================
service_cost:9.365
time:07/Apr/2017:19:15:09 +0800
entrance_type:Mozilla/5.0 (Windows NT 10.0; WOW64) AppleWebKit/537.36 (KHTML, like Gecko) Chrome/57.0.2987.110 Safari/537.36
ourl:/rank/rankinfo?UD=dWlkPTU4YTEwYzJkZDc5ZTRmYzhmODNmNmNmMSZzaWQ9M2M1NTAxZjU5MzBmZDFmNzc1NGRkM2E3NzEyNzQ3MWQmY2g9MTAwMDAmdj0xLjAuMC4wMCZwdD13eCZkdj0xMTAwMDAwMjAxMjAmZGV2aWNldG9rZW49NTc1YjQ3YTgzNTYyOGZmOTk5MWRkNzI1ODZmNzlkMWIwZDdlNWZiZTkxZTQ0NGE5ZDcyNDJkM2Y4NDEzMGI1Yg==
request_method:GET
cookie
client_ip:192.168.1.2
error_no:410
error_msg:请登录
=====================2017-04-07 19:16:01===========================
service_cost:9.21
time:07/Apr/2017:19:16:01 +0800
entrance_type:Mozilla/5.0 (Windows NT 10.0; WOW64) AppleWebKit/537.36 (KHTML, like Gecko) Chrome/57.0.2987.110 Safari/537.36
ourl:/rank/rankinfo?UD=dWlkPTU4YTEwYzJkZDc5ZTRmYzhmODNmNmNmMSZzaWQ9M2M1NTAxZjU5MzBmZDFmNzc1NGRkM2E3NzEyNzQ3MWQmY2g9MTAwMDAmdj0xLjAuMC4wMCZwdD13eCZkdj0xMTAwMDAwMjAxMjAmZGV2aWNldG9rZW49NTc1YjQ3YTgzNTYyOGZmOTk5MWRkNzI1ODZmNzlkMWIwZDdlNWZiZTkxZTQ0NGE5ZDcyNDJkM2Y4NDEzMGI1Yg==
request_method:GET
cookie
client_ip:192.168.1.2
error_no:410
error_msg:请登录
=====================2017-04-07 19:19:24===========================
service_cost:10.769
time:07/Apr/2017:19:19:24 +0800
entrance_type:Mozilla/5.0 (Windows NT 10.0; WOW64) AppleWebKit/537.36 (KHTML, like Gecko) Chrome/57.0.2987.110 Safari/537.36
ourl:/rank/rankinfo?UD=dWlkPTU4YTEwYzJkZDc5ZTRmYzhmODNmNmNmMSZzaWQ9M2M1NTAxZjU5MzBmZDFmNzc1NGRkM2E3NzEyNzQ3MWQmY2g9MTAwMDAmdj0xLjAuMC4wMCZwdD13eCZkdj0xMTAwMDAwMjAxMjAmZGV2aWNldG9rZW49NTc1YjQ3YTgzNTYyOGZmOTk5MWRkNzI1ODZmNzlkMWIwZDdlNWZiZTkxZTQ0NGE5ZDcyNDJkM2Y4NDEzMGI1Yg==
request_method:GET
cookie
client_ip:192.168.1.2
error_no:410
error_msg:请登录
=====================2017-04-07 19:20:11===========================
service_cost:9.984
time:07/Apr/2017:19:20:11 +0800
entrance_type:Mozilla/5.0 (Windows NT 10.0; WOW64) AppleWebKit/537.36 (KHTML, like Gecko) Chrome/57.0.2987.110 Safari/537.36
ourl:/rank/rankinfo?UD=dWlkPTU4YTEwYzJkZDc5ZTRmYzhmODNmNmNmMSZzaWQ9M2M1NTAxZjU5MzBmZDFmNzc1NGRkM2E3NzEyNzQ3MWQmY2g9MTAwMDAmdj0xLjAuMC4wMCZwdD13eCZkdj0xMTAwMDAwMjAxMjAmZGV2aWNldG9rZW49NTc1YjQ3YTgzNTYyOGZmOTk5MWRkNzI1ODZmNzlkMWIwZDdlNWZiZTkxZTQ0NGE5ZDcyNDJkM2Y4NDEzMGI1Yg==
request_method:GET
cookie
client_ip:192.168.1.2
error_no:410
error_msg:请登录
=====================2017-04-07 19:20:12===========================
service_cost:5.192
time:07/Apr/2017:19:20:12 +0800
entrance_type:Mozilla/5.0 (Windows NT 10.0; WOW64) AppleWebKit/537.36 (KHTML, like Gecko) Chrome/57.0.2987.110 Safari/537.36
ourl:/rank/rankinfo?UD=dWlkPTU4YTEwYzJkZDc5ZTRmYzhmODNmNmNmMSZzaWQ9M2M1NTAxZjU5MzBmZDFmNzc1NGRkM2E3NzEyNzQ3MWQmY2g9MTAwMDAmdj0xLjAuMC4wMCZwdD13eCZkdj0xMTAwMDAwMjAxMjAmZGV2aWNldG9rZW49NTc1YjQ3YTgzNTYyOGZmOTk5MWRkNzI1ODZmNzlkMWIwZDdlNWZiZTkxZTQ0NGE5ZDcyNDJkM2Y4NDEzMGI1Yg==
request_method:GET
cookie
client_ip:192.168.1.2
error_no:410
error_msg:请登录
=====================2017-04-07 19:20:29===========================
service_cost:8.595
time:07/Apr/2017:19:20:29 +0800
entrance_type:Mozilla/5.0 (Windows NT 10.0; WOW64) AppleWebKit/537.36 (KHTML, like Gecko) Chrome/57.0.2987.110 Safari/537.36
ourl:/rank/rankinfo?UD=dWlkPTU4YTEwYzJkZDc5ZTRmYzhmODNmNmNmMSZzaWQ9M2M1NTAxZjU5MzBmZDFmNzc1NGRkM2E3NzEyNzQ3MWQmY2g9MTAwMDAmdj0xLjAuMC4wMCZwdD13eCZkdj0xMTAwMDAwMjAxMjAmZGV2aWNldG9rZW49NTc1YjQ3YTgzNTYyOGZmOTk5MWRkNzI1ODZmNzlkMWIwZDdlNWZiZTkxZTQ0NGE5ZDcyNDJkM2Y4NDEzMGI1Yg==
request_method:GET
cookie
client_ip:192.168.1.2
error_no:410
error_msg:请登录
=====================2017-04-07 19:20:30===========================
service_cost:3.97
time:07/Apr/2017:19:20:30 +0800
entrance_type:Mozilla/5.0 (Windows NT 10.0; WOW64) AppleWebKit/537.36 (KHTML, like Gecko) Chrome/57.0.2987.110 Safari/537.36
ourl:/rank/rankinfo?UD=dWlkPTU4YTEwYzJkZDc5ZTRmYzhmODNmNmNmMSZzaWQ9M2M1NTAxZjU5MzBmZDFmNzc1NGRkM2E3NzEyNzQ3MWQmY2g9MTAwMDAmdj0xLjAuMC4wMCZwdD13eCZkdj0xMTAwMDAwMjAxMjAmZGV2aWNldG9rZW49NTc1YjQ3YTgzNTYyOGZmOTk5MWRkNzI1ODZmNzlkMWIwZDdlNWZiZTkxZTQ0NGE5ZDcyNDJkM2Y4NDEzMGI1Yg==
request_method:GET
cookie
client_ip:192.168.1.2
error_no:410
error_msg:请登录
=====================2017-04-07 19:20:49===========================
service_cost:8.241
time:07/Apr/2017:19:20:49 +0800
entrance_type:Mozilla/5.0 (Windows NT 10.0; WOW64) AppleWebKit/537.36 (KHTML, like Gecko) Chrome/57.0.2987.110 Safari/537.36
ourl:/rank/rankinfo?UD=dWlkPTU4YTEwYzJkZDc5ZTRmYzhmODNmNmNmMSZzaWQ9M2M1NTAxZjU5MzBmZDFmNzc1NGRkM2E3NzEyNzQ3MWQmY2g9MTAwMDAmdj0xLjAuMC4wMCZwdD13eCZkdj0xMTAwMDAwMjAxMjAmZGV2aWNldG9rZW49NTc1YjQ3YTgzNTYyOGZmOTk5MWRkNzI1ODZmNzlkMWIwZDdlNWZiZTkxZTQ0NGE5ZDcyNDJkM2Y4NDEzMGI1Yg==
request_method:GET
cookie
client_ip:192.168.1.2
error_no:410
error_msg:请登录
=====================2017-04-07 19:50:36===========================
service_cost:13.767
time:07/Apr/2017:19:50:36 +0800
entrance_type:Mozilla/5.0 (Windows NT 10.0; WOW64) AppleWebKit/537.36 (KHTML, like Gecko) Chrome/57.0.2987.110 Safari/537.36
ourl:/rank/rankinfo?UD=dWlkPTU4YTEwYzJkZDc5ZTRmYzhmODNmNmNmMSZzaWQ9M2M1NTAxZjU5MzBmZDFmNzc1NGRkM2E3NzEyNzQ3MWQmY2g9MTAwMDAmdj0xLjAuMC4wMCZwdD13eCZkdj0xMTAwMDAwMjAxMjAmZGV2aWNldG9rZW49NTc1YjQ3YTgzNTYyOGZmOTk5MWRkNzI1ODZmNzlkMWIwZDdlNWZiZTkxZTQ0NGE5ZDcyNDJkM2Y4NDEzMGI1Yg==
request_method:GET
cookie
client_ip:192.168.1.2
error_no:-1
error_msg:Not safe for none match or update fields
