=====================2017-04-18 10:14:27===========================
service_cost:31.684
time:18/Apr/2017:10:14:27 +0800
entrance_type:Mozilla/5.0 (Windows NT 10.0; WOW64) AppleWebKit/537.36 (KHTML, like Gecko) Chrome/57.0.2987.110 Safari/537.36
ourl:/user/myHealthRecords?UD=dWlkPTU4N2YzMTc2MmE0NjgwMGUwYThiNGVhOCZzaWQ9Y2VkNzJhODI4NWIwYWVlYWRmZjNmNzgyMDJiZDU0OGMmY2g9MTAwMDAmdj0xLjAuMC4wMCZwdD1oNSZkdj0xMTAwMDAwMjAxMjAmZGV2aWNldG9rZW49YjQyNTBhODBhZDY2M2Q0Y2IwOWMxY2QxYzdmZmRiZmIwZWE4ODA4NmUzN2IyZmNjNTk0ZWY0NWM5ODBlMzFhNw==
request_method:GET
cookie
client_ip:192.168.1.26
error_no
error_msg:success
=====================2017-04-18 10:21:00===========================
service_cost:34.912
time:18/Apr/2017:10:21:00 +0800
entrance_type:Mozilla/5.0 (Windows NT 10.0; WOW64) AppleWebKit/537.36 (KHTML, like Gecko) Chrome/57.0.2987.110 Safari/537.36
ourl:/user/myHealthRecords?UD=dWlkPTU4N2YzMTc2MmE0NjgwMGUwYThiNGVhOCZzaWQ9Y2VkNzJhODI4NWIwYWVlYWRmZjNmNzgyMDJiZDU0OGMmY2g9MTAwMDAmdj0xLjAuMC4wMCZwdD1oNSZkdj0xMTAwMDAwMjAxMjAmZGV2aWNldG9rZW49YjQyNTBhODBhZDY2M2Q0Y2IwOWMxY2QxYzdmZmRiZmIwZWE4ODA4NmUzN2IyZmNjNTk0ZWY0NWM5ODBlMzFhNw==&page=1&count=2
request_method:GET
cookie
client_ip:192.168.1.26
error_no
error_msg:success
=====================2017-04-18 10:30:29===========================
service_cost:-954.055
time:18/Apr/2017:10:30:29 +0800
entrance_type:Mozilla/5.0 (Windows NT 10.0; WOW64) AppleWebKit/537.36 (KHTML, like Gecko) Chrome/57.0.2987.110 Safari/537.36
ourl:/user/myHealthRecords?UD=dWlkPTU4N2YzMTc2MmE0NjgwMGUwYThiNGVhOCZzaWQ9Y2VkNzJhODI4NWIwYWVlYWRmZjNmNzgyMDJiZDU0OGMmY2g9MTAwMDAmdj0xLjAuMC4wMCZwdD1oNSZkdj0xMTAwMDAwMjAxMjAmZGV2aWNldG9rZW49YjQyNTBhODBhZDY2M2Q0Y2IwOWMxY2QxYzdmZmRiZmIwZWE4ODA4NmUzN2IyZmNjNTk0ZWY0NWM5ODBlMzFhNw==&page=1&count=2
request_method:GET
cookie
client_ip:192.168.1.26
error_no
error_msg:success
=====================2017-04-18 10:30:29===========================
service_cost:38.143
time:18/Apr/2017:10:30:29 +0800
entrance_type:Mozilla/5.0 (Windows NT 10.0; WOW64) AppleWebKit/537.36 (KHTML, like Gecko) Chrome/57.0.2987.110 Safari/537.36
ourl:/user/myHealthRecords?UD=dWlkPTU4N2YzMTc2MmE0NjgwMGUwYThiNGVhOCZzaWQ9Y2VkNzJhODI4NWIwYWVlYWRmZjNmNzgyMDJiZDU0OGMmY2g9MTAwMDAmdj0xLjAuMC4wMCZwdD1oNSZkdj0xMTAwMDAwMjAxMjAmZGV2aWNldG9rZW49YjQyNTBhODBhZDY2M2Q0Y2IwOWMxY2QxYzdmZmRiZmIwZWE4ODA4NmUzN2IyZmNjNTk0ZWY0NWM5ODBlMzFhNw==&page=1&count=2
request_method:GET
cookie
client_ip:192.168.1.26
error_no
error_msg:success
=====================2017-04-18 10:31:32===========================
service_cost:15.588
time:18/Apr/2017:10:31:32 +0800
entrance_type:Mozilla/5.0 (Windows NT 10.0; WOW64) AppleWebKit/537.36 (KHTML, like Gecko) Chrome/57.0.2987.110 Safari/537.36
ourl:/user/addRelation?UD=dWlkPTU4N2YzMTc2MmE0NjgwMGUwYThiNGVhOCZzaWQ9Y2VkNzJhODI4NWIwYWVlYWRmZjNmNzgyMDJiZDU0OGMmY2g9MTAwMDAmdj0xLjAuMC4wMCZwdD1oNSZkdj0xMTAwMDAwMjAxMjAmZGV2aWNldG9rZW49YjQyNTBhODBhZDY2M2Q0Y2IwOWMxY2QxYzdmZmRiZmIwZWE4ODA4NmUzN2IyZmNjNTk0ZWY0NWM5ODBlMzFhNw==
request_method:POST
cookie
client_ip:192.168.1.26
error_no
error_msg:success
=====================2017-04-18 10:31:36===========================
service_cost:18.538
time:18/Apr/2017:10:31:36 +0800
entrance_type:Mozilla/5.0 (Windows NT 10.0; WOW64) AppleWebKit/537.36 (KHTML, like Gecko) Chrome/57.0.2987.110 Safari/537.36
ourl:/user/addRelation?UD=dWlkPTU4N2YzMTc2MmE0NjgwMGUwYThiNGVhOCZzaWQ9Y2VkNzJhODI4NWIwYWVlYWRmZjNmNzgyMDJiZDU0OGMmY2g9MTAwMDAmdj0xLjAuMC4wMCZwdD1oNSZkdj0xMTAwMDAwMjAxMjAmZGV2aWNldG9rZW49YjQyNTBhODBhZDY2M2Q0Y2IwOWMxY2QxYzdmZmRiZmIwZWE4ODA4NmUzN2IyZmNjNTk0ZWY0NWM5ODBlMzFhNw==
request_method:POST
cookie
client_ip:192.168.1.26
error_no
error_msg:success
=====================2017-04-18 10:57:35===========================
service_cost:18.145
time:18/Apr/2017:10:57:35 +0800
entrance_type:Mozilla/5.0 (Windows NT 10.0; WOW64) AppleWebKit/537.36 (KHTML, like Gecko) Chrome/57.0.2987.110 Safari/537.36
ourl:/user/addRelation?UD=dWlkPTU4N2YzMTc2MmE0NjgwMGUwYThiNGVhOCZzaWQ9Y2VkNzJhODI4NWIwYWVlYWRmZjNmNzgyMDJiZDU0OGMmY2g9MTAwMDAmdj0xLjAuMC4wMCZwdD1oNSZkdj0xMTAwMDAwMjAxMjAmZGV2aWNldG9rZW49YjQyNTBhODBhZDY2M2Q0Y2IwOWMxY2QxYzdmZmRiZmIwZWE4ODA4NmUzN2IyZmNjNTk0ZWY0NWM5ODBlMzFhNw==&relation=1&parentName=awe&phone=135222121451
request_method:POST
cookie
client_ip:192.168.1.26
error_no:408
error_msg:修改用户失败
=====================2017-04-18 11:25:05===========================
service_cost:35.64
time:18/Apr/2017:11:25:05 +0800
entrance_type:Mozilla/5.0 (Windows NT 10.0; WOW64) AppleWebKit/537.36 (KHTML, like Gecko) Chrome/57.0.2987.110 Safari/537.36
ourl:/user/addRelation?UD=dWlkPTU4N2YzMTc2MmE0NjgwMGUwYThiNGVhOCZzaWQ9Y2VkNzJhODI4NWIwYWVlYWRmZjNmNzgyMDJiZDU0OGMmY2g9MTAwMDAmdj0xLjAuMC4wMCZwdD1oNSZkdj0xMTAwMDAwMjAxMjAmZGV2aWNldG9rZW49YjQyNTBhODBhZDY2M2Q0Y2IwOWMxY2QxYzdmZmRiZmIwZWE4ODA4NmUzN2IyZmNjNTk0ZWY0NWM5ODBlMzFhNw==&relation=1&parentName=awe&phone=13522212145
request_method:POST
cookie
client_ip:192.168.1.26
error_no
error_msg:success
=====================2017-04-18 11:25:08===========================
service_cost:23.237
time:18/Apr/2017:11:25:08 +0800
entrance_type:Mozilla/5.0 (Windows NT 10.0; WOW64) AppleWebKit/537.36 (KHTML, like Gecko) Chrome/57.0.2987.110 Safari/537.36
ourl:/user/addRelation?UD=dWlkPTU4N2YzMTc2MmE0NjgwMGUwYThiNGVhOCZzaWQ9Y2VkNzJhODI4NWIwYWVlYWRmZjNmNzgyMDJiZDU0OGMmY2g9MTAwMDAmdj0xLjAuMC4wMCZwdD1oNSZkdj0xMTAwMDAwMjAxMjAmZGV2aWNldG9rZW49YjQyNTBhODBhZDY2M2Q0Y2IwOWMxY2QxYzdmZmRiZmIwZWE4ODA4NmUzN2IyZmNjNTk0ZWY0NWM5ODBlMzFhNw==&relation=1&parentName=awe&phone=13522212145
request_method:POST
cookie
client_ip:192.168.1.26
error_no:USER_EXIST_PHONE
error_msg:success
=====================2017-04-18 11:35:10===========================
service_cost:30.663
time:18/Apr/2017:11:35:10 +0800
entrance_type:Mozilla/5.0 (Windows NT 10.0; WOW64) AppleWebKit/537.36 (KHTML, like Gecko) Chrome/57.0.2987.110 Safari/537.36
ourl:/user/addRelation?UD=dWlkPTU4N2YzMTc2MmE0NjgwMGUwYThiNGVhOCZzaWQ9Y2VkNzJhODI4NWIwYWVlYWRmZjNmNzgyMDJiZDU0OGMmY2g9MTAwMDAmdj0xLjAuMC4wMCZwdD1oNSZkdj0xMTAwMDAwMjAxMjAmZGV2aWNldG9rZW49YjQyNTBhODBhZDY2M2Q0Y2IwOWMxY2QxYzdmZmRiZmIwZWE4ODA4NmUzN2IyZmNjNTk0ZWY0NWM5ODBlMzFhNw==&relation=1&parentName=awe&phone=13522212145
request_method:POST
cookie
client_ip:192.168.1.26
error_no
error_msg:success
=====================2017-04-18 11:35:13===========================
service_cost:24.064
time:18/Apr/2017:11:35:13 +0800
entrance_type:Mozilla/5.0 (Windows NT 10.0; WOW64) AppleWebKit/537.36 (KHTML, like Gecko) Chrome/57.0.2987.110 Safari/537.36
ourl:/user/addRelation?UD=dWlkPTU4N2YzMTc2MmE0NjgwMGUwYThiNGVhOCZzaWQ9Y2VkNzJhODI4NWIwYWVlYWRmZjNmNzgyMDJiZDU0OGMmY2g9MTAwMDAmdj0xLjAuMC4wMCZwdD1oNSZkdj0xMTAwMDAwMjAxMjAmZGV2aWNldG9rZW49YjQyNTBhODBhZDY2M2Q0Y2IwOWMxY2QxYzdmZmRiZmIwZWE4ODA4NmUzN2IyZmNjNTk0ZWY0NWM5ODBlMzFhNw==&relation=1&parentName=awe&phone=13522212145
request_method:POST
cookie
client_ip:192.168.1.26
error_no:416
error_msg:未知错误
=====================2017-04-18 11:39:36===========================
service_cost:-967.136
time:18/Apr/2017:11:39:36 +0800
entrance_type:Mozilla/5.0 (Windows NT 10.0; WOW64) AppleWebKit/537.36 (KHTML, like Gecko) Chrome/57.0.2987.110 Safari/537.36
ourl:/user/addRelation?UD=dWlkPTU4N2YzMTc2MmE0NjgwMGUwYThiNGVhOCZzaWQ9Y2VkNzJhODI4NWIwYWVlYWRmZjNmNzgyMDJiZDU0OGMmY2g9MTAwMDAmdj0xLjAuMC4wMCZwdD1oNSZkdj0xMTAwMDAwMjAxMjAmZGV2aWNldG9rZW49YjQyNTBhODBhZDY2M2Q0Y2IwOWMxY2QxYzdmZmRiZmIwZWE4ODA4NmUzN2IyZmNjNTk0ZWY0NWM5ODBlMzFhNw==&relation=1&parentName=awe&phone=13522212145
request_method:POST
cookie
client_ip:192.168.1.26
error_no
error_msg:success
=====================2017-04-18 11:39:39===========================
service_cost:33.065
time:18/Apr/2017:11:39:39 +0800
entrance_type:Mozilla/5.0 (Windows NT 10.0; WOW64) AppleWebKit/537.36 (KHTML, like Gecko) Chrome/57.0.2987.110 Safari/537.36
ourl:/user/addRelation?UD=dWlkPTU4N2YzMTc2MmE0NjgwMGUwYThiNGVhOCZzaWQ9Y2VkNzJhODI4NWIwYWVlYWRmZjNmNzgyMDJiZDU0OGMmY2g9MTAwMDAmdj0xLjAuMC4wMCZwdD1oNSZkdj0xMTAwMDAwMjAxMjAmZGV2aWNldG9rZW49YjQyNTBhODBhZDY2M2Q0Y2IwOWMxY2QxYzdmZmRiZmIwZWE4ODA4NmUzN2IyZmNjNTk0ZWY0NWM5ODBlMzFhNw==&relation=1&parentName=awe&phone=13522212145
request_method:POST
cookie
client_ip:192.168.1.26
error_no:416
error_msg:用户手机号已经存在
=====================2017-04-18 13:43:14===========================
service_cost:37.58
time:18/Apr/2017:13:43:14 +0800
entrance_type:Mozilla/5.0 (Windows NT 10.0; WOW64) AppleWebKit/537.36 (KHTML, like Gecko) Chrome/57.0.2987.110 Safari/537.36
ourl:/user/relation?UD=dWlkPTU4N2YzMTc2MmE0NjgwMGUwYThiNGVhOCZzaWQ9Y2VkNzJhODI4NWIwYWVlYWRmZjNmNzgyMDJiZDU0OGMmY2g9MTAwMDAmdj0xLjAuMC4wMCZwdD1oNSZkdj0xMTAwMDAwMjAxMjAmZGV2aWNldG9rZW49YjQyNTBhODBhZDY2M2Q0Y2IwOWMxY2QxYzdmZmRiZmIwZWE4ODA4NmUzN2IyZmNjNTk0ZWY0NWM5ODBlMzFhNw==&relation=1&parentName=awe&phone=13522212145
request_method:DELETE
cookie
client_ip:192.168.1.26
error_no
error_msg:success
=====================2017-04-18 13:43:15===========================
service_cost:26.25
time:18/Apr/2017:13:43:15 +0800
entrance_type:Mozilla/5.0 (Windows NT 10.0; WOW64) AppleWebKit/537.36 (KHTML, like Gecko) Chrome/57.0.2987.110 Safari/537.36
ourl:/user/relation?UD=dWlkPTU4N2YzMTc2MmE0NjgwMGUwYThiNGVhOCZzaWQ9Y2VkNzJhODI4NWIwYWVlYWRmZjNmNzgyMDJiZDU0OGMmY2g9MTAwMDAmdj0xLjAuMC4wMCZwdD1oNSZkdj0xMTAwMDAwMjAxMjAmZGV2aWNldG9rZW49YjQyNTBhODBhZDY2M2Q0Y2IwOWMxY2QxYzdmZmRiZmIwZWE4ODA4NmUzN2IyZmNjNTk0ZWY0NWM5ODBlMzFhNw==&relation=1&parentName=awe&phone=13522212145
request_method:DELETE
cookie
client_ip:192.168.1.26
error_no:408
error_msg:修改用户失败
=====================2017-04-18 13:48:00===========================
service_cost:25.493
time:18/Apr/2017:13:48:00 +0800
entrance_type:Mozilla/5.0 (Windows NT 10.0; WOW64) AppleWebKit/537.36 (KHTML, like Gecko) Chrome/57.0.2987.110 Safari/537.36
ourl:/user/relation?UD=dWlkPTU4N2YzMTc2MmE0NjgwMGUwYThiNGVhOCZzaWQ9Y2VkNzJhODI4NWIwYWVlYWRmZjNmNzgyMDJiZDU0OGMmY2g9MTAwMDAmdj0xLjAuMC4wMCZwdD1oNSZkdj0xMTAwMDAwMjAxMjAmZGV2aWNldG9rZW49YjQyNTBhODBhZDY2M2Q0Y2IwOWMxY2QxYzdmZmRiZmIwZWE4ODA4NmUzN2IyZmNjNTk0ZWY0NWM5ODBlMzFhNw==&relation=1&parentName=awe&phone=13522212145
request_method:DELETE
cookie
client_ip:192.168.1.26
error_no:408
error_msg:修改用户失败
=====================2017-04-18 13:48:01===========================
service_cost:27.455
time:18/Apr/2017:13:48:01 +0800
entrance_type:Mozilla/5.0 (Windows NT 10.0; WOW64) AppleWebKit/537.36 (KHTML, like Gecko) Chrome/57.0.2987.110 Safari/537.36
ourl:/user/relation?UD=dWlkPTU4N2YzMTc2MmE0NjgwMGUwYThiNGVhOCZzaWQ9Y2VkNzJhODI4NWIwYWVlYWRmZjNmNzgyMDJiZDU0OGMmY2g9MTAwMDAmdj0xLjAuMC4wMCZwdD1oNSZkdj0xMTAwMDAwMjAxMjAmZGV2aWNldG9rZW49YjQyNTBhODBhZDY2M2Q0Y2IwOWMxY2QxYzdmZmRiZmIwZWE4ODA4NmUzN2IyZmNjNTk0ZWY0NWM5ODBlMzFhNw==&relation=1&parentName=awe&phone=13522212145
request_method:DELETE
cookie
client_ip:192.168.1.26
error_no:408
error_msg:修改用户失败
=====================2017-04-18 13:48:02===========================
service_cost:25.607
time:18/Apr/2017:13:48:02 +0800
entrance_type:Mozilla/5.0 (Windows NT 10.0; WOW64) AppleWebKit/537.36 (KHTML, like Gecko) Chrome/57.0.2987.110 Safari/537.36
ourl:/user/relation?UD=dWlkPTU4N2YzMTc2MmE0NjgwMGUwYThiNGVhOCZzaWQ9Y2VkNzJhODI4NWIwYWVlYWRmZjNmNzgyMDJiZDU0OGMmY2g9MTAwMDAmdj0xLjAuMC4wMCZwdD1oNSZkdj0xMTAwMDAwMjAxMjAmZGV2aWNldG9rZW49YjQyNTBhODBhZDY2M2Q0Y2IwOWMxY2QxYzdmZmRiZmIwZWE4ODA4NmUzN2IyZmNjNTk0ZWY0NWM5ODBlMzFhNw==&relation=1&parentName=awe&phone=13522212145
request_method:DELETE
cookie
client_ip:192.168.1.26
error_no:408
error_msg:修改用户失败
=====================2017-04-18 13:49:08===========================
service_cost:30.061
time:18/Apr/2017:13:49:08 +0800
entrance_type:Mozilla/5.0 (Windows NT 10.0; WOW64) AppleWebKit/537.36 (KHTML, like Gecko) Chrome/57.0.2987.110 Safari/537.36
ourl:/user/relation?UD=dWlkPTU4N2YzMTc2MmE0NjgwMGUwYThiNGVhOCZzaWQ9Y2VkNzJhODI4NWIwYWVlYWRmZjNmNzgyMDJiZDU0OGMmY2g9MTAwMDAmdj0xLjAuMC4wMCZwdD1oNSZkdj0xMTAwMDAwMjAxMjAmZGV2aWNldG9rZW49YjQyNTBhODBhZDY2M2Q0Y2IwOWMxY2QxYzdmZmRiZmIwZWE4ODA4NmUzN2IyZmNjNTk0ZWY0NWM5ODBlMzFhNw==&relation=1&phone=13522213145&parentName=asdasd
request_method:POST
cookie
client_ip:192.168.1.26
error_no
error_msg:success
=====================2017-04-18 13:49:11===========================
service_cost:27.814
time:18/Apr/2017:13:49:11 +0800
entrance_type:Mozilla/5.0 (Windows NT 10.0; WOW64) AppleWebKit/537.36 (KHTML, like Gecko) Chrome/57.0.2987.110 Safari/537.36
ourl:/user/relation?UD=dWlkPTU4N2YzMTc2MmE0NjgwMGUwYThiNGVhOCZzaWQ9Y2VkNzJhODI4NWIwYWVlYWRmZjNmNzgyMDJiZDU0OGMmY2g9MTAwMDAmdj0xLjAuMC4wMCZwdD1oNSZkdj0xMTAwMDAwMjAxMjAmZGV2aWNldG9rZW49YjQyNTBhODBhZDY2M2Q0Y2IwOWMxY2QxYzdmZmRiZmIwZWE4ODA4NmUzN2IyZmNjNTk0ZWY0NWM5ODBlMzFhNw==&relation=1&phone=13522213145&parentName=asdasd
request_method:POST
cookie
client_ip:192.168.1.26
error_no:416
error_msg:用户手机号已经存在
=====================2017-04-18 13:49:32===========================
service_cost:51.622
time:18/Apr/2017:13:49:32 +0800
entrance_type:Mozilla/5.0 (Windows NT 10.0; WOW64) AppleWebKit/537.36 (KHTML, like Gecko) Chrome/57.0.2987.110 Safari/537.36
ourl:/user/relation?UD=dWlkPTU4N2YzMTc2MmE0NjgwMGUwYThiNGVhOCZzaWQ9Y2VkNzJhODI4NWIwYWVlYWRmZjNmNzgyMDJiZDU0OGMmY2g9MTAwMDAmdj0xLjAuMC4wMCZwdD1oNSZkdj0xMTAwMDAwMjAxMjAmZGV2aWNldG9rZW49YjQyNTBhODBhZDY2M2Q0Y2IwOWMxY2QxYzdmZmRiZmIwZWE4ODA4NmUzN2IyZmNjNTk0ZWY0NWM5ODBlMzFhNw==&phone=13522212145
request_method:DELETE
cookie
client_ip:192.168.1.26
error_no:408
error_msg:修改用户失败
=====================2017-04-18 13:49:34===========================
service_cost:29.578
time:18/Apr/2017:13:49:34 +0800
entrance_type:Mozilla/5.0 (Windows NT 10.0; WOW64) AppleWebKit/537.36 (KHTML, like Gecko) Chrome/57.0.2987.110 Safari/537.36
ourl:/user/relation?UD=dWlkPTU4N2YzMTc2MmE0NjgwMGUwYThiNGVhOCZzaWQ9Y2VkNzJhODI4NWIwYWVlYWRmZjNmNzgyMDJiZDU0OGMmY2g9MTAwMDAmdj0xLjAuMC4wMCZwdD1oNSZkdj0xMTAwMDAwMjAxMjAmZGV2aWNldG9rZW49YjQyNTBhODBhZDY2M2Q0Y2IwOWMxY2QxYzdmZmRiZmIwZWE4ODA4NmUzN2IyZmNjNTk0ZWY0NWM5ODBlMzFhNw==&phone=13522212145
request_method:DELETE
cookie
client_ip:192.168.1.26
error_no:408
error_msg:修改用户失败
=====================2017-04-18 13:55:28===========================
service_cost:274.814
time:18/Apr/2017:13:55:28 +0800
entrance_type:Mozilla/5.0 (Windows NT 10.0; WOW64) AppleWebKit/537.36 (KHTML, like Gecko) Chrome/57.0.2987.110 Safari/537.36
ourl:/user/relation?UD=dWlkPTU4N2YzMTc2MmE0NjgwMGUwYThiNGVhOCZzaWQ9Y2VkNzJhODI4NWIwYWVlYWRmZjNmNzgyMDJiZDU0OGMmY2g9MTAwMDAmdj0xLjAuMC4wMCZwdD1oNSZkdj0xMTAwMDAwMjAxMjAmZGV2aWNldG9rZW49YjQyNTBhODBhZDY2M2Q0Y2IwOWMxY2QxYzdmZmRiZmIwZWE4ODA4NmUzN2IyZmNjNTk0ZWY0NWM5ODBlMzFhNw==&phone=13522213145
request_method:DELETE
cookie
client_ip:192.168.1.26
error_no
error_msg:success
=====================2017-04-18 13:55:30===========================
service_cost:-966.952
time:18/Apr/2017:13:55:30 +0800
entrance_type:Mozilla/5.0 (Windows NT 10.0; WOW64) AppleWebKit/537.36 (KHTML, like Gecko) Chrome/57.0.2987.110 Safari/537.36
ourl:/user/relation?UD=dWlkPTU4N2YzMTc2MmE0NjgwMGUwYThiNGVhOCZzaWQ9Y2VkNzJhODI4NWIwYWVlYWRmZjNmNzgyMDJiZDU0OGMmY2g9MTAwMDAmdj0xLjAuMC4wMCZwdD1oNSZkdj0xMTAwMDAwMjAxMjAmZGV2aWNldG9rZW49YjQyNTBhODBhZDY2M2Q0Y2IwOWMxY2QxYzdmZmRiZmIwZWE4ODA4NmUzN2IyZmNjNTk0ZWY0NWM5ODBlMzFhNw==&phone=13522213145
request_method:DELETE
cookie
client_ip:192.168.1.26
error_no:408
error_msg:修改用户失败
=====================2017-04-18 14:06:38===========================
service_cost:142.907
time:18/Apr/2017:14:06:38 +0800
entrance_type:Mozilla/5.0 (Windows NT 10.0; WOW64) AppleWebKit/537.36 (KHTML, like Gecko) Chrome/57.0.2987.110 Safari/537.36
ourl:/user/relation?UD=dWlkPTU4N2YzMTc2MmE0NjgwMGUwYThiNGVhOCZzaWQ9Y2VkNzJhODI4NWIwYWVlYWRmZjNmNzgyMDJiZDU0OGMmY2g9MTAwMDAmdj0xLjAuMC4wMCZwdD1oNSZkdj0xMTAwMDAwMjAxMjAmZGV2aWNldG9rZW49YjQyNTBhODBhZDY2M2Q0Y2IwOWMxY2QxYzdmZmRiZmIwZWE4ODA4NmUzN2IyZmNjNTk0ZWY0NWM5ODBlMzFhNw==&phone=13522213145
request_method:GET
cookie
client_ip:192.168.1.26
error_no
error_msg:success
=====================2017-04-18 14:10:06===========================
service_cost:120.789
time:18/Apr/2017:14:10:06 +0800
entrance_type:Mozilla/5.0 (Windows NT 10.0; WOW64) AppleWebKit/537.36 (KHTML, like Gecko) Chrome/57.0.2987.110 Safari/537.36
ourl:/user/relation?UD=dWlkPTU4N2YzMTc2MmE0NjgwMGUwYThiNGVhOCZzaWQ9Y2VkNzJhODI4NWIwYWVlYWRmZjNmNzgyMDJiZDU0OGMmY2g9MTAwMDAmdj0xLjAuMC4wMCZwdD1oNSZkdj0xMTAwMDAwMjAxMjAmZGV2aWNldG9rZW49YjQyNTBhODBhZDY2M2Q0Y2IwOWMxY2QxYzdmZmRiZmIwZWE4ODA4NmUzN2IyZmNjNTk0ZWY0NWM5ODBlMzFhNw==&phone=13522213145
request_method:GET
cookie
client_ip:192.168.1.26
error_no
error_msg:success
=====================2017-04-18 14:11:00===========================
service_cost:38.739
time:18/Apr/2017:14:11:00 +0800
entrance_type:Mozilla/5.0 (Windows NT 10.0; WOW64) AppleWebKit/537.36 (KHTML, like Gecko) Chrome/57.0.2987.110 Safari/537.36
ourl:/user/relation?UD=dWlkPTU4N2YzMTc2MmE0NjgwMGUwYThiNGVhOCZzaWQ9Y2VkNzJhODI4NWIwYWVlYWRmZjNmNzgyMDJiZDU0OGMmY2g9MTAwMDAmdj0xLjAuMC4wMCZwdD1oNSZkdj0xMTAwMDAwMjAxMjAmZGV2aWNldG9rZW49YjQyNTBhODBhZDY2M2Q0Y2IwOWMxY2QxYzdmZmRiZmIwZWE4ODA4NmUzN2IyZmNjNTk0ZWY0NWM5ODBlMzFhNw==&phone=13522213145
request_method:GET
cookie
client_ip:192.168.1.26
error_no
error_msg:success
