=====================2017-04-10 12:12:56===========================
service_cost:59.681
time:10/Apr/2017:12:12:56 +0800
entrance_type:Mozilla/5.0 (Windows NT 10.0; WOW64) AppleWebKit/537.36 (KHTML, like Gecko) Chrome/57.0.2987.110 Safari/537.36
ourl:/rank/rankinfo?UD=dWlkPTU4YTEwYzJkZDc5ZTRmYzhmODNmNmNmMSZzaWQ9M2M1NTAxZjU5MzBmZDFmNzc1NGRkM2E3NzEyNzQ3MWQmY2g9MTAwMDAmdj0xLjAuMC4wMCZwdD13eCZkdj0xMTAwMDAwMjAxMjAmZGV2aWNldG9rZW49NTc1YjQ3YTgzNTYyOGZmOTk5MWRkNzI1ODZmNzlkMWIwZDdlNWZiZTkxZTQ0NGE5ZDcyNDJkM2Y4NDEzMGI1Yg==
request_method:GET
cookie
client_ip:192.168.1.2
error_no:-1
error_msg:Not safe for none match or update fields
=====================2017-04-10 12:46:41===========================
service_cost:45.262
time:10/Apr/2017:12:46:41 +0800
entrance_type:Mozilla/5.0 (Windows NT 10.0; WOW64) AppleWebKit/537.36 (KHTML, like Gecko) Chrome/57.0.2987.110 Safari/537.36
ourl:/rank/rankinfo?UD=dWlkPTU4YTEwYzJkZDc5ZTRmYzhmODNmNmNmMSZzaWQ9M2M1NTAxZjU5MzBmZDFmNzc1NGRkM2E3NzEyNzQ3MWQmY2g9MTAwMDAmdj0xLjAuMC4wMCZwdD13eCZkdj0xMTAwMDAwMjAxMjAmZGV2aWNldG9rZW49NTc1YjQ3YTgzNTYyOGZmOTk5MWRkNzI1ODZmNzlkMWIwZDdlNWZiZTkxZTQ0NGE5ZDcyNDJkM2Y4NDEzMGI1Yg==
request_method:GET
cookie
client_ip:192.168.1.2
error_no
error_msg:success
=====================2017-04-10 13:48:05===========================
service_cost:32.588
time:10/Apr/2017:13:48:05 +0800
entrance_type:Mozilla/5.0 (Windows NT 10.0; WOW64) AppleWebKit/537.36 (KHTML, like Gecko) Chrome/57.0.2987.110 Safari/537.36
ourl:/rank/rankinfo?UD=dWlkPTU4YTEwYzJkZDc5ZTRmYzhmODNmNmNmMSZzaWQ9M2M1NTAxZjU5MzBmZDFmNzc1NGRkM2E3NzEyNzQ3MWQmY2g9MTAwMDAmdj0xLjAuMC4wMCZwdD13eCZkdj0xMTAwMDAwMjAxMjAmZGV2aWNldG9rZW49NTc1YjQ3YTgzNTYyOGZmOTk5MWRkNzI1ODZmNzlkMWIwZDdlNWZiZTkxZTQ0NGE5ZDcyNDJkM2Y4NDEzMGI1Yg==&type=2
request_method:GET
cookie
client_ip:192.168.1.2
error_no
error_msg:success
=====================2017-04-10 13:48:20===========================
service_cost:29.428
time:10/Apr/2017:13:48:20 +0800
entrance_type:Mozilla/5.0 (Windows NT 10.0; WOW64) AppleWebKit/537.36 (KHTML, like Gecko) Chrome/57.0.2987.110 Safari/537.36
ourl:/rank/rankinfo?UD=dWlkPTU4YTEwYzJkZDc5ZTRmYzhmODNmNmNmMSZzaWQ9M2M1NTAxZjU5MzBmZDFmNzc1NGRkM2E3NzEyNzQ3MWQmY2g9MTAwMDAmdj0xLjAuMC4wMCZwdD13eCZkdj0xMTAwMDAwMjAxMjAmZGV2aWNldG9rZW49NTc1YjQ3YTgzNTYyOGZmOTk5MWRkNzI1ODZmNzlkMWIwZDdlNWZiZTkxZTQ0NGE5ZDcyNDJkM2Y4NDEzMGI1Yg==&type=2
request_method:GET
cookie
client_ip:192.168.1.2
error_no
error_msg:success
=====================2017-04-10 14:07:51===========================
service_cost:27.235
time:10/Apr/2017:14:07:51 +0800
entrance_type:Mozilla/5.0 (Windows NT 10.0; WOW64) AppleWebKit/537.36 (KHTML, like Gecko) Chrome/57.0.2987.110 Safari/537.36
ourl:/rank/rankinfo?UD=dWlkPTU4N2YzMTc2MmE0NjgwMGUwYThiNGVhOCZzaWQ9Y2VkNzJhODI4NWIwYWVlYWRmZjNmNzgyMDJiZDU0OGMmY2g9MTAwMDAmdj0xLjAuMC4wMCZwdD1oNSZkdj0xMTAwMDAwMjAxMjAmZGV2aWNldG9rZW49YjQyNTBhODBhZDY2M2Q0Y2IwOWMxY2QxYzdmZmRiZmIwZWE4ODA4NmUzN2IyZmNjNTk0ZWY0NWM5ODBlMzFhNw==&type=2
request_method:GET
cookie
client_ip:192.168.1.2
error_no
error_msg:success
=====================2017-04-10 14:08:13===========================
service_cost:42.606
time:10/Apr/2017:14:08:13 +0800
entrance_type:Mozilla/5.0 (Windows NT 10.0; WOW64) AppleWebKit/537.36 (KHTML, like Gecko) Chrome/57.0.2987.110 Safari/537.36
ourl:/rank/rankinfo?UD=dWlkPTU4N2YzMTc2MmE0NjgwMGUwYThiNGVhOCZzaWQ9Y2VkNzJhODI4NWIwYWVlYWRmZjNmNzgyMDJiZDU0OGMmY2g9MTAwMDAmdj0xLjAuMC4wMCZwdD1oNSZkdj0xMTAwMDAwMjAxMjAmZGV2aWNldG9rZW49YjQyNTBhODBhZDY2M2Q0Y2IwOWMxY2QxYzdmZmRiZmIwZWE4ODA4NmUzN2IyZmNjNTk0ZWY0NWM5ODBlMzFhNw==&type=2
request_method:GET
cookie
client_ip:192.168.1.2
error_no
error_msg:success
=====================2017-04-10 14:23:49===========================
service_cost:68.453
time:10/Apr/2017:14:23:49 +0800
entrance_type:Mozilla/5.0 (Windows NT 10.0; WOW64) AppleWebKit/537.36 (KHTML, like Gecko) Chrome/57.0.2987.110 Safari/537.36
ourl:/rank/rankinfo?UD=dWlkPTU4N2YzMTc2MmE0NjgwMGUwYThiNGVhOCZzaWQ9Y2VkNzJhODI4NWIwYWVlYWRmZjNmNzgyMDJiZDU0OGMmY2g9MTAwMDAmdj0xLjAuMC4wMCZwdD1oNSZkdj0xMTAwMDAwMjAxMjAmZGV2aWNldG9rZW49YjQyNTBhODBhZDY2M2Q0Y2IwOWMxY2QxYzdmZmRiZmIwZWE4ODA4NmUzN2IyZmNjNTk0ZWY0NWM5ODBlMzFhNw==&type=2
request_method:GET
cookie
client_ip:192.168.1.2
error_no:13111
error_msg:exception: wrong type for field (pipeline) 3 != 4
=====================2017-04-10 14:25:39===========================
service_cost:58.088
time:10/Apr/2017:14:25:39 +0800
entrance_type:Mozilla/5.0 (Windows NT 10.0; WOW64) AppleWebKit/537.36 (KHTML, like Gecko) Chrome/57.0.2987.110 Safari/537.36
ourl:/rank/rankinfo?UD=dWlkPTU4N2YzMTc2MmE0NjgwMGUwYThiNGVhOCZzaWQ9Y2VkNzJhODI4NWIwYWVlYWRmZjNmNzgyMDJiZDU0OGMmY2g9MTAwMDAmdj0xLjAuMC4wMCZwdD1oNSZkdj0xMTAwMDAwMjAxMjAmZGV2aWNldG9rZW49YjQyNTBhODBhZDY2M2Q0Y2IwOWMxY2QxYzdmZmRiZmIwZWE4ODA4NmUzN2IyZmNjNTk0ZWY0NWM5ODBlMzFhNw==&type=2
request_method:GET
cookie
client_ip:192.168.1.2
error_no:13111
error_msg:exception: wrong type for field (pipeline) 3 != 4
=====================2017-04-10 14:33:17===========================
service_cost:56.402
time:10/Apr/2017:14:33:17 +0800
entrance_type:Mozilla/5.0 (Windows NT 10.0; WOW64) AppleWebKit/537.36 (KHTML, like Gecko) Chrome/57.0.2987.110 Safari/537.36
ourl:/rank/rankinfo?UD=dWlkPTU4N2YzMTc2MmE0NjgwMGUwYThiNGVhOCZzaWQ9Y2VkNzJhODI4NWIwYWVlYWRmZjNmNzgyMDJiZDU0OGMmY2g9MTAwMDAmdj0xLjAuMC4wMCZwdD1oNSZkdj0xMTAwMDAwMjAxMjAmZGV2aWNldG9rZW49YjQyNTBhODBhZDY2M2Q0Y2IwOWMxY2QxYzdmZmRiZmIwZWE4ODA4NmUzN2IyZmNjNTk0ZWY0NWM5ODBlMzFhNw==&type=2
request_method:GET
cookie
client_ip:192.168.1.2
error_no:13111
error_msg:exception: wrong type for field (pipeline) 3 != 4
=====================2017-04-10 14:39:52===========================
service_cost:128.833
time:10/Apr/2017:14:39:52 +0800
entrance_type:Mozilla/5.0 (Windows NT 10.0; WOW64) AppleWebKit/537.36 (KHTML, like Gecko) Chrome/57.0.2987.110 Safari/537.36
ourl:/rank/rankinfo?UD=dWlkPTU4N2YzMTc2MmE0NjgwMGUwYThiNGVhOCZzaWQ9Y2VkNzJhODI4NWIwYWVlYWRmZjNmNzgyMDJiZDU0OGMmY2g9MTAwMDAmdj0xLjAuMC4wMCZwdD1oNSZkdj0xMTAwMDAwMjAxMjAmZGV2aWNldG9rZW49YjQyNTBhODBhZDY2M2Q0Y2IwOWMxY2QxYzdmZmRiZmIwZWE4ODA4NmUzN2IyZmNjNTk0ZWY0NWM5ODBlMzFhNw==&type=2
request_method:GET
cookie
client_ip:192.168.1.2
error_no:13111
error_msg:exception: wrong type for field (pipeline) 3 != 4
=====================2017-04-10 14:41:12===========================
service_cost:-913.745
time:10/Apr/2017:14:41:12 +0800
entrance_type:Mozilla/5.0 (Windows NT 10.0; WOW64) AppleWebKit/537.36 (KHTML, like Gecko) Chrome/57.0.2987.110 Safari/537.36
ourl:/rank/rankinfo?UD=dWlkPTU4N2YzMTc2MmE0NjgwMGUwYThiNGVhOCZzaWQ9Y2VkNzJhODI4NWIwYWVlYWRmZjNmNzgyMDJiZDU0OGMmY2g9MTAwMDAmdj0xLjAuMC4wMCZwdD1oNSZkdj0xMTAwMDAwMjAxMjAmZGV2aWNldG9rZW49YjQyNTBhODBhZDY2M2Q0Y2IwOWMxY2QxYzdmZmRiZmIwZWE4ODA4NmUzN2IyZmNjNTk0ZWY0NWM5ODBlMzFhNw==&type=2
request_method:GET
cookie
client_ip:192.168.1.2
error_no:16435
error_msg:exception: A pipeline stage specification object must contain exactly one field.
=====================2017-04-10 14:41:26===========================
service_cost:78.32
time:10/Apr/2017:14:41:26 +0800
entrance_type:Mozilla/5.0 (Windows NT 10.0; WOW64) AppleWebKit/537.36 (KHTML, like Gecko) Chrome/57.0.2987.110 Safari/537.36
ourl:/rank/rankinfo?UD=dWlkPTU4N2YzMTc2MmE0NjgwMGUwYThiNGVhOCZzaWQ9Y2VkNzJhODI4NWIwYWVlYWRmZjNmNzgyMDJiZDU0OGMmY2g9MTAwMDAmdj0xLjAuMC4wMCZwdD1oNSZkdj0xMTAwMDAwMjAxMjAmZGV2aWNldG9rZW49YjQyNTBhODBhZDY2M2Q0Y2IwOWMxY2QxYzdmZmRiZmIwZWE4ODA4NmUzN2IyZmNjNTk0ZWY0NWM5ODBlMzFhNw==&type=2
request_method:GET
cookie
client_ip:192.168.1.2
error_no:13111
error_msg:exception: wrong type for field (pipeline) 3 != 4
=====================2017-04-10 16:55:05===========================
service_cost:44.348
time:10/Apr/2017:16:55:05 +0800
entrance_type:Mozilla/5.0 (Windows NT 10.0; WOW64) AppleWebKit/537.36 (KHTML, like Gecko) Chrome/57.0.2987.110 Safari/537.36
ourl:/rank/rankinfo?UD=dWlkPTU4N2YzMTc2MmE0NjgwMGUwYThiNGVhOCZzaWQ9Y2VkNzJhODI4NWIwYWVlYWRmZjNmNzgyMDJiZDU0OGMmY2g9MTAwMDAmdj0xLjAuMC4wMCZwdD1oNSZkdj0xMTAwMDAwMjAxMjAmZGV2aWNldG9rZW49YjQyNTBhODBhZDY2M2Q0Y2IwOWMxY2QxYzdmZmRiZmIwZWE4ODA4NmUzN2IyZmNjNTk0ZWY0NWM5ODBlMzFhNw==&type=2
request_method:GET
cookie
client_ip:192.168.1.2
error_no:16410
error_msg:exception: FieldPath field names may not start with '$'.
=====================2017-04-10 18:05:51===========================
service_cost:56.141
time:10/Apr/2017:18:05:51 +0800
entrance_type:Mozilla/5.0 (Windows NT 10.0; WOW64) AppleWebKit/537.36 (KHTML, like Gecko) Chrome/57.0.2987.110 Safari/537.36
ourl:/rank/rankinfo?UD=dWlkPTU4N2YzMTc2MmE0NjgwMGUwYThiNGVhOCZzaWQ9Y2VkNzJhODI4NWIwYWVlYWRmZjNmNzgyMDJiZDU0OGMmY2g9MTAwMDAmdj0xLjAuMC4wMCZwdD1oNSZkdj0xMTAwMDAwMjAxMjAmZGV2aWNldG9rZW49YjQyNTBhODBhZDY2M2Q0Y2IwOWMxY2QxYzdmZmRiZmIwZWE4ODA4NmUzN2IyZmNjNTk0ZWY0NWM5ODBlMzFhNw==&type=2
request_method:GET
cookie
client_ip:192.168.1.2
error_no
error_msg:success
=====================2017-04-10 18:14:06===========================
service_cost:528.476
time:10/Apr/2017:18:14:06 +0800
entrance_type:Mozilla/5.0 (Windows NT 10.0; WOW64) AppleWebKit/537.36 (KHTML, like Gecko) Chrome/57.0.2987.110 Safari/537.36
ourl:/rank/rankinfo?UD=dWlkPTU4N2YzMTc2MmE0NjgwMGUwYThiNGVhOCZzaWQ9Y2VkNzJhODI4NWIwYWVlYWRmZjNmNzgyMDJiZDU0OGMmY2g9MTAwMDAmdj0xLjAuMC4wMCZwdD1oNSZkdj0xMTAwMDAwMjAxMjAmZGV2aWNldG9rZW49YjQyNTBhODBhZDY2M2Q0Y2IwOWMxY2QxYzdmZmRiZmIwZWE4ODA4NmUzN2IyZmNjNTk0ZWY0NWM5ODBlMzFhNw==&type=2
request_method:GET
cookie
client_ip:192.168.1.2
error_no
error_msg:success
=====================2017-04-10 18:14:19===========================
service_cost:596.283
time:10/Apr/2017:18:14:19 +0800
entrance_type:Mozilla/5.0 (Windows NT 10.0; WOW64) AppleWebKit/537.36 (KHTML, like Gecko) Chrome/57.0.2987.110 Safari/537.36
ourl:/rank/rankinfo?UD=dWlkPTU4N2YzMTc2MmE0NjgwMGUwYThiNGVhOCZzaWQ9Y2VkNzJhODI4NWIwYWVlYWRmZjNmNzgyMDJiZDU0OGMmY2g9MTAwMDAmdj0xLjAuMC4wMCZwdD1oNSZkdj0xMTAwMDAwMjAxMjAmZGV2aWNldG9rZW49YjQyNTBhODBhZDY2M2Q0Y2IwOWMxY2QxYzdmZmRiZmIwZWE4ODA4NmUzN2IyZmNjNTk0ZWY0NWM5ODBlMzFhNw==&type=2
request_method:GET
cookie
client_ip:192.168.1.2
error_no
error_msg:success
=====================2017-04-10 19:01:47===========================
service_cost:78.887
time:10/Apr/2017:19:01:47 +0800
entrance_type:Mozilla/5.0 (Windows NT 10.0; WOW64) AppleWebKit/537.36 (KHTML, like Gecko) Chrome/57.0.2987.110 Safari/537.36
ourl:/rank/rankinfo?UD=dWlkPTU4N2YzMTc2MmE0NjgwMGUwYThiNGVhOCZzaWQ9Y2VkNzJhODI4NWIwYWVlYWRmZjNmNzgyMDJiZDU0OGMmY2g9MTAwMDAmdj0xLjAuMC4wMCZwdD1oNSZkdj0xMTAwMDAwMjAxMjAmZGV2aWNldG9rZW49YjQyNTBhODBhZDY2M2Q0Y2IwOWMxY2QxYzdmZmRiZmIwZWE4ODA4NmUzN2IyZmNjNTk0ZWY0NWM5ODBlMzFhNw==&type=1
request_method:GET
cookie
client_ip:192.168.1.2
error_no
error_msg:success
=====================2017-04-10 19:05:10===========================
service_cost:170.823
time:10/Apr/2017:19:05:10 +0800
entrance_type:Mozilla/5.0 (Windows NT 10.0; WOW64) AppleWebKit/537.36 (KHTML, like Gecko) Chrome/57.0.2987.110 Safari/537.36
ourl:/rank/rankinfo?UD=dWlkPTU4N2YzMTc2MmE0NjgwMGUwYThiNGVhOCZzaWQ9Y2VkNzJhODI4NWIwYWVlYWRmZjNmNzgyMDJiZDU0OGMmY2g9MTAwMDAmdj0xLjAuMC4wMCZwdD1oNSZkdj0xMTAwMDAwMjAxMjAmZGV2aWNldG9rZW49YjQyNTBhODBhZDY2M2Q0Y2IwOWMxY2QxYzdmZmRiZmIwZWE4ODA4NmUzN2IyZmNjNTk0ZWY0NWM5ODBlMzFhNw==&type=1
request_method:GET
cookie
client_ip:192.168.1.2
error_no
error_msg:success
=====================2017-04-10 19:06:40===========================
service_cost:110.416
time:10/Apr/2017:19:06:40 +0800
entrance_type:Mozilla/5.0 (Windows NT 10.0; WOW64) AppleWebKit/537.36 (KHTML, like Gecko) Chrome/57.0.2987.110 Safari/537.36
ourl:/rank/rankinfo?UD=dWlkPTU4N2YzMTc2MmE0NjgwMGUwYThiNGVhOCZzaWQ9Y2VkNzJhODI4NWIwYWVlYWRmZjNmNzgyMDJiZDU0OGMmY2g9MTAwMDAmdj0xLjAuMC4wMCZwdD1oNSZkdj0xMTAwMDAwMjAxMjAmZGV2aWNldG9rZW49YjQyNTBhODBhZDY2M2Q0Y2IwOWMxY2QxYzdmZmRiZmIwZWE4ODA4NmUzN2IyZmNjNTk0ZWY0NWM5ODBlMzFhNw==&type=1
request_method:GET
cookie
client_ip:192.168.1.2
error_no
error_msg:success
=====================2017-04-10 19:07:21===========================
service_cost:40.738
time:10/Apr/2017:19:07:21 +0800
entrance_type:Mozilla/5.0 (Windows NT 10.0; WOW64) AppleWebKit/537.36 (KHTML, like Gecko) Chrome/57.0.2987.110 Safari/537.36
ourl:/rank/rankinfo?UD=dWlkPTU4N2YzMTc2MmE0NjgwMGUwYThiNGVhOCZzaWQ9Y2VkNzJhODI4NWIwYWVlYWRmZjNmNzgyMDJiZDU0OGMmY2g9MTAwMDAmdj0xLjAuMC4wMCZwdD1oNSZkdj0xMTAwMDAwMjAxMjAmZGV2aWNldG9rZW49YjQyNTBhODBhZDY2M2Q0Y2IwOWMxY2QxYzdmZmRiZmIwZWE4ODA4NmUzN2IyZmNjNTk0ZWY0NWM5ODBlMzFhNw==&type=1
request_method:GET
cookie
client_ip:192.168.1.2
error_no
error_msg:success
=====================2017-04-10 19:07:56===========================
service_cost:43.557
time:10/Apr/2017:19:07:56 +0800
entrance_type:Mozilla/5.0 (Windows NT 10.0; WOW64) AppleWebKit/537.36 (KHTML, like Gecko) Chrome/57.0.2987.110 Safari/537.36
ourl:/rank/rankinfo?UD=dWlkPTU4N2YzMTc2MmE0NjgwMGUwYThiNGVhOCZzaWQ9Y2VkNzJhODI4NWIwYWVlYWRmZjNmNzgyMDJiZDU0OGMmY2g9MTAwMDAmdj0xLjAuMC4wMCZwdD1oNSZkdj0xMTAwMDAwMjAxMjAmZGV2aWNldG9rZW49YjQyNTBhODBhZDY2M2Q0Y2IwOWMxY2QxYzdmZmRiZmIwZWE4ODA4NmUzN2IyZmNjNTk0ZWY0NWM5ODBlMzFhNw==&type=1
request_method:GET
cookie
client_ip:192.168.1.2
error_no
error_msg:success
