=====================2017-04-03 06:50:21===========================
service_cost:0.022999999999995
time:03/Apr/2017:06:50:21 +0000
entrance_type:Mozilla/5.0 (Windows NT 10.0; Win64; x64) AppleWebKit/537.36 (KHTML, like Gecko) Chrome/57.0.2987.133 Safari/537.36
ourl:/user/login
request_method:OPTIONS
cookie
client_ip:223.20.167.244
error_no
error_msg
=====================2017-04-03 06:50:28===========================
service_cost:0.021999999999966
time:03/Apr/2017:06:50:28 +0000
entrance_type:Mozilla/5.0 (Windows NT 10.0; Win64; x64) AppleWebKit/537.36 (KHTML, like Gecko) Chrome/57.0.2987.133 Safari/537.36
ourl:/user/login
request_method:PATCH
cookie
client_ip:223.20.167.244
error_no
error_msg
=====================2017-04-03 06:51:13===========================
service_cost:0.02000000000002
time:03/Apr/2017:06:51:13 +0000
entrance_type:Mozilla/5.0 (Windows NT 10.0; Win64; x64) AppleWebKit/537.36 (KHTML, like Gecko) Chrome/57.0.2987.133 Safari/537.36
ourl:/user/login
request_method:GET
cookie
client_ip:223.20.167.244
error_no
error_msg
=====================2017-04-03 07:51:55===========================
service_cost:0.021
time:03/Apr/2017:07:51:55 +0000
entrance_type:Mozilla/5.0 (Windows NT 10.0; Win64; x64) AppleWebKit/537.36 (KHTML, like Gecko) Chrome/57.0.2987.133 Safari/537.36
ourl:/user/login
request_method:GET
cookie
client_ip:223.20.167.244
error_no
error_msg
=====================2017-04-03 13:32:33===========================
service_cost:0.43499999999996
time:03/Apr/2017:13:32:33 +0000
entrance_type:Mozilla/5.0 (Windows NT 10.0; Win64; x64) AppleWebKit/537.36 (KHTML, like Gecko) Chrome/57.0.2987.133 Safari/537.36
ourl:/user/login?ud=aaaa
request_method:DELETE
cookie
client_ip:223.20.167.244
error_no:410
error_msg:请登录
=====================2017-04-03 13:33:49===========================
service_cost:0.211
time:03/Apr/2017:13:33:49 +0000
entrance_type:Mozilla/5.0 (Windows NT 10.0; Win64; x64) AppleWebKit/537.36 (KHTML, like Gecko) Chrome/57.0.2987.133 Safari/537.36
ourl:/user/login?ud=aaaa
request_method:DELETE
cookie
client_ip:223.20.167.244
error_no
error_msg
=====================2017-04-03 13:34:02===========================
service_cost:0.48699999999999
time:03/Apr/2017:13:34:02 +0000
entrance_type:Mozilla/5.0 (Windows NT 10.0; Win64; x64) AppleWebKit/537.36 (KHTML, like Gecko) Chrome/57.0.2987.133 Safari/537.36
ourl:/user/login?ud=aaaa
request_method:DELETE
cookie
client_ip:223.20.167.244
error_no:410
error_msg:请登录
=====================2017-04-03 13:39:18===========================
service_cost:0.395
time:03/Apr/2017:13:39:18 +0000
entrance_type:Mozilla/5.0 (Windows NT 10.0; Win64; x64) AppleWebKit/537.36 (KHTML, like Gecko) Chrome/57.0.2987.133 Safari/537.36
ourl:/user/login?ud=aaaa
request_method:DELETE
cookie
client_ip:223.20.167.244
error_no:410
error_msg:请登录
=====================2017-04-03 13:41:31===========================
service_cost:0.23700000000001
time:03/Apr/2017:13:41:31 +0000
entrance_type:Mozilla/5.0 (Windows NT 10.0; Win64; x64) AppleWebKit/537.36 (KHTML, like Gecko) Chrome/57.0.2987.133 Safari/537.36
ourl:/user/login?UD=aaaa
request_method:PUT
cookie
client_ip:223.20.167.244
error_no
error_msg
=====================2017-04-03 13:53:13===========================
service_cost:0.39800000000001
time:03/Apr/2017:13:53:13 +0000
entrance_type:Mozilla/5.0 (Windows NT 10.0; Win64; x64) AppleWebKit/537.36 (KHTML, like Gecko) Chrome/57.0.2987.133 Safari/537.36
ourl:/user/login?a=qq
request_method:GET
cookie
client_ip:223.20.167.244
error_no:410
error_msg:请登录
=====================2017-04-03 13:53:38===========================
service_cost:0.22699999999998
time:03/Apr/2017:13:53:38 +0000
entrance_type:Mozilla/5.0 (Windows NT 10.0; Win64; x64) AppleWebKit/537.36 (KHTML, like Gecko) Chrome/57.0.2987.133 Safari/537.36
ourl:/user/login?UD=aaaa
request_method:PUT
cookie
client_ip:223.20.167.244
error_no
error_msg
=====================2017-04-03 13:53:50===========================
service_cost:0.26199999999998
time:03/Apr/2017:13:53:50 +0000
entrance_type:Mozilla/5.0 (Windows NT 10.0; Win64; x64) AppleWebKit/537.36 (KHTML, like Gecko) Chrome/57.0.2987.133 Safari/537.36
ourl:/user/login?ud=aaaa
request_method:PUT
cookie
client_ip:223.20.167.244
error_no:410
error_msg:请登录
=====================2017-04-03 13:53:57===========================
service_cost:0.213
time:03/Apr/2017:13:53:57 +0000
entrance_type:Mozilla/5.0 (Windows NT 10.0; Win64; x64) AppleWebKit/537.36 (KHTML, like Gecko) Chrome/57.0.2987.133 Safari/537.36
ourl:/user/login?UD=aaaa
request_method:PUT
cookie
client_ip:223.20.167.244
error_no
error_msg
=====================2017-04-03 14:23:59===========================
service_cost:0.25000000000008
time:03/Apr/2017:14:23:59 +0000
entrance_type:Mozilla/5.0 (Windows NT 10.0; Win64; x64) AppleWebKit/537.36 (KHTML, like Gecko) Chrome/57.0.2987.133 Safari/537.36
ourl:/user/login?a=qq
request_method:GET
cookie
client_ip:223.20.167.244
error_no:410
error_msg:请登录
=====================2017-04-03 14:24:00===========================
service_cost:0.25400000000009
time:03/Apr/2017:14:24:00 +0000
entrance_type:Mozilla/5.0 (Windows NT 10.0; Win64; x64) AppleWebKit/537.36 (KHTML, like Gecko) Chrome/57.0.2987.133 Safari/537.36
ourl:/user/login?a=qq
request_method:GET
cookie
client_ip:223.20.167.244
error_no:410
error_msg:请登录
=====================2017-04-03 14:40:39===========================
service_cost:0.092999999999996
time:03/Apr/2017:14:40:39 +0000
entrance_type:Mozilla/5.0 (Windows NT 10.0; Win64; x64) AppleWebKit/537.36 (KHTML, like Gecko) Chrome/57.0.2987.133 Safari/537.36
ourl:/user/login?a=qq
request_method:GET
cookie
client_ip:223.20.167.244
error_no:410
error_msg:请登录
=====================2017-04-03 14:40:39===========================
service_cost:0.087000000000059
time:03/Apr/2017:14:40:39 +0000
entrance_type:Mozilla/5.0 (Windows NT 10.0; Win64; x64) AppleWebKit/537.36 (KHTML, like Gecko) Chrome/57.0.2987.133 Safari/537.36
ourl:/user/login?a=qq
request_method:GET
cookie
client_ip:223.20.167.244
error_no:410
error_msg:请登录
=====================2017-04-03 14:40:40===========================
service_cost:0.089000000000006
time:03/Apr/2017:14:40:40 +0000
entrance_type:Mozilla/5.0 (Windows NT 10.0; Win64; x64) AppleWebKit/537.36 (KHTML, like Gecko) Chrome/57.0.2987.133 Safari/537.36
ourl:/user/login?a=qq
request_method:GET
cookie
client_ip:223.20.167.244
error_no:410
error_msg:请登录
=====================2017-04-03 14:40:40===========================
service_cost:0.090000000000034
time:03/Apr/2017:14:40:40 +0000
entrance_type:Mozilla/5.0 (Windows NT 10.0; Win64; x64) AppleWebKit/537.36 (KHTML, like Gecko) Chrome/57.0.2987.133 Safari/537.36
ourl:/user/login?a=qq
request_method:GET
cookie
client_ip:223.20.167.244
error_no:410
error_msg:请登录
=====================2017-04-03 14:40:40===========================
service_cost:0.090000000000034
time:03/Apr/2017:14:40:40 +0000
entrance_type:Mozilla/5.0 (Windows NT 10.0; Win64; x64) AppleWebKit/537.36 (KHTML, like Gecko) Chrome/57.0.2987.133 Safari/537.36
ourl:/user/login?a=qq
request_method:GET
cookie
client_ip:223.20.167.244
error_no:410
error_msg:请登录
=====================2017-04-03 15:09:54===========================
service_cost:0.021999999999966
time:03/Apr/2017:15:09:54 +0000
entrance_type:Mozilla/5.0 (Windows NT 10.0; Win64; x64) AppleWebKit/537.36 (KHTML, like Gecko) Chrome/57.0.2987.133 Safari/537.36
ourl:/user/login?UD=
request_method:PUT
cookie
client_ip:223.20.167.244
error_no
error_msg
=====================2017-04-03 15:09:57===========================
service_cost:0.029
time:03/Apr/2017:15:09:57 +0000
entrance_type:Mozilla/5.0 (Windows NT 10.0; Win64; x64) AppleWebKit/537.36 (KHTML, like Gecko) Chrome/57.0.2987.133 Safari/537.36
ourl:/user/login?UD=
request_method:PUT
cookie
client_ip:223.20.167.244
error_no
error_msg
=====================2017-04-03 15:10:17===========================
service_cost:2.174
time:03/Apr/2017:15:10:17 +0000
entrance_type:Mozilla/5.0 (Windows NT 10.0; Win64; x64) AppleWebKit/537.36 (KHTML, like Gecko) Chrome/57.0.2987.133 Safari/537.36
ourl:/user/login?UD=
request_method:PUT
cookie
client_ip:223.20.167.244
error_no:410
error_msg:请登录
=====================2017-04-03 15:10:18===========================
service_cost:0.20900000000001
time:03/Apr/2017:15:10:18 +0000
entrance_type:Mozilla/5.0 (Windows NT 10.0; Win64; x64) AppleWebKit/537.36 (KHTML, like Gecko) Chrome/57.0.2987.133 Safari/537.36
ourl:/user/login?UD=
request_method:PUT
cookie
client_ip:223.20.167.244
error_no:410
error_msg:请登录
=====================2017-04-03 15:10:41===========================
service_cost:2.1749999999999
time:03/Apr/2017:15:10:41 +0000
entrance_type:Mozilla/5.0 (Windows NT 10.0; Win64; x64) AppleWebKit/537.36 (KHTML, like Gecko) Chrome/57.0.2987.133 Safari/537.36
ourl:/user/login?UD=
request_method:PUT
cookie
client_ip:223.20.167.244
error_no:410
error_msg:请登录
=====================2017-04-03 15:10:42===========================
service_cost:0.195
time:03/Apr/2017:15:10:42 +0000
entrance_type:Mozilla/5.0 (Windows NT 10.0; Win64; x64) AppleWebKit/537.36 (KHTML, like Gecko) Chrome/57.0.2987.133 Safari/537.36
ourl:/user/login?UD=
request_method:PUT
cookie
client_ip:223.20.167.244
error_no:410
error_msg:请登录
=====================2017-04-03 15:10:46===========================
service_cost:5.702
time:03/Apr/2017:15:10:46 +0000
entrance_type:Mozilla/5.0 (Windows NT 10.0; Win64; x64) AppleWebKit/537.36 (KHTML, like Gecko) Chrome/57.0.2987.133 Safari/537.36
ourl:/user/login?UD=dWlkPTU4YTEwYzJkZDc5ZTRmYzhmODNmNmNmMSZzaWQ9QVNEQVNERkFTRFNBRCZjaD0xMDAwMCZ2PTEuMC4wLjAwJnB0PWg1JmR2PTExMDAwMDAyMDEyMCZkZXZpY2V0b2tlbj1zZnNmc2ZzZmR2dmdlZQ==
request_method:PUT
cookie
client_ip:223.20.167.244
error_no:410
error_msg:请登录
=====================2017-04-03 15:10:48===========================
service_cost:4.192
time:03/Apr/2017:15:10:48 +0000
entrance_type:Mozilla/5.0 (Windows NT 10.0; Win64; x64) AppleWebKit/537.36 (KHTML, like Gecko) Chrome/57.0.2987.133 Safari/537.36
ourl:/user/login?UD=dWlkPTU4YTEwYzJkZDc5ZTRmYzhmODNmNmNmMSZzaWQ9QVNEQVNERkFTRFNBRCZjaD0xMDAwMCZ2PTEuMC4wLjAwJnB0PWg1JmR2PTExMDAwMDAyMDEyMCZkZXZpY2V0b2tlbj1zZnNmc2ZzZmR2dmdlZQ==
request_method:PUT
cookie
client_ip:223.20.167.244
error_no:410
error_msg:请登录
=====================2017-04-03 15:10:49===========================
service_cost:5.875
time:03/Apr/2017:15:10:49 +0000
entrance_type:Mozilla/5.0 (Windows NT 10.0; Win64; x64) AppleWebKit/537.36 (KHTML, like Gecko) Chrome/57.0.2987.133 Safari/537.36
ourl:/user/login?UD=dWlkPTU4YTEwYzJkZDc5ZTRmYzhmODNmNmNmMSZzaWQ9QVNEQVNERkFTRFNBRCZjaD0xMDAwMCZ2PTEuMC4wLjAwJnB0PWg1JmR2PTExMDAwMDAyMDEyMCZkZXZpY2V0b2tlbj1zZnNmc2ZzZmR2dmdlZQ==
request_method:PUT
cookie
client_ip:223.20.167.244
error_no:410
error_msg:请登录
=====================2017-04-03 15:14:43===========================
service_cost:4.678
time:03/Apr/2017:15:14:43 +0000
entrance_type:Mozilla/5.0 (Windows NT 10.0; Win64; x64) AppleWebKit/537.36 (KHTML, like Gecko) Chrome/57.0.2987.133 Safari/537.36
ourl:/user/login?UD=dWlkPTU4YTEwYzJkZDc5ZTRmYzhmODNmNmNmMSZzaWQ9QVNEQVNERkFTRFNBRCZjaD0xMDAwMCZ2PTEuMC4wLjAwJnB0PWg1JmR2PTExMDAwMDAyMDEyMCZkZXZpY2V0b2tlbj1zZnNmc2ZzZmR2dmdlZQ==
request_method:PUT
cookie
client_ip:223.20.167.244
error_no:410
error_msg:请登录
