=====================2017-04-13 14:45:27===========================
service_cost:42.23
time:13/Apr/2017:14:45:27 +0800
entrance_type:Mozilla/5.0 (Windows NT 10.0; WOW64) AppleWebKit/537.36 (KHTML, like Gecko) Chrome/57.0.2987.110 Safari/537.36
ourl://sport/up/58eca466421aa9043f2bb082?UD=dWlkPTU4N2YzMTc2MmE0NjgwMGUwYThiNGVhOCZzaWQ9Y2VkNzJhODI4NWIwYWVlYWRmZjNmNzgyMDJiZDU0OGMmY2g9MTAwMDAmdj0xLjAuMC4wMCZwdD1oNSZkdj0xMTAwMDAwMjAxMjAmZGV2aWNldG9rZW49YjQyNTBhODBhZDY2M2Q0Y2IwOWMxY2QxYzdmZmRiZmIwZWE4ODA4NmUzN2IyZmNjNTk0ZWY0NWM5ODBlMzFhNw==&type=1
request_method:POST
cookie
client_ip:192.168.1.2
error_no:-1
error_msg:Not safe for none match or update fields
=====================2017-04-13 14:49:00===========================
service_cost:88.049
time:13/Apr/2017:14:49:00 +0800
entrance_type:Mozilla/5.0 (Windows NT 10.0; WOW64) AppleWebKit/537.36 (KHTML, like Gecko) Chrome/57.0.2987.110 Safari/537.36
ourl://sport/up/58eca466421aa9043f2bb082?UD=dWlkPTU4N2YzMTc2MmE0NjgwMGUwYThiNGVhOCZzaWQ9Y2VkNzJhODI4NWIwYWVlYWRmZjNmNzgyMDJiZDU0OGMmY2g9MTAwMDAmdj0xLjAuMC4wMCZwdD1oNSZkdj0xMTAwMDAwMjAxMjAmZGV2aWNldG9rZW49YjQyNTBhODBhZDY2M2Q0Y2IwOWMxY2QxYzdmZmRiZmIwZWE4ODA4NmUzN2IyZmNjNTk0ZWY0NWM5ODBlMzFhNw==&type=1
request_method:POST
cookie
client_ip:192.168.1.2
error_no:-1
error_msg:Not safe for none match or update fields
=====================2017-04-13 14:53:16===========================
service_cost:53.329
time:13/Apr/2017:14:53:16 +0800
entrance_type:Mozilla/5.0 (Windows NT 10.0; WOW64) AppleWebKit/537.36 (KHTML, like Gecko) Chrome/57.0.2987.110 Safari/537.36
ourl://sport/up/58eca466421aa9043f2bb082?UD=dWlkPTU4N2YzMTc2MmE0NjgwMGUwYThiNGVhOCZzaWQ9Y2VkNzJhODI4NWIwYWVlYWRmZjNmNzgyMDJiZDU0OGMmY2g9MTAwMDAmdj0xLjAuMC4wMCZwdD1oNSZkdj0xMTAwMDAwMjAxMjAmZGV2aWNldG9rZW49YjQyNTBhODBhZDY2M2Q0Y2IwOWMxY2QxYzdmZmRiZmIwZWE4ODA4NmUzN2IyZmNjNTk0ZWY0NWM5ODBlMzFhNw==&type=1
request_method:POST
cookie
client_ip:192.168.1.2
error_no:-1
error_msg:The dollar ($) prefixed field '$inc' in '$inc' is not valid for storage.
=====================2017-04-13 14:54:14===========================
service_cost:-741.263
time:13/Apr/2017:14:54:14 +0800
entrance_type:Mozilla/5.0 (Windows NT 10.0; WOW64) AppleWebKit/537.36 (KHTML, like Gecko) Chrome/57.0.2987.110 Safari/537.36
ourl://sport/up/58eca466421aa9043f2bb082?UD=dWlkPTU4N2YzMTc2MmE0NjgwMGUwYThiNGVhOCZzaWQ9Y2VkNzJhODI4NWIwYWVlYWRmZjNmNzgyMDJiZDU0OGMmY2g9MTAwMDAmdj0xLjAuMC4wMCZwdD1oNSZkdj0xMTAwMDAwMjAxMjAmZGV2aWNldG9rZW49YjQyNTBhODBhZDY2M2Q0Y2IwOWMxY2QxYzdmZmRiZmIwZWE4ODA4NmUzN2IyZmNjNTk0ZWY0NWM5ODBlMzFhNw==&type=1
request_method:POST
cookie
client_ip:192.168.1.2
error_no:-1
error_msg:The dollar ($) prefixed field '$inc' in '$inc' is not valid for storage.
=====================2017-04-13 14:56:47===========================
service_cost:86.682
time:13/Apr/2017:14:56:47 +0800
entrance_type:Mozilla/5.0 (Windows NT 10.0; WOW64) AppleWebKit/537.36 (KHTML, like Gecko) Chrome/57.0.2987.110 Safari/537.36
ourl://sport/up/58eca466421aa9043f2bb082?UD=dWlkPTU4N2YzMTc2MmE0NjgwMGUwYThiNGVhOCZzaWQ9Y2VkNzJhODI4NWIwYWVlYWRmZjNmNzgyMDJiZDU0OGMmY2g9MTAwMDAmdj0xLjAuMC4wMCZwdD1oNSZkdj0xMTAwMDAwMjAxMjAmZGV2aWNldG9rZW49YjQyNTBhODBhZDY2M2Q0Y2IwOWMxY2QxYzdmZmRiZmIwZWE4ODA4NmUzN2IyZmNjNTk0ZWY0NWM5ODBlMzFhNw==&type=1
request_method:POST
cookie
client_ip:192.168.1.2
error_no:-1
error_msg:The dollar ($) prefixed field '$inc' in '$inc' is not valid for storage.
=====================2017-04-13 14:59:09===========================
service_cost:50.87
time:13/Apr/2017:14:59:09 +0800
entrance_type:Mozilla/5.0 (Windows NT 10.0; WOW64) AppleWebKit/537.36 (KHTML, like Gecko) Chrome/57.0.2987.110 Safari/537.36
ourl://sport/up/58eca466421aa9043f2bb082?UD=dWlkPTU4N2YzMTc2MmE0NjgwMGUwYThiNGVhOCZzaWQ9Y2VkNzJhODI4NWIwYWVlYWRmZjNmNzgyMDJiZDU0OGMmY2g9MTAwMDAmdj0xLjAuMC4wMCZwdD1oNSZkdj0xMTAwMDAwMjAxMjAmZGV2aWNldG9rZW49YjQyNTBhODBhZDY2M2Q0Y2IwOWMxY2QxYzdmZmRiZmIwZWE4ODA4NmUzN2IyZmNjNTk0ZWY0NWM5ODBlMzFhNw==&type=1
request_method:POST
cookie
client_ip:192.168.1.2
error_no:-1
error_msg:The dollar ($) prefixed field '$inc' in '$inc' is not valid for storage.
=====================2017-04-13 15:00:55===========================
service_cost:-172.942
time:13/Apr/2017:15:00:55 +0800
entrance_type:Mozilla/5.0 (Windows NT 10.0; WOW64) AppleWebKit/537.36 (KHTML, like Gecko) Chrome/57.0.2987.110 Safari/537.36
ourl://sport/up/58eca466421aa9043f2bb082?UD=dWlkPTU4N2YzMTc2MmE0NjgwMGUwYThiNGVhOCZzaWQ9Y2VkNzJhODI4NWIwYWVlYWRmZjNmNzgyMDJiZDU0OGMmY2g9MTAwMDAmdj0xLjAuMC4wMCZwdD1oNSZkdj0xMTAwMDAwMjAxMjAmZGV2aWNldG9rZW49YjQyNTBhODBhZDY2M2Q0Y2IwOWMxY2QxYzdmZmRiZmIwZWE4ODA4NmUzN2IyZmNjNTk0ZWY0NWM5ODBlMzFhNw==&type=1
request_method:POST
cookie
client_ip:192.168.1.2
error_no:-1
error_msg:The dollar ($) prefixed field '$inc' in 'up_num.$inc' is not valid for storage.
=====================2017-04-13 15:01:21===========================
service_cost:44.037
time:13/Apr/2017:15:01:21 +0800
entrance_type:Mozilla/5.0 (Windows NT 10.0; WOW64) AppleWebKit/537.36 (KHTML, like Gecko) Chrome/57.0.2987.110 Safari/537.36
ourl://sport/up/58eca466421aa9043f2bb082?UD=dWlkPTU4N2YzMTc2MmE0NjgwMGUwYThiNGVhOCZzaWQ9Y2VkNzJhODI4NWIwYWVlYWRmZjNmNzgyMDJiZDU0OGMmY2g9MTAwMDAmdj0xLjAuMC4wMCZwdD1oNSZkdj0xMTAwMDAwMjAxMjAmZGV2aWNldG9rZW49YjQyNTBhODBhZDY2M2Q0Y2IwOWMxY2QxYzdmZmRiZmIwZWE4ODA4NmUzN2IyZmNjNTk0ZWY0NWM5ODBlMzFhNw==&type=1
request_method:POST
cookie
client_ip:192.168.1.2
error_no:-1
error_msg:Not safe for none match or update fields
=====================2017-04-13 15:02:15===========================
service_cost:44.112
time:13/Apr/2017:15:02:15 +0800
entrance_type:Mozilla/5.0 (Windows NT 10.0; WOW64) AppleWebKit/537.36 (KHTML, like Gecko) Chrome/57.0.2987.110 Safari/537.36
ourl://sport/up/58eca466421aa9043f2bb082?UD=dWlkPTU4N2YzMTc2MmE0NjgwMGUwYThiNGVhOCZzaWQ9Y2VkNzJhODI4NWIwYWVlYWRmZjNmNzgyMDJiZDU0OGMmY2g9MTAwMDAmdj0xLjAuMC4wMCZwdD1oNSZkdj0xMTAwMDAwMjAxMjAmZGV2aWNldG9rZW49YjQyNTBhODBhZDY2M2Q0Y2IwOWMxY2QxYzdmZmRiZmIwZWE4ODA4NmUzN2IyZmNjNTk0ZWY0NWM5ODBlMzFhNw==&type=1
request_method:POST
cookie
client_ip:192.168.1.2
error_no
error_msg:success
=====================2017-04-13 15:02:59===========================
service_cost:69.366
time:13/Apr/2017:15:02:59 +0800
entrance_type:Mozilla/5.0 (Windows NT 10.0; WOW64) AppleWebKit/537.36 (KHTML, like Gecko) Chrome/57.0.2987.110 Safari/537.36
ourl://sport/up/58eca466421aa9043f2bb082?UD=dWlkPTU4N2YzMTc2MmE0NjgwMGUwYThiNGVhOCZzaWQ9Y2VkNzJhODI4NWIwYWVlYWRmZjNmNzgyMDJiZDU0OGMmY2g9MTAwMDAmdj0xLjAuMC4wMCZwdD1oNSZkdj0xMTAwMDAwMjAxMjAmZGV2aWNldG9rZW49YjQyNTBhODBhZDY2M2Q0Y2IwOWMxY2QxYzdmZmRiZmIwZWE4ODA4NmUzN2IyZmNjNTk0ZWY0NWM5ODBlMzFhNw==&type=1
request_method:POST
cookie
client_ip:192.168.1.2
error_no
error_msg:success
=====================2017-04-13 15:16:20===========================
service_cost:51.721
time:13/Apr/2017:15:16:20 +0800
entrance_type:Mozilla/5.0 (Windows NT 10.0; WOW64) AppleWebKit/537.36 (KHTML, like Gecko) Chrome/57.0.2987.110 Safari/537.36
ourl://sport/up/58eca466421aa9043f2bb082?UD=dWlkPTU4N2YzMTc2MmE0NjgwMGUwYThiNGVhOCZzaWQ9Y2VkNzJhODI4NWIwYWVlYWRmZjNmNzgyMDJiZDU0OGMmY2g9MTAwMDAmdj0xLjAuMC4wMCZwdD1oNSZkdj0xMTAwMDAwMjAxMjAmZGV2aWNldG9rZW49YjQyNTBhODBhZDY2M2Q0Y2IwOWMxY2QxYzdmZmRiZmIwZWE4ODA4NmUzN2IyZmNjNTk0ZWY0NWM5ODBlMzFhNw==&type=1
request_method:POST
cookie
client_ip:192.168.1.2
error_no:-1
error_msg:The dollar ($) prefixed field '$inc' in '$inc' is not valid for storage.
=====================2017-04-13 15:25:42===========================
service_cost:46.19
time:13/Apr/2017:15:25:42 +0800
entrance_type:Mozilla/5.0 (Windows NT 10.0; WOW64) AppleWebKit/537.36 (KHTML, like Gecko) Chrome/57.0.2987.110 Safari/537.36
ourl://sport/up/58eca466421aa9043f2bb082?UD=dWlkPTU4N2YzMTc2MmE0NjgwMGUwYThiNGVhOCZzaWQ9Y2VkNzJhODI4NWIwYWVlYWRmZjNmNzgyMDJiZDU0OGMmY2g9MTAwMDAmdj0xLjAuMC4wMCZwdD1oNSZkdj0xMTAwMDAwMjAxMjAmZGV2aWNldG9rZW49YjQyNTBhODBhZDY2M2Q0Y2IwOWMxY2QxYzdmZmRiZmIwZWE4ODA4NmUzN2IyZmNjNTk0ZWY0NWM5ODBlMzFhNw==&type=1
request_method:POST
cookie
client_ip:192.168.1.2
error_no:-1
error_msg:Cannot apply $inc to a value of non-numeric type. {_id: ObjectId('58eca466421aa9043f2bb082')} has the field 'up_num' of non-numeric type String
=====================2017-04-13 15:26:34===========================
service_cost:91.898
time:13/Apr/2017:15:26:34 +0800
entrance_type:Mozilla/5.0 (Windows NT 10.0; WOW64) AppleWebKit/537.36 (KHTML, like Gecko) Chrome/57.0.2987.110 Safari/537.36
ourl://sport/up/58eca466421aa9043f2bb082?UD=dWlkPTU4N2YzMTc2MmE0NjgwMGUwYThiNGVhOCZzaWQ9Y2VkNzJhODI4NWIwYWVlYWRmZjNmNzgyMDJiZDU0OGMmY2g9MTAwMDAmdj0xLjAuMC4wMCZwdD1oNSZkdj0xMTAwMDAwMjAxMjAmZGV2aWNldG9rZW49YjQyNTBhODBhZDY2M2Q0Y2IwOWMxY2QxYzdmZmRiZmIwZWE4ODA4NmUzN2IyZmNjNTk0ZWY0NWM5ODBlMzFhNw==&type=1
request_method:POST
cookie
client_ip:192.168.1.2
error_no
error_msg:success
=====================2017-04-13 15:30:50===========================
service_cost:105.744
time:13/Apr/2017:15:30:50 +0800
entrance_type:Mozilla/5.0 (Windows NT 10.0; WOW64) AppleWebKit/537.36 (KHTML, like Gecko) Chrome/57.0.2987.110 Safari/537.36
ourl://sport/up/58eca466421aa9043f2bb082?UD=dWlkPTU4N2YzMTc2MmE0NjgwMGUwYThiNGVhOCZzaWQ9Y2VkNzJhODI4NWIwYWVlYWRmZjNmNzgyMDJiZDU0OGMmY2g9MTAwMDAmdj0xLjAuMC4wMCZwdD1oNSZkdj0xMTAwMDAwMjAxMjAmZGV2aWNldG9rZW49YjQyNTBhODBhZDY2M2Q0Y2IwOWMxY2QxYzdmZmRiZmIwZWE4ODA4NmUzN2IyZmNjNTk0ZWY0NWM5ODBlMzFhNw==&type=1
request_method:POST
cookie
client_ip:192.168.1.2
error_no
error_msg:success
=====================2017-04-13 15:31:15===========================
service_cost:46.07
time:13/Apr/2017:15:31:15 +0800
entrance_type:Mozilla/5.0 (Windows NT 10.0; WOW64) AppleWebKit/537.36 (KHTML, like Gecko) Chrome/57.0.2987.110 Safari/537.36
ourl://sport/up/58eca466421aa9043f2bb082?UD=dWlkPTU4N2YzMTc2MmE0NjgwMGUwYThiNGVhOCZzaWQ9Y2VkNzJhODI4NWIwYWVlYWRmZjNmNzgyMDJiZDU0OGMmY2g9MTAwMDAmdj0xLjAuMC4wMCZwdD1oNSZkdj0xMTAwMDAwMjAxMjAmZGV2aWNldG9rZW49YjQyNTBhODBhZDY2M2Q0Y2IwOWMxY2QxYzdmZmRiZmIwZWE4ODA4NmUzN2IyZmNjNTk0ZWY0NWM5ODBlMzFhNw==&type=1
request_method:POST
cookie
client_ip:192.168.1.2
error_no
error_msg:success
=====================2017-04-13 15:34:50===========================
service_cost:48.848
time:13/Apr/2017:15:34:50 +0800
entrance_type:Mozilla/5.0 (Windows NT 10.0; WOW64) AppleWebKit/537.36 (KHTML, like Gecko) Chrome/57.0.2987.110 Safari/537.36
ourl://sport/up/58eca466421aa9043f2bb082?UD=dWlkPTU4N2YzMTc2MmE0NjgwMGUwYThiNGVhOCZzaWQ9Y2VkNzJhODI4NWIwYWVlYWRmZjNmNzgyMDJiZDU0OGMmY2g9MTAwMDAmdj0xLjAuMC4wMCZwdD1oNSZkdj0xMTAwMDAwMjAxMjAmZGV2aWNldG9rZW49YjQyNTBhODBhZDY2M2Q0Y2IwOWMxY2QxYzdmZmRiZmIwZWE4ODA4NmUzN2IyZmNjNTk0ZWY0NWM5ODBlMzFhNw==&type=1
request_method:POST
cookie
client_ip:192.168.1.2
error_no:651
error_msg:赞操作失败
=====================2017-04-13 15:37:59===========================
service_cost:44.356
time:13/Apr/2017:15:37:59 +0800
entrance_type:Mozilla/5.0 (Windows NT 10.0; WOW64) AppleWebKit/537.36 (KHTML, like Gecko) Chrome/57.0.2987.110 Safari/537.36
ourl://sport/up/58eca466421aa9043f2bb082?UD=dWlkPTU4N2YzMTc2MmE0NjgwMGUwYThiNGVhOCZzaWQ9Y2VkNzJhODI4NWIwYWVlYWRmZjNmNzgyMDJiZDU0OGMmY2g9MTAwMDAmdj0xLjAuMC4wMCZwdD1oNSZkdj0xMTAwMDAwMjAxMjAmZGV2aWNldG9rZW49YjQyNTBhODBhZDY2M2Q0Y2IwOWMxY2QxYzdmZmRiZmIwZWE4ODA4NmUzN2IyZmNjNTk0ZWY0NWM5ODBlMzFhNw==&type=1
request_method:POST
cookie
client_ip:192.168.1.2
error_no:651
error_msg:赞操作失败
=====================2017-04-13 15:37:59===========================
service_cost:30.867
time:13/Apr/2017:15:37:59 +0800
entrance_type:Mozilla/5.0 (Windows NT 10.0; WOW64) AppleWebKit/537.36 (KHTML, like Gecko) Chrome/57.0.2987.110 Safari/537.36
ourl://sport/up/58eca466421aa9043f2bb082?UD=dWlkPTU4N2YzMTc2MmE0NjgwMGUwYThiNGVhOCZzaWQ9Y2VkNzJhODI4NWIwYWVlYWRmZjNmNzgyMDJiZDU0OGMmY2g9MTAwMDAmdj0xLjAuMC4wMCZwdD1oNSZkdj0xMTAwMDAwMjAxMjAmZGV2aWNldG9rZW49YjQyNTBhODBhZDY2M2Q0Y2IwOWMxY2QxYzdmZmRiZmIwZWE4ODA4NmUzN2IyZmNjNTk0ZWY0NWM5ODBlMzFhNw==&type=1
request_method:POST
cookie
client_ip:192.168.1.2
error_no:651
error_msg:赞操作失败
=====================2017-04-13 15:41:20===========================
service_cost:66.043
time:13/Apr/2017:15:41:20 +0800
entrance_type:Mozilla/5.0 (Windows NT 10.0; WOW64) AppleWebKit/537.36 (KHTML, like Gecko) Chrome/57.0.2987.110 Safari/537.36
ourl://sport/up/58eca466421aa9043f2bb082?UD=dWlkPTU4N2YzMTc2MmE0NjgwMGUwYThiNGVhOCZzaWQ9Y2VkNzJhODI4NWIwYWVlYWRmZjNmNzgyMDJiZDU0OGMmY2g9MTAwMDAmdj0xLjAuMC4wMCZwdD1oNSZkdj0xMTAwMDAwMjAxMjAmZGV2aWNldG9rZW49YjQyNTBhODBhZDY2M2Q0Y2IwOWMxY2QxYzdmZmRiZmIwZWE4ODA4NmUzN2IyZmNjNTk0ZWY0NWM5ODBlMzFhNw==&type=1
request_method:DELETE
cookie
client_ip:192.168.1.2
error_no:653
error_msg:取消点赞失败
=====================2017-04-13 15:41:34===========================
service_cost:53.776
time:13/Apr/2017:15:41:34 +0800
entrance_type:Mozilla/5.0 (Windows NT 10.0; WOW64) AppleWebKit/537.36 (KHTML, like Gecko) Chrome/57.0.2987.110 Safari/537.36
ourl://sport/up/58eca466421aa9043f2bb082?UD=dWlkPTU4N2YzMTc2MmE0NjgwMGUwYThiNGVhOCZzaWQ9Y2VkNzJhODI4NWIwYWVlYWRmZjNmNzgyMDJiZDU0OGMmY2g9MTAwMDAmdj0xLjAuMC4wMCZwdD1oNSZkdj0xMTAwMDAwMjAxMjAmZGV2aWNldG9rZW49YjQyNTBhODBhZDY2M2Q0Y2IwOWMxY2QxYzdmZmRiZmIwZWE4ODA4NmUzN2IyZmNjNTk0ZWY0NWM5ODBlMzFhNw==&type=1
request_method:DELETE
cookie
client_ip:192.168.1.2
error_no:653
error_msg:取消点赞失败
=====================2017-04-13 15:42:11===========================
service_cost:36.579
time:13/Apr/2017:15:42:11 +0800
entrance_type:Mozilla/5.0 (Windows NT 10.0; WOW64) AppleWebKit/537.36 (KHTML, like Gecko) Chrome/57.0.2987.110 Safari/537.36
ourl://sport/up/58eca466421aa9043f2bb082?UD=dWlkPTU4N2YzMTc2MmE0NjgwMGUwYThiNGVhOCZzaWQ9Y2VkNzJhODI4NWIwYWVlYWRmZjNmNzgyMDJiZDU0OGMmY2g9MTAwMDAmdj0xLjAuMC4wMCZwdD1oNSZkdj0xMTAwMDAwMjAxMjAmZGV2aWNldG9rZW49YjQyNTBhODBhZDY2M2Q0Y2IwOWMxY2QxYzdmZmRiZmIwZWE4ODA4NmUzN2IyZmNjNTk0ZWY0NWM5ODBlMzFhNw==&type=1
request_method:POST
cookie
client_ip:192.168.1.2
error_no:651
error_msg:赞操作失败
=====================2017-04-13 15:42:12===========================
service_cost:166.921
time:13/Apr/2017:15:42:12 +0800
entrance_type:Mozilla/5.0 (Windows NT 10.0; WOW64) AppleWebKit/537.36 (KHTML, like Gecko) Chrome/57.0.2987.110 Safari/537.36
ourl://sport/up/58eca466421aa9043f2bb082?UD=dWlkPTU4N2YzMTc2MmE0NjgwMGUwYThiNGVhOCZzaWQ9Y2VkNzJhODI4NWIwYWVlYWRmZjNmNzgyMDJiZDU0OGMmY2g9MTAwMDAmdj0xLjAuMC4wMCZwdD1oNSZkdj0xMTAwMDAwMjAxMjAmZGV2aWNldG9rZW49YjQyNTBhODBhZDY2M2Q0Y2IwOWMxY2QxYzdmZmRiZmIwZWE4ODA4NmUzN2IyZmNjNTk0ZWY0NWM5ODBlMzFhNw==&type=1
request_method:POST
cookie
client_ip:192.168.1.2
error_no:651
error_msg:赞操作失败
=====================2017-04-13 15:45:09===========================
service_cost:57.762
time:13/Apr/2017:15:45:09 +0800
entrance_type:Mozilla/5.0 (Windows NT 10.0; WOW64) AppleWebKit/537.36 (KHTML, like Gecko) Chrome/57.0.2987.110 Safari/537.36
ourl://sport/up/58eca466421aa9043f2bb082?UD=dWlkPTU4N2YzMTc2MmE0NjgwMGUwYThiNGVhOCZzaWQ9Y2VkNzJhODI4NWIwYWVlYWRmZjNmNzgyMDJiZDU0OGMmY2g9MTAwMDAmdj0xLjAuMC4wMCZwdD1oNSZkdj0xMTAwMDAwMjAxMjAmZGV2aWNldG9rZW49YjQyNTBhODBhZDY2M2Q0Y2IwOWMxY2QxYzdmZmRiZmIwZWE4ODA4NmUzN2IyZmNjNTk0ZWY0NWM5ODBlMzFhNw==&type=1
request_method:DELETE
cookie
client_ip:192.168.1.2
error_no
error_msg:success
=====================2017-04-13 15:45:11===========================
service_cost:51.139
time:13/Apr/2017:15:45:11 +0800
entrance_type:Mozilla/5.0 (Windows NT 10.0; WOW64) AppleWebKit/537.36 (KHTML, like Gecko) Chrome/57.0.2987.110 Safari/537.36
ourl://sport/up/58eca466421aa9043f2bb082?UD=dWlkPTU4N2YzMTc2MmE0NjgwMGUwYThiNGVhOCZzaWQ9Y2VkNzJhODI4NWIwYWVlYWRmZjNmNzgyMDJiZDU0OGMmY2g9MTAwMDAmdj0xLjAuMC4wMCZwdD1oNSZkdj0xMTAwMDAwMjAxMjAmZGV2aWNldG9rZW49YjQyNTBhODBhZDY2M2Q0Y2IwOWMxY2QxYzdmZmRiZmIwZWE4ODA4NmUzN2IyZmNjNTk0ZWY0NWM5ODBlMzFhNw==&type=1
request_method:DELETE
cookie
client_ip:192.168.1.2
error_no:653
error_msg:取消点赞失败
=====================2017-04-13 15:45:12===========================
service_cost:31.065
time:13/Apr/2017:15:45:12 +0800
entrance_type:Mozilla/5.0 (Windows NT 10.0; WOW64) AppleWebKit/537.36 (KHTML, like Gecko) Chrome/57.0.2987.110 Safari/537.36
ourl://sport/up/58eca466421aa9043f2bb082?UD=dWlkPTU4N2YzMTc2MmE0NjgwMGUwYThiNGVhOCZzaWQ9Y2VkNzJhODI4NWIwYWVlYWRmZjNmNzgyMDJiZDU0OGMmY2g9MTAwMDAmdj0xLjAuMC4wMCZwdD1oNSZkdj0xMTAwMDAwMjAxMjAmZGV2aWNldG9rZW49YjQyNTBhODBhZDY2M2Q0Y2IwOWMxY2QxYzdmZmRiZmIwZWE4ODA4NmUzN2IyZmNjNTk0ZWY0NWM5ODBlMzFhNw==&type=1
request_method:DELETE
cookie
client_ip:192.168.1.2
error_no:653
error_msg:取消点赞失败
=====================2017-04-13 15:46:34===========================
service_cost:76.682
time:13/Apr/2017:15:46:34 +0800
entrance_type:Mozilla/5.0 (Windows NT 10.0; WOW64) AppleWebKit/537.36 (KHTML, like Gecko) Chrome/57.0.2987.110 Safari/537.36
ourl://sport/up/58eca466421aa9043f2bb082?UD=dWlkPTU4N2YzMTc2MmE0NjgwMGUwYThiNGVhOCZzaWQ9Y2VkNzJhODI4NWIwYWVlYWRmZjNmNzgyMDJiZDU0OGMmY2g9MTAwMDAmdj0xLjAuMC4wMCZwdD1oNSZkdj0xMTAwMDAwMjAxMjAmZGV2aWNldG9rZW49YjQyNTBhODBhZDY2M2Q0Y2IwOWMxY2QxYzdmZmRiZmIwZWE4ODA4NmUzN2IyZmNjNTk0ZWY0NWM5ODBlMzFhNw==&type=1
request_method:POST
cookie
client_ip:192.168.1.2
error_no
error_msg:success
=====================2017-04-13 15:46:35===========================
service_cost:34.072
time:13/Apr/2017:15:46:35 +0800
entrance_type:Mozilla/5.0 (Windows NT 10.0; WOW64) AppleWebKit/537.36 (KHTML, like Gecko) Chrome/57.0.2987.110 Safari/537.36
ourl://sport/up/58eca466421aa9043f2bb082?UD=dWlkPTU4N2YzMTc2MmE0NjgwMGUwYThiNGVhOCZzaWQ9Y2VkNzJhODI4NWIwYWVlYWRmZjNmNzgyMDJiZDU0OGMmY2g9MTAwMDAmdj0xLjAuMC4wMCZwdD1oNSZkdj0xMTAwMDAwMjAxMjAmZGV2aWNldG9rZW49YjQyNTBhODBhZDY2M2Q0Y2IwOWMxY2QxYzdmZmRiZmIwZWE4ODA4NmUzN2IyZmNjNTk0ZWY0NWM5ODBlMzFhNw==&type=1
request_method:POST
cookie
client_ip:192.168.1.2
error_no:651
error_msg:赞操作失败
=====================2017-04-13 16:09:36===========================
service_cost:8.623
time:13/Apr/2017:16:09:36 +0800
entrance_type:Mozilla/5.0 (Windows NT 10.0; WOW64) AppleWebKit/537.36 (KHTML, like Gecko) Chrome/57.0.2987.110 Safari/537.36
ourl:/sport/upuserlist/58eca466421aa9043f2bb082?UD=dWlkPTU4N2YzMTc2MmE0NjgwMGUwYThiNGVhOCZzaWQ9Y2VkNzJhODI4NWIwYWVlYWRmZjNmNzgyMDJiZDU0OGMmY2g9MTAwMDAmdj0xLjAuMC4wMCZwdD1oNSZkdj0xMTAwMDAwMjAxMjAmZGV2aWNldG9rZW49YjQyNTBhODBhZDY2M2Q0Y2IwOWMxY2QxYzdmZmRiZmIwZWE4ODA4NmUzN2IyZmNjNTk0ZWY0NWM5ODBlMzFhNw==&type=1
request_method:GET
cookie
client_ip:192.168.1.2
error_no:13053
error_msg:No suitable servers found (`serverSelectionTryOnce` set): [socket timeout calling ismaster on '60.205.136.72:27001']
=====================2017-04-13 16:14:02===========================
service_cost:156.67
time:13/Apr/2017:16:14:02 +0800
entrance_type:Mozilla/5.0 (Windows NT 10.0; WOW64) AppleWebKit/537.36 (KHTML, like Gecko) Chrome/57.0.2987.110 Safari/537.36
ourl:/sport/upuserlist/58eca466421aa9043f2bb082?UD=dWlkPTU4N2YzMTc2MmE0NjgwMGUwYThiNGVhOCZzaWQ9Y2VkNzJhODI4NWIwYWVlYWRmZjNmNzgyMDJiZDU0OGMmY2g9MTAwMDAmdj0xLjAuMC4wMCZwdD1oNSZkdj0xMTAwMDAwMjAxMjAmZGV2aWNldG9rZW49YjQyNTBhODBhZDY2M2Q0Y2IwOWMxY2QxYzdmZmRiZmIwZWE4ODA4NmUzN2IyZmNjNTk0ZWY0NWM5ODBlMzFhNw==&type=1
request_method:GET
cookie
client_ip:192.168.1.2
error_no
error_msg:success
=====================2017-04-13 16:14:13===========================
service_cost:-0.56500000000004
time:13/Apr/2017:16:14:13 +0800
entrance_type:Mozilla/5.0 (Windows NT 10.0; WOW64) AppleWebKit/537.36 (KHTML, like Gecko) Chrome/57.0.2987.110 Safari/537.36
ourl:/sport/upuserlist/58eca466421aa9043f2bb082?UD=dWlkPTU4N2YzMTc2MmE0NjgwMGUwYThiNGVhOCZzaWQ9Y2VkNzJhODI4NWIwYWVlYWRmZjNmNzgyMDJiZDU0OGMmY2g9MTAwMDAmdj0xLjAuMC4wMCZwdD1oNSZkdj0xMTAwMDAwMjAxMjAmZGV2aWNldG9rZW49YjQyNTBhODBhZDY2M2Q0Y2IwOWMxY2QxYzdmZmRiZmIwZWE4ODA4NmUzN2IyZmNjNTk0ZWY0NWM5ODBlMzFhNw==&type=1
request_method:GET
cookie
client_ip:192.168.1.2
error_no
error_msg:success
=====================2017-04-13 16:14:40===========================
service_cost:-777.959
time:13/Apr/2017:16:14:40 +0800
entrance_type:Mozilla/5.0 (Windows NT 10.0; WOW64) AppleWebKit/537.36 (KHTML, like Gecko) Chrome/57.0.2987.110 Safari/537.36
ourl://sport/share?UD=dWlkPTU4N2YzMTc2MmE0NjgwMGUwYThiNGVhOCZzaWQ9Y2VkNzJhODI4NWIwYWVlYWRmZjNmNzgyMDJiZDU0OGMmY2g9MTAwMDAmdj0xLjAuMC4wMCZwdD1oNSZkdj0xMTAwMDAwMjAxMjAmZGV2aWNldG9rZW49YjQyNTBhODBhZDY2M2Q0Y2IwOWMxY2QxYzdmZmRiZmIwZWE4ODA4NmUzN2IyZmNjNTk0ZWY0NWM5ODBlMzFhNw==&type=1
request_method:GET
cookie
client_ip:192.168.1.2
error_no
error_msg:success
=====================2017-04-13 16:16:11===========================
service_cost:658.982
time:13/Apr/2017:16:16:11 +0800
entrance_type:Mozilla/5.0 (Windows NT 10.0; WOW64) AppleWebKit/537.36 (KHTML, like Gecko) Chrome/57.0.2987.110 Safari/537.36
ourl://sport/share?UD=dWlkPTU4N2YzMTc2MmE0NjgwMGUwYThiNGVhOCZzaWQ9Y2VkNzJhODI4NWIwYWVlYWRmZjNmNzgyMDJiZDU0OGMmY2g9MTAwMDAmdj0xLjAuMC4wMCZwdD1oNSZkdj0xMTAwMDAwMjAxMjAmZGV2aWNldG9rZW49YjQyNTBhODBhZDY2M2Q0Y2IwOWMxY2QxYzdmZmRiZmIwZWE4ODA4NmUzN2IyZmNjNTk0ZWY0NWM5ODBlMzFhNw==&type=1
request_method:GET
cookie
client_ip:192.168.1.2
error_no
error_msg:success
=====================2017-04-13 16:35:35===========================
service_cost:10.195
time:13/Apr/2017:16:35:35 +0800
entrance_type:Mozilla/5.0 (Windows NT 10.0; WOW64) AppleWebKit/537.36 (KHTML, like Gecko) Chrome/57.0.2987.110 Safari/537.36
ourl://sport/share?UD=dWlkPTU4N2YzMTc2MmE0NjgwMGUwYThiNGVhOCZzaWQ9Y2VkNzJhODI4NWIwYWVlYWRmZjNmNzgyMDJiZDU0OGMmY2g9MTAwMDAmdj0xLjAuMC4wMCZwdD1oNSZkdj0xMTAwMDAwMjAxMjAmZGV2aWNldG9rZW49YjQyNTBhODBhZDY2M2Q0Y2IwOWMxY2QxYzdmZmRiZmIwZWE4ODA4NmUzN2IyZmNjNTk0ZWY0NWM5ODBlMzFhNw==&type=1
request_method:GET
cookie
client_ip:192.168.1.2
error_no:13053
error_msg:No suitable servers found (`serverSelectionTryOnce` set): [socket timeout calling ismaster on '60.205.136.72:27001']
=====================2017-04-13 16:46:47===========================
service_cost:7.57
time:13/Apr/2017:16:46:47 +0800
entrance_type:Mozilla/5.0 (Windows NT 10.0; WOW64) AppleWebKit/537.36 (KHTML, like Gecko) Chrome/57.0.2987.110 Safari/537.36
ourl://sport/share?UD=dWlkPTU4N2YzMTc2MmE0NjgwMGUwYThiNGVhOCZzaWQ9Y2VkNzJhODI4NWIwYWVlYWRmZjNmNzgyMDJiZDU0OGMmY2g9MTAwMDAmdj0xLjAuMC4wMCZwdD1oNSZkdj0xMTAwMDAwMjAxMjAmZGV2aWNldG9rZW49YjQyNTBhODBhZDY2M2Q0Y2IwOWMxY2QxYzdmZmRiZmIwZWE4ODA4NmUzN2IyZmNjNTk0ZWY0NWM5ODBlMzFhNw==&type=1
request_method:GET
cookie
client_ip:192.168.1.17
error_no:13053
error_msg:No suitable servers found (`serverSelectionTryOnce` set): [connection closed calling ismaster on '60.205.136.72:27001']
=====================2017-04-13 16:46:51===========================
service_cost:-918.478
time:13/Apr/2017:16:46:51 +0800
entrance_type:Mozilla/5.0 (Windows NT 10.0; WOW64) AppleWebKit/537.36 (KHTML, like Gecko) Chrome/57.0.2987.110 Safari/537.36
ourl://sport/share?UD=dWlkPTU4N2YzMTc2MmE0NjgwMGUwYThiNGVhOCZzaWQ9Y2VkNzJhODI4NWIwYWVlYWRmZjNmNzgyMDJiZDU0OGMmY2g9MTAwMDAmdj0xLjAuMC4wMCZwdD1oNSZkdj0xMTAwMDAwMjAxMjAmZGV2aWNldG9rZW49YjQyNTBhODBhZDY2M2Q0Y2IwOWMxY2QxYzdmZmRiZmIwZWE4ODA4NmUzN2IyZmNjNTk0ZWY0NWM5ODBlMzFhNw==&type=1
request_method:GET
cookie
client_ip:192.168.1.17
error_no
error_msg:success
=====================2017-04-13 16:46:52===========================
service_cost:0.25
time:13/Apr/2017:16:46:52 +0800
entrance_type:Mozilla/5.0 (Windows NT 10.0; WOW64) AppleWebKit/537.36 (KHTML, like Gecko) Chrome/57.0.2987.110 Safari/537.36
ourl://sport/share?UD=dWlkPTU4N2YzMTc2MmE0NjgwMGUwYThiNGVhOCZzaWQ9Y2VkNzJhODI4NWIwYWVlYWRmZjNmNzgyMDJiZDU0OGMmY2g9MTAwMDAmdj0xLjAuMC4wMCZwdD1oNSZkdj0xMTAwMDAwMjAxMjAmZGV2aWNldG9rZW49YjQyNTBhODBhZDY2M2Q0Y2IwOWMxY2QxYzdmZmRiZmIwZWE4ODA4NmUzN2IyZmNjNTk0ZWY0NWM5ODBlMzFhNw==&type=1
request_method:GET
cookie
client_ip:192.168.1.17
error_no:13053
error_msg:No suitable servers found (`serverSelectionTryOnce` set): [connection closed calling ismaster on '60.205.136.72:27001']
=====================2017-04-13 16:46:52===========================
service_cost:44.854
time:13/Apr/2017:16:46:52 +0800
entrance_type:Mozilla/5.0 (Windows NT 10.0; WOW64) AppleWebKit/537.36 (KHTML, like Gecko) Chrome/57.0.2987.110 Safari/537.36
ourl://sport/share?UD=dWlkPTU4N2YzMTc2MmE0NjgwMGUwYThiNGVhOCZzaWQ9Y2VkNzJhODI4NWIwYWVlYWRmZjNmNzgyMDJiZDU0OGMmY2g9MTAwMDAmdj0xLjAuMC4wMCZwdD1oNSZkdj0xMTAwMDAwMjAxMjAmZGV2aWNldG9rZW49YjQyNTBhODBhZDY2M2Q0Y2IwOWMxY2QxYzdmZmRiZmIwZWE4ODA4NmUzN2IyZmNjNTk0ZWY0NWM5ODBlMzFhNw==&type=1
request_method:GET
cookie
client_ip:192.168.1.17
error_no
error_msg:success
=====================2017-04-13 16:46:53===========================
service_cost:210.151
time:13/Apr/2017:16:46:53 +0800
entrance_type:Mozilla/5.0 (Windows NT 10.0; WOW64) AppleWebKit/537.36 (KHTML, like Gecko) Chrome/57.0.2987.110 Safari/537.36
ourl://sport/share?UD=dWlkPTU4N2YzMTc2MmE0NjgwMGUwYThiNGVhOCZzaWQ9Y2VkNzJhODI4NWIwYWVlYWRmZjNmNzgyMDJiZDU0OGMmY2g9MTAwMDAmdj0xLjAuMC4wMCZwdD1oNSZkdj0xMTAwMDAwMjAxMjAmZGV2aWNldG9rZW49YjQyNTBhODBhZDY2M2Q0Y2IwOWMxY2QxYzdmZmRiZmIwZWE4ODA4NmUzN2IyZmNjNTk0ZWY0NWM5ODBlMzFhNw==&type=1
request_method:GET
cookie
client_ip:192.168.1.17
error_no
error_msg:success
=====================2017-04-13 16:46:54===========================
service_cost:42.153
time:13/Apr/2017:16:46:54 +0800
entrance_type:Mozilla/5.0 (Windows NT 10.0; WOW64) AppleWebKit/537.36 (KHTML, like Gecko) Chrome/57.0.2987.110 Safari/537.36
ourl://sport/share?UD=dWlkPTU4N2YzMTc2MmE0NjgwMGUwYThiNGVhOCZzaWQ9Y2VkNzJhODI4NWIwYWVlYWRmZjNmNzgyMDJiZDU0OGMmY2g9MTAwMDAmdj0xLjAuMC4wMCZwdD1oNSZkdj0xMTAwMDAwMjAxMjAmZGV2aWNldG9rZW49YjQyNTBhODBhZDY2M2Q0Y2IwOWMxY2QxYzdmZmRiZmIwZWE4ODA4NmUzN2IyZmNjNTk0ZWY0NWM5ODBlMzFhNw==&type=1
request_method:GET
cookie
client_ip:192.168.1.17
error_no
error_msg:success
=====================2017-04-13 16:46:54===========================
service_cost:56.947
time:13/Apr/2017:16:46:54 +0800
entrance_type:Mozilla/5.0 (Windows NT 10.0; WOW64) AppleWebKit/537.36 (KHTML, like Gecko) Chrome/57.0.2987.110 Safari/537.36
ourl://sport/share?UD=dWlkPTU4N2YzMTc2MmE0NjgwMGUwYThiNGVhOCZzaWQ9Y2VkNzJhODI4NWIwYWVlYWRmZjNmNzgyMDJiZDU0OGMmY2g9MTAwMDAmdj0xLjAuMC4wMCZwdD1oNSZkdj0xMTAwMDAwMjAxMjAmZGV2aWNldG9rZW49YjQyNTBhODBhZDY2M2Q0Y2IwOWMxY2QxYzdmZmRiZmIwZWE4ODA4NmUzN2IyZmNjNTk0ZWY0NWM5ODBlMzFhNw==&type=1
request_method:GET
cookie
client_ip:192.168.1.17
error_no
error_msg:success
=====================2017-04-13 16:46:55===========================
service_cost:84.483
time:13/Apr/2017:16:46:55 +0800
entrance_type:Mozilla/5.0 (Windows NT 10.0; WOW64) AppleWebKit/537.36 (KHTML, like Gecko) Chrome/57.0.2987.110 Safari/537.36
ourl://sport/share?UD=dWlkPTU4N2YzMTc2MmE0NjgwMGUwYThiNGVhOCZzaWQ9Y2VkNzJhODI4NWIwYWVlYWRmZjNmNzgyMDJiZDU0OGMmY2g9MTAwMDAmdj0xLjAuMC4wMCZwdD1oNSZkdj0xMTAwMDAwMjAxMjAmZGV2aWNldG9rZW49YjQyNTBhODBhZDY2M2Q0Y2IwOWMxY2QxYzdmZmRiZmIwZWE4ODA4NmUzN2IyZmNjNTk0ZWY0NWM5ODBlMzFhNw==&type=1
request_method:GET
cookie
client_ip:192.168.1.17
error_no
error_msg:success
=====================2017-04-13 16:46:56===========================
service_cost:45.336
time:13/Apr/2017:16:46:56 +0800
entrance_type:Mozilla/5.0 (Windows NT 10.0; WOW64) AppleWebKit/537.36 (KHTML, like Gecko) Chrome/57.0.2987.110 Safari/537.36
ourl://sport/share?UD=dWlkPTU4N2YzMTc2MmE0NjgwMGUwYThiNGVhOCZzaWQ9Y2VkNzJhODI4NWIwYWVlYWRmZjNmNzgyMDJiZDU0OGMmY2g9MTAwMDAmdj0xLjAuMC4wMCZwdD1oNSZkdj0xMTAwMDAwMjAxMjAmZGV2aWNldG9rZW49YjQyNTBhODBhZDY2M2Q0Y2IwOWMxY2QxYzdmZmRiZmIwZWE4ODA4NmUzN2IyZmNjNTk0ZWY0NWM5ODBlMzFhNw==&type=1
request_method:GET
cookie
client_ip:192.168.1.17
error_no
error_msg:success
=====================2017-04-13 16:46:56===========================
service_cost:146.161
time:13/Apr/2017:16:46:56 +0800
entrance_type:Mozilla/5.0 (Windows NT 10.0; WOW64) AppleWebKit/537.36 (KHTML, like Gecko) Chrome/57.0.2987.110 Safari/537.36
ourl://sport/share?UD=dWlkPTU4N2YzMTc2MmE0NjgwMGUwYThiNGVhOCZzaWQ9Y2VkNzJhODI4NWIwYWVlYWRmZjNmNzgyMDJiZDU0OGMmY2g9MTAwMDAmdj0xLjAuMC4wMCZwdD1oNSZkdj0xMTAwMDAwMjAxMjAmZGV2aWNldG9rZW49YjQyNTBhODBhZDY2M2Q0Y2IwOWMxY2QxYzdmZmRiZmIwZWE4ODA4NmUzN2IyZmNjNTk0ZWY0NWM5ODBlMzFhNw==&type=1
request_method:GET
cookie
client_ip:192.168.1.17
error_no
error_msg:success
=====================2017-04-13 16:47:03===========================
service_cost:73.861
time:13/Apr/2017:16:47:03 +0800
entrance_type:Mozilla/5.0 (Windows NT 10.0; WOW64) AppleWebKit/537.36 (KHTML, like Gecko) Chrome/57.0.2987.110 Safari/537.36
ourl://sport/share?UD=dWlkPTU4N2YzMTc2MmE0NjgwMGUwYThiNGVhOCZzaWQ9Y2VkNzJhODI4NWIwYWVlYWRmZjNmNzgyMDJiZDU0OGMmY2g9MTAwMDAmdj0xLjAuMC4wMCZwdD1oNSZkdj0xMTAwMDAwMjAxMjAmZGV2aWNldG9rZW49YjQyNTBhODBhZDY2M2Q0Y2IwOWMxY2QxYzdmZmRiZmIwZWE4ODA4NmUzN2IyZmNjNTk0ZWY0NWM5ODBlMzFhNw==&type=1
request_method:GET
cookie
client_ip:192.168.1.17
error_no
error_msg:success
=====================2017-04-13 16:47:04===========================
service_cost:110.707
time:13/Apr/2017:16:47:04 +0800
entrance_type:Mozilla/5.0 (Windows NT 10.0; WOW64) AppleWebKit/537.36 (KHTML, like Gecko) Chrome/57.0.2987.110 Safari/537.36
ourl://sport/share?UD=dWlkPTU4N2YzMTc2MmE0NjgwMGUwYThiNGVhOCZzaWQ9Y2VkNzJhODI4NWIwYWVlYWRmZjNmNzgyMDJiZDU0OGMmY2g9MTAwMDAmdj0xLjAuMC4wMCZwdD1oNSZkdj0xMTAwMDAwMjAxMjAmZGV2aWNldG9rZW49YjQyNTBhODBhZDY2M2Q0Y2IwOWMxY2QxYzdmZmRiZmIwZWE4ODA4NmUzN2IyZmNjNTk0ZWY0NWM5ODBlMzFhNw==&type=1
request_method:GET
cookie
client_ip:192.168.1.17
error_no
error_msg:success
=====================2017-04-13 16:47:05===========================
service_cost:122.646
time:13/Apr/2017:16:47:05 +0800
entrance_type:Mozilla/5.0 (Windows NT 10.0; WOW64) AppleWebKit/537.36 (KHTML, like Gecko) Chrome/57.0.2987.110 Safari/537.36
ourl://sport/share?UD=dWlkPTU4N2YzMTc2MmE0NjgwMGUwYThiNGVhOCZzaWQ9Y2VkNzJhODI4NWIwYWVlYWRmZjNmNzgyMDJiZDU0OGMmY2g9MTAwMDAmdj0xLjAuMC4wMCZwdD1oNSZkdj0xMTAwMDAwMjAxMjAmZGV2aWNldG9rZW49YjQyNTBhODBhZDY2M2Q0Y2IwOWMxY2QxYzdmZmRiZmIwZWE4ODA4NmUzN2IyZmNjNTk0ZWY0NWM5ODBlMzFhNw==&type=1
request_method:GET
cookie
client_ip:192.168.1.17
error_no
error_msg:success
=====================2017-04-13 16:47:06===========================
service_cost:41.786
time:13/Apr/2017:16:47:06 +0800
entrance_type:Mozilla/5.0 (Windows NT 10.0; WOW64) AppleWebKit/537.36 (KHTML, like Gecko) Chrome/57.0.2987.110 Safari/537.36
ourl://sport/share?UD=dWlkPTU4N2YzMTc2MmE0NjgwMGUwYThiNGVhOCZzaWQ9Y2VkNzJhODI4NWIwYWVlYWRmZjNmNzgyMDJiZDU0OGMmY2g9MTAwMDAmdj0xLjAuMC4wMCZwdD1oNSZkdj0xMTAwMDAwMjAxMjAmZGV2aWNldG9rZW49YjQyNTBhODBhZDY2M2Q0Y2IwOWMxY2QxYzdmZmRiZmIwZWE4ODA4NmUzN2IyZmNjNTk0ZWY0NWM5ODBlMzFhNw==&type=1
request_method:GET
cookie
client_ip:192.168.1.17
error_no
error_msg:success
=====================2017-04-13 16:47:07===========================
service_cost:39.485
time:13/Apr/2017:16:47:07 +0800
entrance_type:Mozilla/5.0 (Windows NT 10.0; WOW64) AppleWebKit/537.36 (KHTML, like Gecko) Chrome/57.0.2987.110 Safari/537.36
ourl://sport/share?UD=dWlkPTU4N2YzMTc2MmE0NjgwMGUwYThiNGVhOCZzaWQ9Y2VkNzJhODI4NWIwYWVlYWRmZjNmNzgyMDJiZDU0OGMmY2g9MTAwMDAmdj0xLjAuMC4wMCZwdD1oNSZkdj0xMTAwMDAwMjAxMjAmZGV2aWNldG9rZW49YjQyNTBhODBhZDY2M2Q0Y2IwOWMxY2QxYzdmZmRiZmIwZWE4ODA4NmUzN2IyZmNjNTk0ZWY0NWM5ODBlMzFhNw==&type=1
request_method:GET
cookie
client_ip:192.168.1.17
error_no
error_msg:success
=====================2017-04-13 16:47:08===========================
service_cost:44.432
time:13/Apr/2017:16:47:08 +0800
entrance_type:Mozilla/5.0 (Windows NT 10.0; WOW64) AppleWebKit/537.36 (KHTML, like Gecko) Chrome/57.0.2987.110 Safari/537.36
ourl://sport/share?UD=dWlkPTU4N2YzMTc2MmE0NjgwMGUwYThiNGVhOCZzaWQ9Y2VkNzJhODI4NWIwYWVlYWRmZjNmNzgyMDJiZDU0OGMmY2g9MTAwMDAmdj0xLjAuMC4wMCZwdD1oNSZkdj0xMTAwMDAwMjAxMjAmZGV2aWNldG9rZW49YjQyNTBhODBhZDY2M2Q0Y2IwOWMxY2QxYzdmZmRiZmIwZWE4ODA4NmUzN2IyZmNjNTk0ZWY0NWM5ODBlMzFhNw==&type=1
request_method:GET
cookie
client_ip:192.168.1.17
error_no
error_msg:success
=====================2017-04-13 16:48:02===========================
service_cost:27.305
time:13/Apr/2017:16:48:02 +0800
entrance_type:Mozilla/5.0 (Windows NT 10.0; WOW64) AppleWebKit/537.36 (KHTML, like Gecko) Chrome/57.0.2987.110 Safari/537.36
ourl://sport/up/58eca466421aa9043f2bb082?UD=dWlkPTU4N2YzMTc2MmE0NjgwMGUwYThiNGVhOCZzaWQ9Y2VkNzJhODI4NWIwYWVlYWRmZjNmNzgyMDJiZDU0OGMmY2g9MTAwMDAmdj0xLjAuMC4wMCZwdD1oNSZkdj0xMTAwMDAwMjAxMjAmZGV2aWNldG9rZW49YjQyNTBhODBhZDY2M2Q0Y2IwOWMxY2QxYzdmZmRiZmIwZWE4ODA4NmUzN2IyZmNjNTk0ZWY0NWM5ODBlMzFhNw==&type=1
request_method:POST
cookie
client_ip:192.168.1.17
error_no:651
error_msg:赞操作失败
=====================2017-04-13 16:48:06===========================
service_cost:97.595
time:13/Apr/2017:16:48:06 +0800
entrance_type:Mozilla/5.0 (Windows NT 10.0; WOW64) AppleWebKit/537.36 (KHTML, like Gecko) Chrome/57.0.2987.110 Safari/537.36
ourl://sport/up/58eca466421aa9043f2bb082?UD=dWlkPTU4N2YzMTc2MmE0NjgwMGUwYThiNGVhOCZzaWQ9Y2VkNzJhODI4NWIwYWVlYWRmZjNmNzgyMDJiZDU0OGMmY2g9MTAwMDAmdj0xLjAuMC4wMCZwdD1oNSZkdj0xMTAwMDAwMjAxMjAmZGV2aWNldG9rZW49YjQyNTBhODBhZDY2M2Q0Y2IwOWMxY2QxYzdmZmRiZmIwZWE4ODA4NmUzN2IyZmNjNTk0ZWY0NWM5ODBlMzFhNw==&type=1
request_method:DELETE
cookie
client_ip:192.168.1.17
error_no:653
error_msg:取消点赞失败
=====================2017-04-13 16:48:11===========================
service_cost:358.117
time:13/Apr/2017:16:48:11 +0800
entrance_type:Mozilla/5.0 (Windows NT 10.0; WOW64) AppleWebKit/537.36 (KHTML, like Gecko) Chrome/57.0.2987.110 Safari/537.36
ourl://sport/up/58eca466421aa9043f2bb082?UD=dWlkPTU4N2YzMTc2MmE0NjgwMGUwYThiNGVhOCZzaWQ9Y2VkNzJhODI4NWIwYWVlYWRmZjNmNzgyMDJiZDU0OGMmY2g9MTAwMDAmdj0xLjAuMC4wMCZwdD1oNSZkdj0xMTAwMDAwMjAxMjAmZGV2aWNldG9rZW49YjQyNTBhODBhZDY2M2Q0Y2IwOWMxY2QxYzdmZmRiZmIwZWE4ODA4NmUzN2IyZmNjNTk0ZWY0NWM5ODBlMzFhNw==&type=1
request_method:DELETE
cookie
client_ip:192.168.1.17
error_no:653
error_msg:取消点赞失败
=====================2017-04-13 16:48:16===========================
service_cost:189.656
time:13/Apr/2017:16:48:16 +0800
entrance_type:Mozilla/5.0 (Windows NT 10.0; WOW64) AppleWebKit/537.36 (KHTML, like Gecko) Chrome/57.0.2987.110 Safari/537.36
ourl://sport/share?UD=dWlkPTU4N2YzMTc2MmE0NjgwMGUwYThiNGVhOCZzaWQ9Y2VkNzJhODI4NWIwYWVlYWRmZjNmNzgyMDJiZDU0OGMmY2g9MTAwMDAmdj0xLjAuMC4wMCZwdD1oNSZkdj0xMTAwMDAwMjAxMjAmZGV2aWNldG9rZW49YjQyNTBhODBhZDY2M2Q0Y2IwOWMxY2QxYzdmZmRiZmIwZWE4ODA4NmUzN2IyZmNjNTk0ZWY0NWM5ODBlMzFhNw==&type=1
request_method:GET
cookie
client_ip:192.168.1.17
error_no
error_msg:success
=====================2017-04-13 16:48:23===========================
service_cost:34.815
time:13/Apr/2017:16:48:23 +0800
entrance_type:Mozilla/5.0 (Windows NT 10.0; WOW64) AppleWebKit/537.36 (KHTML, like Gecko) Chrome/57.0.2987.110 Safari/537.36
ourl://sport/up/58eca466421aa9043f2bb082?UD=dWlkPTU4N2YzMTc2MmE0NjgwMGUwYThiNGVhOCZzaWQ9Y2VkNzJhODI4NWIwYWVlYWRmZjNmNzgyMDJiZDU0OGMmY2g9MTAwMDAmdj0xLjAuMC4wMCZwdD1oNSZkdj0xMTAwMDAwMjAxMjAmZGV2aWNldG9rZW49YjQyNTBhODBhZDY2M2Q0Y2IwOWMxY2QxYzdmZmRiZmIwZWE4ODA4NmUzN2IyZmNjNTk0ZWY0NWM5ODBlMzFhNw==&type=1
request_method:DELETE
cookie
client_ip:192.168.1.17
error_no:653
error_msg:取消点赞失败
=====================2017-04-13 16:48:50===========================
service_cost:-975.828
time:13/Apr/2017:16:48:50 +0800
entrance_type:Mozilla/5.0 (Windows NT 10.0; WOW64) AppleWebKit/537.36 (KHTML, like Gecko) Chrome/57.0.2987.110 Safari/537.36
ourl:/sport/upuserlist/58eca466421aa9043f2bb082?UD=dWlkPTU4N2YzMTc2MmE0NjgwMGUwYThiNGVhOCZzaWQ9Y2VkNzJhODI4NWIwYWVlYWRmZjNmNzgyMDJiZDU0OGMmY2g9MTAwMDAmdj0xLjAuMC4wMCZwdD1oNSZkdj0xMTAwMDAwMjAxMjAmZGV2aWNldG9rZW49YjQyNTBhODBhZDY2M2Q0Y2IwOWMxY2QxYzdmZmRiZmIwZWE4ODA4NmUzN2IyZmNjNTk0ZWY0NWM5ODBlMzFhNw==&type=1
request_method:GET
cookie
client_ip:192.168.1.17
error_no
error_msg:success
=====================2017-04-13 16:50:54===========================
service_cost:46.704
time:13/Apr/2017:16:50:54 +0800
entrance_type:Mozilla/5.0 (Windows NT 10.0; WOW64) AppleWebKit/537.36 (KHTML, like Gecko) Chrome/57.0.2987.110 Safari/537.36
ourl://sport/share?UD=dWlkPTU4N2YzMTc2MmE0NjgwMGUwYThiNGVhOCZzaWQ9Y2VkNzJhODI4NWIwYWVlYWRmZjNmNzgyMDJiZDU0OGMmY2g9MTAwMDAmdj0xLjAuMC4wMCZwdD1oNSZkdj0xMTAwMDAwMjAxMjAmZGV2aWNldG9rZW49YjQyNTBhODBhZDY2M2Q0Y2IwOWMxY2QxYzdmZmRiZmIwZWE4ODA4NmUzN2IyZmNjNTk0ZWY0NWM5ODBlMzFhNw==&type=1
request_method:GET
cookie
client_ip:192.168.1.17
error_no
error_msg:success
=====================2017-04-13 16:51:03===========================
service_cost:118.207
time:13/Apr/2017:16:51:03 +0800
entrance_type:Mozilla/5.0 (Windows NT 10.0; WOW64) AppleWebKit/537.36 (KHTML, like Gecko) Chrome/57.0.2987.110 Safari/537.36
ourl://sport/share?UD=dWlkPTU4N2YzMTc2MmE0NjgwMGUwYThiNGVhOCZzaWQ9Y2VkNzJhODI4NWIwYWVlYWRmZjNmNzgyMDJiZDU0OGMmY2g9MTAwMDAmdj0xLjAuMC4wMCZwdD1oNSZkdj0xMTAwMDAwMjAxMjAmZGV2aWNldG9rZW49YjQyNTBhODBhZDY2M2Q0Y2IwOWMxY2QxYzdmZmRiZmIwZWE4ODA4NmUzN2IyZmNjNTk0ZWY0NWM5ODBlMzFhNw==&type=1
request_method:GET
cookie
client_ip:192.168.1.17
error_no
error_msg:success
=====================2017-04-13 16:51:06===========================
service_cost:74.792
time:13/Apr/2017:16:51:06 +0800
entrance_type:Mozilla/5.0 (Windows NT 10.0; WOW64) AppleWebKit/537.36 (KHTML, like Gecko) Chrome/57.0.2987.110 Safari/537.36
ourl://sport/up/58eca466421aa9043f2bb082?UD=dWlkPTU4N2YzMTc2MmE0NjgwMGUwYThiNGVhOCZzaWQ9Y2VkNzJhODI4NWIwYWVlYWRmZjNmNzgyMDJiZDU0OGMmY2g9MTAwMDAmdj0xLjAuMC4wMCZwdD1oNSZkdj0xMTAwMDAwMjAxMjAmZGV2aWNldG9rZW49YjQyNTBhODBhZDY2M2Q0Y2IwOWMxY2QxYzdmZmRiZmIwZWE4ODA4NmUzN2IyZmNjNTk0ZWY0NWM5ODBlMzFhNw==&type=1
request_method:POST
cookie
client_ip:192.168.1.17
error_no:651
error_msg:赞操作失败
=====================2017-04-13 16:51:12===========================
service_cost:50.229
time:13/Apr/2017:16:51:12 +0800
entrance_type:Mozilla/5.0 (Windows NT 10.0; WOW64) AppleWebKit/537.36 (KHTML, like Gecko) Chrome/57.0.2987.110 Safari/537.36
ourl://sport/up/58eca466421aa9043f2bb082?UD=dWlkPTU4N2YzMTc2MmE0NjgwMGUwYThiNGVhOCZzaWQ9Y2VkNzJhODI4NWIwYWVlYWRmZjNmNzgyMDJiZDU0OGMmY2g9MTAwMDAmdj0xLjAuMC4wMCZwdD1oNSZkdj0xMTAwMDAwMjAxMjAmZGV2aWNldG9rZW49YjQyNTBhODBhZDY2M2Q0Y2IwOWMxY2QxYzdmZmRiZmIwZWE4ODA4NmUzN2IyZmNjNTk0ZWY0NWM5ODBlMzFhNw==&type=1
request_method:DELETE
cookie
client_ip:192.168.1.17
error_no:653
error_msg:取消点赞失败
=====================2017-04-13 16:51:13===========================
service_cost:31.596
time:13/Apr/2017:16:51:13 +0800
entrance_type:Mozilla/5.0 (Windows NT 10.0; WOW64) AppleWebKit/537.36 (KHTML, like Gecko) Chrome/57.0.2987.110 Safari/537.36
ourl://sport/up/58eca466421aa9043f2bb082?UD=dWlkPTU4N2YzMTc2MmE0NjgwMGUwYThiNGVhOCZzaWQ9Y2VkNzJhODI4NWIwYWVlYWRmZjNmNzgyMDJiZDU0OGMmY2g9MTAwMDAmdj0xLjAuMC4wMCZwdD1oNSZkdj0xMTAwMDAwMjAxMjAmZGV2aWNldG9rZW49YjQyNTBhODBhZDY2M2Q0Y2IwOWMxY2QxYzdmZmRiZmIwZWE4ODA4NmUzN2IyZmNjNTk0ZWY0NWM5ODBlMzFhNw==&type=1
request_method:DELETE
cookie
client_ip:192.168.1.17
error_no:653
error_msg:取消点赞失败
=====================2017-04-13 16:53:00===========================
service_cost:250.365
time:13/Apr/2017:16:53:00 +0800
entrance_type:Mozilla/5.0 (Windows NT 10.0; WOW64) AppleWebKit/537.36 (KHTML, like Gecko) Chrome/57.0.2987.110 Safari/537.36
ourl://sport/up/58eca466421aa9043f2bb082?UD=dWlkPTU4N2YzMTc2MmE0NjgwMGUwYThiNGVhOCZzaWQ9Y2VkNzJhODI4NWIwYWVlYWRmZjNmNzgyMDJiZDU0OGMmY2g9MTAwMDAmdj0xLjAuMC4wMCZwdD1oNSZkdj0xMTAwMDAwMjAxMjAmZGV2aWNldG9rZW49YjQyNTBhODBhZDY2M2Q0Y2IwOWMxY2QxYzdmZmRiZmIwZWE4ODA4NmUzN2IyZmNjNTk0ZWY0NWM5ODBlMzFhNw==&type=1
request_method:DELETE
cookie
client_ip:192.168.1.17
error_no
error_msg:success
=====================2017-04-13 16:53:02===========================
service_cost:26.228
time:13/Apr/2017:16:53:02 +0800
entrance_type:Mozilla/5.0 (Windows NT 10.0; WOW64) AppleWebKit/537.36 (KHTML, like Gecko) Chrome/57.0.2987.110 Safari/537.36
ourl://sport/up/58eca466421aa9043f2bb082?UD=dWlkPTU4N2YzMTc2MmE0NjgwMGUwYThiNGVhOCZzaWQ9Y2VkNzJhODI4NWIwYWVlYWRmZjNmNzgyMDJiZDU0OGMmY2g9MTAwMDAmdj0xLjAuMC4wMCZwdD1oNSZkdj0xMTAwMDAwMjAxMjAmZGV2aWNldG9rZW49YjQyNTBhODBhZDY2M2Q0Y2IwOWMxY2QxYzdmZmRiZmIwZWE4ODA4NmUzN2IyZmNjNTk0ZWY0NWM5ODBlMzFhNw==&type=1
request_method:DELETE
cookie
client_ip:192.168.1.17
error_no:653
error_msg:取消点赞失败
=====================2017-04-13 16:53:05===========================
service_cost:51.221
time:13/Apr/2017:16:53:05 +0800
entrance_type:Mozilla/5.0 (Windows NT 10.0; WOW64) AppleWebKit/537.36 (KHTML, like Gecko) Chrome/57.0.2987.110 Safari/537.36
ourl://sport/share?UD=dWlkPTU4N2YzMTc2MmE0NjgwMGUwYThiNGVhOCZzaWQ9Y2VkNzJhODI4NWIwYWVlYWRmZjNmNzgyMDJiZDU0OGMmY2g9MTAwMDAmdj0xLjAuMC4wMCZwdD1oNSZkdj0xMTAwMDAwMjAxMjAmZGV2aWNldG9rZW49YjQyNTBhODBhZDY2M2Q0Y2IwOWMxY2QxYzdmZmRiZmIwZWE4ODA4NmUzN2IyZmNjNTk0ZWY0NWM5ODBlMzFhNw==&type=1
request_method:GET
cookie
client_ip:192.168.1.17
error_no
error_msg:success
=====================2017-04-13 16:53:12===========================
service_cost:47.637
time:13/Apr/2017:16:53:12 +0800
entrance_type:Mozilla/5.0 (Windows NT 10.0; WOW64) AppleWebKit/537.36 (KHTML, like Gecko) Chrome/57.0.2987.110 Safari/537.36
ourl://sport/up/58eca466421aa9043f2bb082?UD=dWlkPTU4N2YzMTc2MmE0NjgwMGUwYThiNGVhOCZzaWQ9Y2VkNzJhODI4NWIwYWVlYWRmZjNmNzgyMDJiZDU0OGMmY2g9MTAwMDAmdj0xLjAuMC4wMCZwdD1oNSZkdj0xMTAwMDAwMjAxMjAmZGV2aWNldG9rZW49YjQyNTBhODBhZDY2M2Q0Y2IwOWMxY2QxYzdmZmRiZmIwZWE4ODA4NmUzN2IyZmNjNTk0ZWY0NWM5ODBlMzFhNw==&type=1
request_method:POST
cookie
client_ip:192.168.1.17
error_no
error_msg:success
=====================2017-04-13 16:53:14===========================
service_cost:36.358
time:13/Apr/2017:16:53:14 +0800
entrance_type:Mozilla/5.0 (Windows NT 10.0; WOW64) AppleWebKit/537.36 (KHTML, like Gecko) Chrome/57.0.2987.110 Safari/537.36
ourl://sport/up/58eca466421aa9043f2bb082?UD=dWlkPTU4N2YzMTc2MmE0NjgwMGUwYThiNGVhOCZzaWQ9Y2VkNzJhODI4NWIwYWVlYWRmZjNmNzgyMDJiZDU0OGMmY2g9MTAwMDAmdj0xLjAuMC4wMCZwdD1oNSZkdj0xMTAwMDAwMjAxMjAmZGV2aWNldG9rZW49YjQyNTBhODBhZDY2M2Q0Y2IwOWMxY2QxYzdmZmRiZmIwZWE4ODA4NmUzN2IyZmNjNTk0ZWY0NWM5ODBlMzFhNw==&type=1
request_method:POST
cookie
client_ip:192.168.1.17
error_no:651
error_msg:赞操作失败
=====================2017-04-13 16:53:16===========================
service_cost:48.611
time:13/Apr/2017:16:53:16 +0800
entrance_type:Mozilla/5.0 (Windows NT 10.0; WOW64) AppleWebKit/537.36 (KHTML, like Gecko) Chrome/57.0.2987.110 Safari/537.36
ourl://sport/share?UD=dWlkPTU4N2YzMTc2MmE0NjgwMGUwYThiNGVhOCZzaWQ9Y2VkNzJhODI4NWIwYWVlYWRmZjNmNzgyMDJiZDU0OGMmY2g9MTAwMDAmdj0xLjAuMC4wMCZwdD1oNSZkdj0xMTAwMDAwMjAxMjAmZGV2aWNldG9rZW49YjQyNTBhODBhZDY2M2Q0Y2IwOWMxY2QxYzdmZmRiZmIwZWE4ODA4NmUzN2IyZmNjNTk0ZWY0NWM5ODBlMzFhNw==&type=1
request_method:GET
cookie
client_ip:192.168.1.17
error_no
error_msg:success
=====================2017-04-13 16:53:33===========================
service_cost:21.531
time:13/Apr/2017:16:53:33 +0800
entrance_type:Mozilla/5.0 (Windows NT 10.0; WOW64) AppleWebKit/537.36 (KHTML, like Gecko) Chrome/57.0.2987.110 Safari/537.36
ourl:/sport/upuserlist/58eca466421aa9043f2bb082?UD=dWlkPTU4N2YzMTc2MmE0NjgwMGUwYThiNGVhOCZzaWQ9Y2VkNzJhODI4NWIwYWVlYWRmZjNmNzgyMDJiZDU0OGMmY2g9MTAwMDAmdj0xLjAuMC4wMCZwdD1oNSZkdj0xMTAwMDAwMjAxMjAmZGV2aWNldG9rZW49YjQyNTBhODBhZDY2M2Q0Y2IwOWMxY2QxYzdmZmRiZmIwZWE4ODA4NmUzN2IyZmNjNTk0ZWY0NWM5ODBlMzFhNw==&type=1
request_method:GET
cookie
client_ip:192.168.1.17
error_no
error_msg:success
=====================2017-04-13 16:54:17===========================
service_cost:53.515
time:13/Apr/2017:16:54:17 +0800
entrance_type:Mozilla/5.0 (Windows NT 10.0; WOW64) AppleWebKit/537.36 (KHTML, like Gecko) Chrome/57.0.2987.110 Safari/537.36
ourl:/rank/rankinfo?UD=dWlkPTU4YTEwYzJkZDc5ZTRmYzhmODNmNmNmMSZzaWQ9M2M1NTAxZjU5MzBmZDFmNzc1NGRkM2E3NzEyNzQ3MWQmY2g9MTAwMDAmdj0xLjAuMC4wMCZwdD13eCZkdj0xMTAwMDAwMjAxMjAmZGV2aWNldG9rZW49NTc1YjQ3YTgzNTYyOGZmOTk5MWRkNzI1ODZmNzlkMWIwZDdlNWZiZTkxZTQ0NGE5ZDcyNDJkM2Y4NDEzMGI1Yg==
request_method:GET
cookie
client_ip:192.168.1.17
error_no
error_msg:success
=====================2017-04-13 16:55:39===========================
service_cost:125.48
time:13/Apr/2017:16:55:39 +0800
entrance_type:Mozilla/5.0 (Windows NT 10.0; WOW64) AppleWebKit/537.36 (KHTML, like Gecko) Chrome/57.0.2987.110 Safari/537.36
ourl:/rank/rankinfo?UD=dWlkPTU4YTEwYzJkZDc5ZTRmYzhmODNmNmNmMSZzaWQ9M2M1NTAxZjU5MzBmZDFmNzc1NGRkM2E3NzEyNzQ3MWQmY2g9MTAwMDAmdj0xLjAuMC4wMCZwdD13eCZkdj0xMTAwMDAwMjAxMjAmZGV2aWNldG9rZW49NTc1YjQ3YTgzNTYyOGZmOTk5MWRkNzI1ODZmNzlkMWIwZDdlNWZiZTkxZTQ0NGE5ZDcyNDJkM2Y4NDEzMGI1Yg==
request_method:GET
cookie
client_ip:192.168.1.17
error_no
error_msg:success
=====================2017-04-13 17:30:11===========================
service_cost:45.301
time:13/Apr/2017:17:30:11 +0800
entrance_type:Mozilla/5.0 (Windows NT 10.0; WOW64) AppleWebKit/537.36 (KHTML, like Gecko) Chrome/57.0.2987.110 Safari/537.36
ourl:/rank/rankinfo?UD=dWlkPTU4YTEwYzJkZDc5ZTRmYzhmODNmNmNmMSZzaWQ9M2M1NTAxZjU5MzBmZDFmNzc1NGRkM2E3NzEyNzQ3MWQmY2g9MTAwMDAmdj0xLjAuMC4wMCZwdD13eCZkdj0xMTAwMDAwMjAxMjAmZGV2aWNldG9rZW49NTc1YjQ3YTgzNTYyOGZmOTk5MWRkNzI1ODZmNzlkMWIwZDdlNWZiZTkxZTQ0NGE5ZDcyNDJkM2Y4NDEzMGI1Yg==
request_method:GET
cookie
client_ip:192.168.1.17
error_no:-1
error_msg:Expected "sort" option to be array or object, null given
=====================2017-04-13 17:44:26===========================
service_cost:53.26
time:13/Apr/2017:17:44:26 +0800
entrance_type:Mozilla/5.0 (Windows NT 10.0; WOW64) AppleWebKit/537.36 (KHTML, like Gecko) Chrome/57.0.2987.110 Safari/537.36
ourl://sport/share?UD=dWlkPTU4N2YzMTc2MmE0NjgwMGUwYThiNGVhOCZzaWQ9Y2VkNzJhODI4NWIwYWVlYWRmZjNmNzgyMDJiZDU0OGMmY2g9MTAwMDAmdj0xLjAuMC4wMCZwdD1oNSZkdj0xMTAwMDAwMjAxMjAmZGV2aWNldG9rZW49YjQyNTBhODBhZDY2M2Q0Y2IwOWMxY2QxYzdmZmRiZmIwZWE4ODA4NmUzN2IyZmNjNTk0ZWY0NWM5ODBlMzFhNw==&type=1
request_method:GET
cookie
client_ip:192.168.1.17
error_no
error_msg:success
=====================2017-04-13 17:44:46===========================
service_cost:48.496
time:13/Apr/2017:17:44:46 +0800
entrance_type:Mozilla/5.0 (Windows NT 10.0; WOW64) AppleWebKit/537.36 (KHTML, like Gecko) Chrome/57.0.2987.110 Safari/537.36
ourl://sport/share?UD=dWlkPTU4N2YzMTc2MmE0NjgwMGUwYThiNGVhOCZzaWQ9Y2VkNzJhODI4NWIwYWVlYWRmZjNmNzgyMDJiZDU0OGMmY2g9MTAwMDAmdj0xLjAuMC4wMCZwdD1oNSZkdj0xMTAwMDAwMjAxMjAmZGV2aWNldG9rZW49YjQyNTBhODBhZDY2M2Q0Y2IwOWMxY2QxYzdmZmRiZmIwZWE4ODA4NmUzN2IyZmNjNTk0ZWY0NWM5ODBlMzFhNw==&type=2
request_method:GET
cookie
client_ip:192.168.1.17
error_no
error_msg:success
=====================2017-04-13 17:52:03===========================
service_cost:101.754
time:13/Apr/2017:17:52:03 +0800
entrance_type:Mozilla/5.0 (Windows NT 10.0; WOW64) AppleWebKit/537.36 (KHTML, like Gecko) Chrome/57.0.2987.110 Safari/537.36
ourl://sport/share?UD=dWlkPTU4N2YzMTc2MmE0NjgwMGUwYThiNGVhOCZzaWQ9Y2VkNzJhODI4NWIwYWVlYWRmZjNmNzgyMDJiZDU0OGMmY2g9MTAwMDAmdj0xLjAuMC4wMCZwdD1oNSZkdj0xMTAwMDAwMjAxMjAmZGV2aWNldG9rZW49YjQyNTBhODBhZDY2M2Q0Y2IwOWMxY2QxYzdmZmRiZmIwZWE4ODA4NmUzN2IyZmNjNTk0ZWY0NWM5ODBlMzFhNw==&type=2
request_method:GET
cookie
client_ip:192.168.1.17
error_no
error_msg:success
=====================2017-04-13 17:59:43===========================
service_cost:59.018
time:13/Apr/2017:17:59:43 +0800
entrance_type:Mozilla/5.0 (Windows NT 10.0; WOW64) AppleWebKit/537.36 (KHTML, like Gecko) Chrome/57.0.2987.110 Safari/537.36
ourl:/rank/rankinfo?UD=dWlkPTU4YTEwYzJkZDc5ZTRmYzhmODNmNmNmMSZzaWQ9M2M1NTAxZjU5MzBmZDFmNzc1NGRkM2E3NzEyNzQ3MWQmY2g9MTAwMDAmdj0xLjAuMC4wMCZwdD13eCZkdj0xMTAwMDAwMjAxMjAmZGV2aWNldG9rZW49NTc1YjQ3YTgzNTYyOGZmOTk5MWRkNzI1ODZmNzlkMWIwZDdlNWZiZTkxZTQ0NGE5ZDcyNDJkM2Y4NDEzMGI1Yg==
request_method:GET
cookie
client_ip:192.168.1.17
error_no
error_msg:success
