=====================2017-04-04 05:21:35===========================
service_cost:2.482
time:04/Apr/2017:05:21:35 +0000
entrance_type:Mozilla/5.0 (Windows NT 10.0; Win64; x64) AppleWebKit/537.36 (KHTML, like Gecko) Chrome/57.0.2987.133 Safari/537.36
ourl:/user/login?UD=dWlkPTU4YTEwYzJkZDc5ZTRmYzhmODNmNmNmMSZzaWQ9QVNEQVNERkFTRFNBRCZjaD0xMDAwMCZ2PTEuMC4wLjAwJnB0PWg1JmR2PTExMDAwMDAyMDEyMCZkZXZpY2V0b2tlbj1zZnNmc2ZzZmR2dmdlZQ==
request_method:PUT
cookie
client_ip:223.20.167.244
error_no:410
error_msg:请登录
=====================2017-04-04 05:21:37===========================
service_cost:2.312
time:04/Apr/2017:05:21:37 +0000
entrance_type:Mozilla/5.0 (Windows NT 10.0; Win64; x64) AppleWebKit/537.36 (KHTML, like Gecko) Chrome/57.0.2987.133 Safari/537.36
ourl:/user/login?UD=dWlkPTU4YTEwYzJkZDc5ZTRmYzhmODNmNmNmMSZzaWQ9QVNEQVNERkFTRFNBRCZjaD0xMDAwMCZ2PTEuMC4wLjAwJnB0PWg1JmR2PTExMDAwMDAyMDEyMCZkZXZpY2V0b2tlbj1zZnNmc2ZzZmR2dmdlZQ==
request_method:PUT
cookie
client_ip:223.20.167.244
error_no:410
error_msg:请登录
=====================2017-04-04 08:02:53===========================
service_cost:2.7579999999999
time:04/Apr/2017:08:02:53 +0000
entrance_type:Mozilla/5.0 (Windows NT 10.0; Win64; x64) AppleWebKit/537.36 (KHTML, like Gecko) Chrome/57.0.2987.133 Safari/537.36
ourl:/user/login?UD=dWlkPTU4YTEwYzJkZDc5ZTRmYzhmODNmNmNmMSZzaWQ9QVNEQVNERkFTRFNBRCZjaD0xMDAwMCZ2PTEuMC4wLjAwJnB0PWg1JmR2PTExMDAwMDAyMDEyMCZkZXZpY2V0b2tlbj1zZnNmc2ZzZmR2dmdlZQ==
request_method:PUT
cookie
client_ip:223.20.167.244
error_no:410
error_msg:请登录
=====================2017-04-04 08:02:59===========================
service_cost:0.19499999999995
time:04/Apr/2017:08:02:59 +0000
entrance_type:Mozilla/5.0 (Windows NT 10.0; Win64; x64) AppleWebKit/537.36 (KHTML, like Gecko) Chrome/57.0.2987.133 Safari/537.36
ourl:/user/login
request_method:PUT
cookie
client_ip:223.20.167.244
error_no:410
error_msg:请登录
=====================2017-04-04 08:03:03===========================
service_cost:0.19599999999997
time:04/Apr/2017:08:03:03 +0000
entrance_type:Mozilla/5.0 (Windows NT 10.0; Win64; x64) AppleWebKit/537.36 (KHTML, like Gecko) Chrome/57.0.2987.133 Safari/537.36
ourl:/user/login
request_method:PUT
cookie
client_ip:223.20.167.244
error_no:410
error_msg:请登录
=====================2017-04-04 08:03:04===========================
service_cost:0.20799999999999
time:04/Apr/2017:08:03:04 +0000
entrance_type:Mozilla/5.0 (Windows NT 10.0; Win64; x64) AppleWebKit/537.36 (KHTML, like Gecko) Chrome/57.0.2987.133 Safari/537.36
ourl:/user/login
request_method:PUT
cookie
client_ip:223.20.167.244
error_no:410
error_msg:请登录
